2017/12/19 06:43:25.005 printer.go:33: [info] Welcome to TiDB.
2017/12/19 06:43:25.005 printer.go:34: [info] Release Version: v1.1.0-alpha-290-g7995346
2017/12/19 06:43:25.005 printer.go:35: [info] Git Commit Hash: 7995346d8d54afd4d85ac3c9f6a3594c0bc7dbbd
2017/12/19 06:43:25.005 printer.go:36: [info] Git Branch: master
2017/12/19 06:43:25.005 printer.go:37: [info] UTC Build Time:  2017-12-18 03:25:13
2017/12/19 06:43:25.005 tidb.go:265: [info] new store
2017/12/19 06:43:25.005 client.go:114: [info] [pd] create pd client with endpoints [10.0.0.8:2379 10.0.0.9:2479 10.0.0.10:2579]
2017/12/19 06:43:25.012 client.go:212: [info] [pd] leader switches to: http://10.0.0.8:2379, previous: 
2017/12/19 06:43:25.012 client.go:133: [info] [pd] init cluster id 6501145025206059015
2017/12/19 06:43:25.021 tidb.go:63: [info] store tikv-6501145025206059015 new domain, ddl lease 100ms, stats lease 3000000000
2017/12/19 06:43:25.021 ddl.go:284: [info] [ddl] start delRangeManager OK, with emulator: false
2017/12/19 06:43:25.024 ddl.go:291: [info] [ddl] start DDL:5f16a39b-f07e-48e3-9ee6-a2ac86940967
2017/12/19 06:43:25.045 domain.go:114: [info] [ddl] full load InfoSchema from version 0 to 13, in 11.019221ms
2017/12/19 06:43:25.048 domain.go:306: [info] [ddl] full load and reset schema validator.
2017/12/19 06:43:25.053 session.go:1319: [info] [CRUCIAL OPERATION] CREATE DATABASE IF NOT EXISTS test (by <nil>).
2017/12/19 06:43:25.054 session.go:1319: [info] [CRUCIAL OPERATION] CREATE DATABASE IF NOT EXISTS mysql; (by <nil>).
2017/12/19 06:43:25.055 session.go:1319: [info] [CRUCIAL OPERATION] CREATE TABLE if not exists mysql.user (
		Host				CHAR(64),
		User				CHAR(16),
		Password			CHAR(41),
		Select_priv			ENUM('N','Y') NOT NULL DEFAULT 'N',
		Insert_priv			ENUM('N','Y') NOT NULL DEFAULT 'N',
		Update_priv			ENUM('N','Y') NOT NULL DEFAULT 'N',
		Delete_priv			ENUM('N','Y') NOT NULL DEFAULT 'N',
		Create_priv			ENUM('N','Y') NOT NULL DEFAULT 'N',
		Drop_priv			ENUM('N','Y') NOT NULL DEFAULT 'N',
		Process_priv			ENUM('N','Y') NOT NULL DEFAULT 'N',
		Grant_priv			ENUM('N','Y') NOT NULL DEFAULT 'N',
		References_priv			ENUM('N','Y') NOT NULL DEFAULT 'N',
		Alter_priv			ENUM('N','Y') NOT NULL DEFAULT 'N',
		Show_db_priv			ENUM('N','Y') NOT NULL DEFAULT 'N',
		Super_priv			ENUM('N','Y') NOT NULL DEFAULT 'N',
		Create_tmp_table_priv		ENUM('N','Y') NOT NULL DEFAULT 'N',
		Lock_tables_priv		ENUM('N','Y') NOT NULL DEFAULT 'N',
		Execute_priv			ENUM('N','Y') NOT NULL DEFAULT 'N',
		Create_view_priv		ENUM('N','Y') NOT NULL DEFAULT 'N',
		Show_view_priv			ENUM('N','Y') NOT NULL DEFAULT 'N',
		Create_routine_priv		ENUM('N','Y') NOT NULL DEFAULT 'N',
		Alter_routine_priv		ENUM('N','Y') NOT NULL DEFAULT 'N',
		Index_priv			ENUM('N','Y') NOT NULL DEFAULT 'N',
		Create_user_priv		ENUM('N','Y') NOT NULL DEFAULT 'N',
		Event_priv			ENUM('N','Y') NOT NULL DEFAULT 'N',
		Trigger_priv			ENUM('N','Y') NOT NULL DEFAULT 'N',
		PRIMARY KEY (Host, User)); (by <nil>).
2017/12/19 06:43:25.056 session.go:1319: [info] [CRUCIAL OPERATION] CREATE TABLE if not exists mysql.db (
		Host			CHAR(60),
		DB			CHAR(64),
		User			CHAR(16),
		Select_priv		ENUM('N','Y') Not Null DEFAULT 'N',
		Insert_priv		ENUM('N','Y') Not Null DEFAULT 'N',
		Update_priv		ENUM('N','Y') Not Null DEFAULT 'N',
		Delete_priv		ENUM('N','Y') Not Null DEFAULT 'N',
		Create_priv		ENUM('N','Y') Not Null DEFAULT 'N',
		Drop_priv		ENUM('N','Y') Not Null DEFAULT 'N',
		Grant_priv		ENUM('N','Y') Not Null DEFAULT 'N',
		References_priv 	ENUM('N','Y') Not Null DEFAULT 'N',
		Index_priv		ENUM('N','Y') Not Null DEFAULT 'N',
		Alter_priv		ENUM('N','Y') Not Null DEFAULT 'N',
		Create_tmp_table_priv	ENUM('N','Y') NOT NULL DEFAULT 'N',
		Lock_tables_priv	ENUM('N','Y') NOT NULL DEFAULT 'N',
		Create_view_priv	ENUM('N','Y') NOT NULL DEFAULT 'N',
		Show_view_priv		ENUM('N','Y') NOT NULL DEFAULT 'N',
		Create_routine_priv	ENUM('N','Y') NOT NULL DEFAULT 'N',
		Alter_routine_priv	ENUM('N','Y') NOT NULL DEFAULT 'N',
		Execute_priv		ENUM('N','Y') Not Null DEFAULT 'N',
		Event_priv		ENUM('N','Y') NOT NULL DEFAULT 'N',
		Trigger_priv		ENUM('N','Y') NOT NULL DEFAULT 'N',
		PRIMARY KEY (Host, DB, User)); (by <nil>).
2017/12/19 06:43:25.057 session.go:1319: [info] [CRUCIAL OPERATION] CREATE TABLE if not exists mysql.tables_priv (
		Host		CHAR(60),
		DB			CHAR(64),
		User		CHAR(16),
		Table_name	CHAR(64),
		Grantor		CHAR(77),
		Timestamp	Timestamp DEFAULT CURRENT_TIMESTAMP,
		Table_priv	SET('Select','Insert','Update','Delete','Create','Drop','Grant', 'Index','Alter'),
		Column_priv	SET('Select','Insert','Update'),
		PRIMARY KEY (Host, DB, User, Table_name)); (by <nil>).
2017/12/19 06:43:25.057 session.go:1319: [info] [CRUCIAL OPERATION] CREATE TABLE if not exists mysql.columns_priv(
		Host		CHAR(60),
		DB			CHAR(64),
		User		CHAR(16),
		Table_name	CHAR(64),
		Column_name	CHAR(64),
		Timestamp	Timestamp DEFAULT CURRENT_TIMESTAMP,
		Column_priv	SET('Select','Insert','Update'),
		PRIMARY KEY (Host, DB, User, Table_name, Column_name)); (by <nil>).
2017/12/19 06:43:25.058 session.go:1319: [info] [CRUCIAL OPERATION] CREATE TABLE if not exists mysql.GLOBAL_VARIABLES(
		VARIABLE_NAME  VARCHAR(64) Not Null PRIMARY KEY,
		VARIABLE_VALUE VARCHAR(1024) DEFAULT Null); (by <nil>).
2017/12/19 06:43:25.059 session.go:1319: [info] [CRUCIAL OPERATION] CREATE TABLE if not exists mysql.tidb(
		VARIABLE_NAME  VARCHAR(64) Not Null PRIMARY KEY,
		VARIABLE_VALUE VARCHAR(1024) DEFAULT Null,
		COMMENT VARCHAR(1024)); (by <nil>).
2017/12/19 06:43:25.060 session.go:1319: [info] [CRUCIAL OPERATION] CREATE TABLE if not exists mysql.help_topic (
  		help_topic_id int(10) unsigned NOT NULL,
  		name char(64) NOT NULL,
  		help_category_id smallint(5) unsigned NOT NULL,
  		description text NOT NULL,
  		example text NOT NULL,
  		url text NOT NULL,
  		PRIMARY KEY (help_topic_id),
  		UNIQUE KEY name (name)
		) ENGINE=InnoDB DEFAULT CHARSET=utf8 STATS_PERSISTENT=0 COMMENT='help topics'; (by <nil>).
2017/12/19 06:43:25.061 session.go:1319: [info] [CRUCIAL OPERATION] CREATE TABLE if not exists mysql.stats_meta (
		version bigint(64) unsigned NOT NULL,
		table_id bigint(64) NOT NULL,
		modify_count bigint(64) NOT NULL DEFAULT 0,
		count bigint(64) unsigned NOT NULL DEFAULT 0,
		index idx_ver(version),
		unique index tbl(table_id)
	); (by <nil>).
2017/12/19 06:43:25.062 session.go:1319: [info] [CRUCIAL OPERATION] CREATE TABLE if not exists mysql.stats_histograms (
		table_id bigint(64) NOT NULL,
		is_index tinyint(2) NOT NULL,
		hist_id bigint(64) NOT NULL,
		distinct_count bigint(64) NOT NULL,
		null_count bigint(64) NOT NULL DEFAULT 0,
		modify_count bigint(64) NOT NULL DEFAULT 0,
		version bigint(64) unsigned NOT NULL DEFAULT 0,
		cm_sketch blob,
		unique index tbl(table_id, is_index, hist_id)
	); (by <nil>).
2017/12/19 06:43:25.063 session.go:1319: [info] [CRUCIAL OPERATION] CREATE TABLE if not exists mysql.stats_buckets (
		table_id bigint(64) NOT NULL,
		is_index tinyint(2) NOT NULL,
		hist_id bigint(64) NOT NULL,
		bucket_id bigint(64) NOT NULL,
		count bigint(64) NOT NULL,
		repeats bigint(64) NOT NULL,
		upper_bound blob NOT NULL,
		lower_bound blob ,
		unique index tbl(table_id, is_index, hist_id, bucket_id)
	); (by <nil>).
2017/12/19 06:43:25.064 session.go:1319: [info] [CRUCIAL OPERATION] CREATE TABLE IF NOT EXISTS mysql.gc_delete_range (
		job_id BIGINT NOT NULL COMMENT "the DDL job ID",
		element_id BIGINT NOT NULL COMMENT "the schema element ID",
		start_key VARCHAR(255) NOT NULL COMMENT "encoded in hex",
		end_key VARCHAR(255) NOT NULL COMMENT "encoded in hex",
		ts BIGINT NOT NULL COMMENT "timestamp in int64",
		UNIQUE KEY (element_id),
		KEY (job_id, element_id)
	); (by <nil>).
2017/12/19 06:43:27.725 session.go:291: [warning] [0] retryable error: [try again later]: tikv restarts txn: Txn(Mvcc(WriteConflict { start_ts: 396798408798765073, conflict_ts: 396798409453862915, key: [116, 128, 0, 0, 0, 0, 0, 0, 255, 5, 95, 105, 128, 0, 0, 0, 0, 255, 0, 0, 1, 1, 37, 0, 0, 0, 255, 0, 0, 0, 0, 248, 1, 114, 111, 255, 111, 116, 0, 0, 0, 0, 251, 0, 254], primary: [116, 128, 0, 0, 0, 0, 0, 0, 5, 95, 105, 128, 0, 0, 0, 0, 0, 0, 1, 1, 37, 0, 0, 0, 0, 0, 0, 0, 248, 1, 114, 111, 111, 116, 0, 0, 0, 0, 251] })), txn: <nil>
2017/12/19 06:43:27.725 session.go:424: [warning] [0] Retry [0] query [0] BEGIN
2017/12/19 06:43:27.725 2pc.go:577: [info] 2PC clean up done, tid: 396798408798765073
2017/12/19 06:43:27.726 session.go:424: [warning] [0] Retry [0] query [1] INSERT INTO mysql.user VALUES
		("%", "root", "", "Y", "Y", "Y", "Y", "Y", "Y", "Y", "Y", "Y", "Y", "Y", "Y", "Y", "Y", "Y", "Y", "Y", "Y", "Y", "Y", "Y", "Y", "Y")
2017/12/19 06:43:27.727 session.go:424: [warning] [0] Retry [0] query [2] INSERT INTO mysql.GLOBAL_VARIABLES VALUES ("tmp_table_size", "16777216"), ("pid_file", "/usr/local/mysql/data/localhost.pid"), ("delayed_insert_timeout", "300"), ("innodb_force_load_corrupted", "OFF"), ("innodb_file_format_check", "ON"), ("large_page_size", "0"), ("ndb_join_pushdown", ""), ("tidb_skip_utf8_check", "0"), ("performance_schema_session_connect_attrs_size", "512"), ("event_scheduler", "OFF"), ("flush", "OFF"), ("sync_relay_log_info", "10000"), ("low_priority_updates", "OFF"), ("innodb_version", "5.6.25"), ("version_compile_machine", "x86_64"), ("lock_wait_timeout", "31536000"), ("rpl_semi_sync_master_wait_for_slave_count", ""), ("tidb_index_lookup_size", "20000"), ("master_info_repository", "FILE"), ("key_cache_block_size", "1024"), ("optimizer_trace_max_mem_size", "16384"), ("query_cache_min_res_unit", "4096"), ("performance_schema_users_size", "100"), ("ndb_eventbuffer_free_percent", ""), ("innodb_random_read_ahead", "OFF"), ("optimizer_trace_offset", "-1"), ("have_crypt", "YES"), ("innodb_rollb(len:18197)
2017/12/19 06:43:27.737 session.go:424: [warning] [0] Retry [0] query [3] INSERT INTO mysql.tidb VALUES("bootstrapped", "True", "Bootstrap flag. Do not delete.")
		ON DUPLICATE KEY UPDATE VARIABLE_VALUE="True"
2017/12/19 06:43:27.740 session.go:424: [warning] [0] Retry [0] query [4] INSERT INTO mysql.tidb VALUES("tidb_server_version", "16", "Bootstrap version. Do not delete.")
2017/12/19 06:43:27.740 session.go:424: [warning] [0] Retry [0] query [5] COMMIT
2017/12/19 06:43:27.756 session.go:446: [warning] [0] session:{
  "currDBName": "mysql",
  "id": 0,
  "status": 2,
  "strictMode": true,
  "user": null
}, err:[kv:1062]Duplicate entry 'innodb_use_native_aio' for key 'PRIMARY'
2017/12/19 06:43:27.756 session.go:301: [warning] [0] finished txn:<nil>, [kv:1062]Duplicate entry 'innodb_use_native_aio' for key 'PRIMARY'
2017/12/19 06:43:28.758 manager.go:238: [info] [ddl] /tidb/ddl/fg/owner ownerManager 5f16a39b-f07e-48e3-9ee6-a2ac86940967, owner is 5f16a39b-f07e-48e3-9ee6-a2ac86940967
2017/12/19 06:43:28.773 manager.go:166: [info] [ddl] /tidb/ddl/fg/owner ownerManager 5f16a39b-f07e-48e3-9ee6-a2ac86940967 etcd session is done, creates a new one
2017/12/19 06:43:28.773 manager.go:170: [info] [ddl] /tidb/ddl/fg/owner ownerManager 5f16a39b-f07e-48e3-9ee6-a2ac86940967 break campaign loop, NewSession err context canceled
2017/12/19 06:43:28.778 delete_range.go:105: [info] [ddl] closing delRange session pool
2017/12/19 06:43:28.778 ddl.go:331: [info] close DDL:5f16a39b-f07e-48e3-9ee6-a2ac86940967
2017/12/19 06:43:28.778 ddl.go:300: [info] stop DDL:5f16a39b-f07e-48e3-9ee6-a2ac86940967
2017/12/19 06:43:28.778 manager.go:214: [info] [ddl] /tidb/ddl/fg/owner ownerManager 5f16a39b-f07e-48e3-9ee6-a2ac86940967 break campaign loop, revoke err <nil>
2017/12/19 06:43:28.778 tidb.go:63: [info] store tikv-6501145025206059015 new domain, ddl lease 10s, stats lease 3000000000
2017/12/19 06:43:28.779 ddl.go:284: [info] [ddl] start delRangeManager OK, with emulator: false
2017/12/19 06:43:28.781 ddl.go:291: [info] [ddl] start DDL:74f12205-9af7-4c6d-bd7e-7058e77f35b1
2017/12/19 06:43:28.805 domain.go:114: [info] [ddl] full load InfoSchema from version 0 to 13, in 13.025526ms
2017/12/19 06:43:28.807 domain.go:306: [info] [ddl] full load and reset schema validator.
2017/12/19 06:43:28.828 gc_worker.go:118: [info] [gc worker] 581b60d267c0007 start.
2017/12/19 06:43:28.846 domain.go:616: [info] [stats] init stats info takes 18.107035ms
2017/12/19 06:43:28.852 simple.go:128: [info] [0] execute rollback statement
2017/12/19 06:43:28.852 txn.go:188: [info] [kv] Rollback txn 396798409781805071
2017/12/19 06:43:28.853 server.go:193: [warning] Secure connection is NOT ENABLED
2017/12/19 06:43:28.853 server.go:161: [info] Server is running MySQL Protocol at [10.0.0.10:4002]
2017/12/19 06:43:28.853 main.go:190: [info] disable Prometheus push client
2017/12/19 06:43:28.853 systime_mon.go:24: [info] start system time monitor
2017/12/19 06:43:28.853 http_status.go:67: [info] Listening on :30080 for status and metrics report.
2017/12/19 06:44:12.612 domain.go:99: [info] [ddl] diff load InfoSchema from version 13 to 14, in 2.677506ms
2017/12/19 06:44:13.633 domain.go:99: [info] [ddl] diff load InfoSchema from version 14 to 15, in 4.328709ms
2017/12/19 06:44:22.159 server.go:119: [info] [1] new connection 10.0.0.11:39738
2017/12/19 06:44:22.172 metrics.go:363: [warning] [EXPENSIVE_QUERY] SELECT id, value FROM storage WHERE id = 'key2'
2017/12/19 06:44:22.213 metrics.go:363: [warning] [EXPENSIVE_QUERY] SELECT id, value FROM storage WHERE id = 'key2'
2017/12/19 06:44:22.216 metrics.go:363: [warning] [EXPENSIVE_QUERY] UPDATE storage SET value = 1 WHERE id = 'key2'
2017/12/19 06:44:22.225 metrics.go:363: [warning] [EXPENSIVE_QUERY] SELECT id, value FROM storage WHERE id = 'key2'
2017/12/19 06:44:22.227 metrics.go:363: [warning] [EXPENSIVE_QUERY] UPDATE storage SET value = 2 WHERE id = 'key2'
2017/12/19 06:44:22.237 metrics.go:363: [warning] [EXPENSIVE_QUERY] SELECT id, value FROM storage WHERE id = 'key2'
2017/12/19 06:44:22.241 metrics.go:363: [warning] [EXPENSIVE_QUERY] UPDATE storage SET value = 3 WHERE id = 'key2'
2017/12/19 06:44:22.251 metrics.go:363: [warning] [EXPENSIVE_QUERY] SELECT id, value FROM storage WHERE id = 'key2'
2017/12/19 06:44:22.253 metrics.go:363: [warning] [EXPENSIVE_QUERY] UPDATE storage SET value = 4 WHERE id = 'key2'
2017/12/19 06:44:22.264 metrics.go:363: [warning] [EXPENSIVE_QUERY] SELECT id, value FROM storage WHERE id = 'key2'
2017/12/19 06:44:22.266 metrics.go:363: [warning] [EXPENSIVE_QUERY] UPDATE storage SET value = 5 WHERE id = 'key2'
2017/12/19 06:44:22.276 metrics.go:363: [warning] [EXPENSIVE_QUERY] SELECT id, value FROM storage WHERE id = 'key2'
2017/12/19 06:44:22.278 metrics.go:363: [warning] [EXPENSIVE_QUERY] UPDATE storage SET value = 6 WHERE id = 'key2'
2017/12/19 06:44:22.287 metrics.go:363: [warning] [EXPENSIVE_QUERY] SELECT id, value FROM storage WHERE id = 'key2'
2017/12/19 06:44:22.289 metrics.go:363: [warning] [EXPENSIVE_QUERY] UPDATE storage SET value = 7 WHERE id = 'key2'
2017/12/19 06:44:22.300 metrics.go:363: [warning] [EXPENSIVE_QUERY] SELECT id, value FROM storage WHERE id = 'key2'
2017/12/19 06:44:22.387 metrics.go:363: [warning] [EXPENSIVE_QUERY] UPDATE storage SET value = 8 WHERE id = 'key2'
2017/12/19 06:44:22.396 metrics.go:363: [warning] [EXPENSIVE_QUERY] SELECT id, value FROM storage WHERE id = 'key2'
2017/12/19 06:44:22.398 metrics.go:363: [warning] [EXPENSIVE_QUERY] UPDATE storage SET value = 9 WHERE id = 'key2'
2017/12/19 06:44:22.408 metrics.go:363: [warning] [EXPENSIVE_QUERY] SELECT id, value FROM storage WHERE id = 'key2'
2017/12/19 06:44:22.461 metrics.go:363: [warning] [EXPENSIVE_QUERY] UPDATE storage SET value = 10 WHERE id = 'key2'
2017/12/19 06:44:22.534 metrics.go:363: [warning] [EXPENSIVE_QUERY] SELECT id, value FROM storage WHERE id = 'key2'
2017/12/19 06:44:22.536 metrics.go:363: [warning] [EXPENSIVE_QUERY] UPDATE storage SET value = 11 WHERE id = 'key2'
2017/12/19 06:44:22.546 metrics.go:363: [warning] [EXPENSIVE_QUERY] SELECT id, value FROM storage WHERE id = 'key2'
2017/12/19 06:44:22.549 metrics.go:363: [warning] [EXPENSIVE_QUERY] UPDATE storage SET value = 12 WHERE id = 'key2'
2017/12/19 06:44:22.558 metrics.go:363: [warning] [EXPENSIVE_QUERY] SELECT id, value FROM storage WHERE id = 'key2'
2017/12/19 06:44:22.561 metrics.go:363: [warning] [EXPENSIVE_QUERY] UPDATE storage SET value = 13 WHERE id = 'key2'
2017/12/19 06:44:22.571 metrics.go:363: [warning] [EXPENSIVE_QUERY] SELECT id, value FROM storage WHERE id = 'key2'
2017/12/19 06:44:22.573 metrics.go:363: [warning] [EXPENSIVE_QUERY] UPDATE storage SET value = 14 WHERE id = 'key2'
2017/12/19 06:44:22.582 metrics.go:363: [warning] [EXPENSIVE_QUERY] SELECT id, value FROM storage WHERE id = 'key2'
2017/12/19 06:44:22.584 metrics.go:363: [warning] [EXPENSIVE_QUERY] UPDATE storage SET value = 15 WHERE id = 'key2'
2017/12/19 06:44:22.595 metrics.go:363: [warning] [EXPENSIVE_QUERY] SELECT id, value FROM storage WHERE id = 'key2'
2017/12/19 06:44:22.598 metrics.go:363: [warning] [EXPENSIVE_QUERY] UPDATE storage SET value = 16 WHERE id = 'key2'
2017/12/19 06:44:22.609 metrics.go:363: [warning] [EXPENSIVE_QUERY] SELECT id, value FROM storage WHERE id = 'key2'
2017/12/19 06:44:22.683 metrics.go:363: [warning] [EXPENSIVE_QUERY] UPDATE storage SET value = 17 WHERE id = 'key2'
2017/12/19 06:44:22.770 metrics.go:363: [warning] [EXPENSIVE_QUERY] SELECT id, value FROM storage WHERE id = 'key2'
2017/12/19 06:44:22.773 metrics.go:363: [warning] [EXPENSIVE_QUERY] UPDATE storage SET value = 18 WHERE id = 'key2'
2017/12/19 06:44:22.784 metrics.go:363: [warning] [EXPENSIVE_QUERY] SELECT id, value FROM storage WHERE id = 'key2'
2017/12/19 06:44:22.786 metrics.go:363: [warning] [EXPENSIVE_QUERY] UPDATE storage SET value = 19 WHERE id = 'key2'
2017/12/19 06:44:22.796 metrics.go:363: [warning] [EXPENSIVE_QUERY] SELECT id, value FROM storage WHERE id = 'key2'
2017/12/19 06:44:22.858 metrics.go:363: [warning] [EXPENSIVE_QUERY] UPDATE storage SET value = 20 WHERE id = 'key2'
2017/12/19 06:44:22.938 metrics.go:363: [warning] [EXPENSIVE_QUERY] SELECT id, value FROM storage WHERE id = 'key2'
2017/12/19 06:44:22.941 metrics.go:363: [warning] [EXPENSIVE_QUERY] UPDATE storage SET value = 21 WHERE id = 'key2'
2017/12/19 06:44:22.950 metrics.go:363: [warning] [EXPENSIVE_QUERY] SELECT id, value FROM storage WHERE id = 'key2'
2017/12/19 06:44:22.953 metrics.go:363: [warning] [EXPENSIVE_QUERY] UPDATE storage SET value = 22 WHERE id = 'key2'
2017/12/19 06:44:22.962 metrics.go:363: [warning] [EXPENSIVE_QUERY] SELECT id, value FROM storage WHERE id = 'key2'
2017/12/19 06:44:22.964 metrics.go:363: [warning] [EXPENSIVE_QUERY] UPDATE storage SET value = 23 WHERE id = 'key2'
2017/12/19 06:44:22.973 metrics.go:363: [warning] [EXPENSIVE_QUERY] SELECT id, value FROM storage WHERE id = 'key2'
2017/12/19 06:44:22.976 metrics.go:363: [warning] [EXPENSIVE_QUERY] UPDATE storage SET value = 24 WHERE id = 'key2'
2017/12/19 06:44:22.986 metrics.go:363: [warning] [EXPENSIVE_QUERY] SELECT id, value FROM storage WHERE id = 'key2'
2017/12/19 06:44:22.988 metrics.go:363: [warning] [EXPENSIVE_QUERY] UPDATE storage SET value = 25 WHERE id = 'key2'
2017/12/19 06:44:23.007 metrics.go:363: [warning] [EXPENSIVE_QUERY] SELECT id, value FROM storage WHERE id = 'key2'
2017/12/19 06:44:23.087 metrics.go:363: [warning] [EXPENSIVE_QUERY] UPDATE storage SET value = 26 WHERE id = 'key2'
2017/12/19 06:44:23.096 metrics.go:363: [warning] [EXPENSIVE_QUERY] SELECT id, value FROM storage WHERE id = 'key2'
2017/12/19 06:44:23.099 metrics.go:363: [warning] [EXPENSIVE_QUERY] UPDATE storage SET value = 27 WHERE id = 'key2'
2017/12/19 06:44:23.107 metrics.go:363: [warning] [EXPENSIVE_QUERY] SELECT id, value FROM storage WHERE id = 'key2'
2017/12/19 06:44:23.203 metrics.go:363: [warning] [EXPENSIVE_QUERY] UPDATE storage SET value = 28 WHERE id = 'key2'
2017/12/19 06:44:23.214 metrics.go:363: [warning] [EXPENSIVE_QUERY] SELECT id, value FROM storage WHERE id = 'key2'
2017/12/19 06:44:23.216 metrics.go:363: [warning] [EXPENSIVE_QUERY] UPDATE storage SET value = 29 WHERE id = 'key2'
2017/12/19 06:44:23.226 metrics.go:363: [warning] [EXPENSIVE_QUERY] SELECT id, value FROM storage WHERE id = 'key2'
2017/12/19 06:44:23.229 metrics.go:363: [warning] [EXPENSIVE_QUERY] UPDATE storage SET value = 30 WHERE id = 'key2'
2017/12/19 06:44:23.238 metrics.go:363: [warning] [EXPENSIVE_QUERY] SELECT id, value FROM storage WHERE id = 'key2'
2017/12/19 06:44:23.240 metrics.go:363: [warning] [EXPENSIVE_QUERY] UPDATE storage SET value = 31 WHERE id = 'key2'
2017/12/19 06:44:23.249 metrics.go:363: [warning] [EXPENSIVE_QUERY] SELECT id, value FROM storage WHERE id = 'key2'
2017/12/19 06:44:23.347 metrics.go:363: [warning] [EXPENSIVE_QUERY] UPDATE storage SET value = 32 WHERE id = 'key2'
2017/12/19 06:44:23.356 metrics.go:363: [warning] [EXPENSIVE_QUERY] SELECT id, value FROM storage WHERE id = 'key2'
2017/12/19 06:44:23.438 metrics.go:363: [warning] [EXPENSIVE_QUERY] UPDATE storage SET value = 33 WHERE id = 'key2'
2017/12/19 06:44:23.448 metrics.go:363: [warning] [EXPENSIVE_QUERY] SELECT id, value FROM storage WHERE id = 'key2'
2017/12/19 06:44:23.453 metrics.go:363: [warning] [EXPENSIVE_QUERY] UPDATE storage SET value = 34 WHERE id = 'key2'
2017/12/19 06:44:23.462 metrics.go:363: [warning] [EXPENSIVE_QUERY] SELECT id, value FROM storage WHERE id = 'key2'
2017/12/19 06:44:23.465 metrics.go:363: [warning] [EXPENSIVE_QUERY] UPDATE storage SET value = 35 WHERE id = 'key2'
2017/12/19 06:44:23.477 metrics.go:363: [warning] [EXPENSIVE_QUERY] SELECT id, value FROM storage WHERE id = 'key2'
2017/12/19 06:44:23.480 metrics.go:363: [warning] [EXPENSIVE_QUERY] UPDATE storage SET value = 36 WHERE id = 'key2'
2017/12/19 06:44:23.490 metrics.go:363: [warning] [EXPENSIVE_QUERY] SELECT id, value FROM storage WHERE id = 'key2'
2017/12/19 06:44:23.493 metrics.go:363: [warning] [EXPENSIVE_QUERY] UPDATE storage SET value = 37 WHERE id = 'key2'
2017/12/19 06:44:23.505 metrics.go:363: [warning] [EXPENSIVE_QUERY] SELECT id, value FROM storage WHERE id = 'key2'
2017/12/19 06:44:23.508 metrics.go:363: [warning] [EXPENSIVE_QUERY] UPDATE storage SET value = 38 WHERE id = 'key2'
2017/12/19 06:44:23.516 metrics.go:363: [warning] [EXPENSIVE_QUERY] SELECT id, value FROM storage WHERE id = 'key2'
2017/12/19 06:44:23.607 metrics.go:363: [warning] [EXPENSIVE_QUERY] UPDATE storage SET value = 39 WHERE id = 'key2'
2017/12/19 06:44:23.617 metrics.go:363: [warning] [EXPENSIVE_QUERY] SELECT id, value FROM storage WHERE id = 'key2'
2017/12/19 06:44:23.687 metrics.go:363: [warning] [EXPENSIVE_QUERY] UPDATE storage SET value = 40 WHERE id = 'key2'
2017/12/19 06:44:23.701 metrics.go:363: [warning] [EXPENSIVE_QUERY] SELECT id, value FROM storage WHERE id = 'key2'
2017/12/19 06:44:23.703 metrics.go:363: [warning] [EXPENSIVE_QUERY] UPDATE storage SET value = 41 WHERE id = 'key2'
2017/12/19 06:44:23.713 metrics.go:363: [warning] [EXPENSIVE_QUERY] SELECT id, value FROM storage WHERE id = 'key2'
2017/12/19 06:44:23.716 metrics.go:363: [warning] [EXPENSIVE_QUERY] UPDATE storage SET value = 42 WHERE id = 'key2'
2017/12/19 06:44:23.730 metrics.go:363: [warning] [EXPENSIVE_QUERY] SELECT id, value FROM storage WHERE id = 'key2'
2017/12/19 06:44:23.733 metrics.go:363: [warning] [EXPENSIVE_QUERY] UPDATE storage SET value = 43 WHERE id = 'key2'
2017/12/19 06:44:23.742 metrics.go:363: [warning] [EXPENSIVE_QUERY] SELECT id, value FROM storage WHERE id = 'key2'
2017/12/19 06:44:23.744 metrics.go:363: [warning] [EXPENSIVE_QUERY] UPDATE storage SET value = 44 WHERE id = 'key2'
2017/12/19 06:44:23.855 metrics.go:363: [warning] [EXPENSIVE_QUERY] SELECT id, value FROM storage WHERE id = 'key2'
2017/12/19 06:44:23.912 metrics.go:363: [warning] [EXPENSIVE_QUERY] UPDATE storage SET value = 45 WHERE id = 'key2'
2017/12/19 06:44:23.921 metrics.go:363: [warning] [EXPENSIVE_QUERY] SELECT id, value FROM storage WHERE id = 'key2'
2017/12/19 06:44:23.978 metrics.go:363: [warning] [EXPENSIVE_QUERY] UPDATE storage SET value = 46 WHERE id = 'key2'
2017/12/19 06:44:24.070 metrics.go:363: [warning] [EXPENSIVE_QUERY] SELECT id, value FROM storage WHERE id = 'key2'
2017/12/19 06:44:24.073 metrics.go:363: [warning] [EXPENSIVE_QUERY] UPDATE storage SET value = 47 WHERE id = 'key2'
2017/12/19 06:44:24.081 metrics.go:363: [warning] [EXPENSIVE_QUERY] SELECT id, value FROM storage WHERE id = 'key2'
2017/12/19 06:44:24.083 metrics.go:363: [warning] [EXPENSIVE_QUERY] UPDATE storage SET value = 48 WHERE id = 'key2'
2017/12/19 06:44:24.094 metrics.go:363: [warning] [EXPENSIVE_QUERY] SELECT id, value FROM storage WHERE id = 'key2'
2017/12/19 06:44:24.097 metrics.go:363: [warning] [EXPENSIVE_QUERY] UPDATE storage SET value = 49 WHERE id = 'key2'
2017/12/19 06:44:24.107 metrics.go:363: [warning] [EXPENSIVE_QUERY] SELECT id, value FROM storage WHERE id = 'key2'
2017/12/19 06:44:24.181 metrics.go:363: [warning] [EXPENSIVE_QUERY] UPDATE storage SET value = 50 WHERE id = 'key2'
2017/12/19 06:44:24.191 metrics.go:363: [warning] [EXPENSIVE_QUERY] SELECT id, value FROM storage WHERE id = 'key2'
2017/12/19 06:44:24.258 metrics.go:363: [warning] [EXPENSIVE_QUERY] UPDATE storage SET value = 51 WHERE id = 'key2'
2017/12/19 06:44:24.266 metrics.go:363: [warning] [EXPENSIVE_QUERY] SELECT id, value FROM storage WHERE id = 'key2'
2017/12/19 06:44:24.333 metrics.go:363: [warning] [EXPENSIVE_QUERY] UPDATE storage SET value = 52 WHERE id = 'key2'
2017/12/19 06:44:24.342 metrics.go:363: [warning] [EXPENSIVE_QUERY] SELECT id, value FROM storage WHERE id = 'key2'
2017/12/19 06:44:24.344 metrics.go:363: [warning] [EXPENSIVE_QUERY] UPDATE storage SET value = 53 WHERE id = 'key2'
2017/12/19 06:44:24.353 metrics.go:363: [warning] [EXPENSIVE_QUERY] SELECT id, value FROM storage WHERE id = 'key2'
2017/12/19 06:44:24.355 metrics.go:363: [warning] [EXPENSIVE_QUERY] UPDATE storage SET value = 54 WHERE id = 'key2'
2017/12/19 06:44:24.368 metrics.go:363: [warning] [EXPENSIVE_QUERY] SELECT id, value FROM storage WHERE id = 'key2'
2017/12/19 06:44:24.370 metrics.go:363: [warning] [EXPENSIVE_QUERY] UPDATE storage SET value = 55 WHERE id = 'key2'
2017/12/19 06:44:24.379 metrics.go:363: [warning] [EXPENSIVE_QUERY] SELECT id, value FROM storage WHERE id = 'key2'
2017/12/19 06:44:24.381 metrics.go:363: [warning] [EXPENSIVE_QUERY] UPDATE storage SET value = 56 WHERE id = 'key2'
2017/12/19 06:44:24.389 metrics.go:363: [warning] [EXPENSIVE_QUERY] SELECT id, value FROM storage WHERE id = 'key2'
2017/12/19 06:44:24.392 metrics.go:363: [warning] [EXPENSIVE_QUERY] UPDATE storage SET value = 57 WHERE id = 'key2'
2017/12/19 06:44:24.401 metrics.go:363: [warning] [EXPENSIVE_QUERY] SELECT id, value FROM storage WHERE id = 'key2'
2017/12/19 06:44:24.404 metrics.go:363: [warning] [EXPENSIVE_QUERY] UPDATE storage SET value = 58 WHERE id = 'key2'
2017/12/19 06:44:24.413 metrics.go:363: [warning] [EXPENSIVE_QUERY] SELECT id, value FROM storage WHERE id = 'key2'
2017/12/19 06:44:24.416 metrics.go:363: [warning] [EXPENSIVE_QUERY] UPDATE storage SET value = 59 WHERE id = 'key2'
2017/12/19 06:44:24.425 metrics.go:363: [warning] [EXPENSIVE_QUERY] SELECT id, value FROM storage WHERE id = 'key2'
2017/12/19 06:44:24.427 metrics.go:363: [warning] [EXPENSIVE_QUERY] UPDATE storage SET value = 60 WHERE id = 'key2'
2017/12/19 06:44:24.441 metrics.go:363: [warning] [EXPENSIVE_QUERY] SELECT id, value FROM storage WHERE id = 'key2'
2017/12/19 06:44:24.443 metrics.go:363: [warning] [EXPENSIVE_QUERY] UPDATE storage SET value = 61 WHERE id = 'key2'
2017/12/19 06:44:24.453 metrics.go:363: [warning] [EXPENSIVE_QUERY] SELECT id, value FROM storage WHERE id = 'key2'
2017/12/19 06:44:24.536 metrics.go:363: [warning] [EXPENSIVE_QUERY] UPDATE storage SET value = 62 WHERE id = 'key2'
2017/12/19 06:44:24.545 metrics.go:363: [warning] [EXPENSIVE_QUERY] SELECT id, value FROM storage WHERE id = 'key2'
2017/12/19 06:44:24.625 metrics.go:363: [warning] [EXPENSIVE_QUERY] UPDATE storage SET value = 63 WHERE id = 'key2'
2017/12/19 06:44:24.637 metrics.go:363: [warning] [EXPENSIVE_QUERY] SELECT id, value FROM storage WHERE id = 'key2'
2017/12/19 06:44:24.639 metrics.go:363: [warning] [EXPENSIVE_QUERY] UPDATE storage SET value = 64 WHERE id = 'key2'
2017/12/19 06:44:24.647 metrics.go:363: [warning] [EXPENSIVE_QUERY] SELECT id, value FROM storage WHERE id = 'key2'
2017/12/19 06:44:24.740 metrics.go:363: [warning] [EXPENSIVE_QUERY] UPDATE storage SET value = 65 WHERE id = 'key2'
2017/12/19 06:44:24.748 metrics.go:363: [warning] [EXPENSIVE_QUERY] SELECT id, value FROM storage WHERE id = 'key2'
2017/12/19 06:44:24.807 metrics.go:363: [warning] [EXPENSIVE_QUERY] UPDATE storage SET value = 66 WHERE id = 'key2'
2017/12/19 06:44:24.870 metrics.go:363: [warning] [EXPENSIVE_QUERY] SELECT id, value FROM storage WHERE id = 'key2'
2017/12/19 06:44:24.873 metrics.go:363: [warning] [EXPENSIVE_QUERY] UPDATE storage SET value = 67 WHERE id = 'key2'
2017/12/19 06:44:24.884 metrics.go:363: [warning] [EXPENSIVE_QUERY] SELECT id, value FROM storage WHERE id = 'key2'
2017/12/19 06:44:24.886 metrics.go:363: [warning] [EXPENSIVE_QUERY] UPDATE storage SET value = 68 WHERE id = 'key2'
2017/12/19 06:44:24.898 metrics.go:363: [warning] [EXPENSIVE_QUERY] SELECT id, value FROM storage WHERE id = 'key2'
2017/12/19 06:44:24.900 metrics.go:363: [warning] [EXPENSIVE_QUERY] UPDATE storage SET value = 69 WHERE id = 'key2'
2017/12/19 06:44:24.909 metrics.go:363: [warning] [EXPENSIVE_QUERY] SELECT id, value FROM storage WHERE id = 'key2'
2017/12/19 06:44:24.974 metrics.go:363: [warning] [EXPENSIVE_QUERY] UPDATE storage SET value = 70 WHERE id = 'key2'
2017/12/19 06:44:24.988 metrics.go:363: [warning] [EXPENSIVE_QUERY] SELECT id, value FROM storage WHERE id = 'key2'
2017/12/19 06:44:25.066 metrics.go:363: [warning] [EXPENSIVE_QUERY] UPDATE storage SET value = 71 WHERE id = 'key2'
2017/12/19 06:44:25.168 metrics.go:363: [warning] [EXPENSIVE_QUERY] SELECT id, value FROM storage WHERE id = 'key2'
2017/12/19 06:44:25.254 metrics.go:363: [warning] [EXPENSIVE_QUERY] UPDATE storage SET value = 72 WHERE id = 'key2'
2017/12/19 06:44:25.265 metrics.go:363: [warning] [EXPENSIVE_QUERY] SELECT id, value FROM storage WHERE id = 'key2'
2017/12/19 06:44:25.268 metrics.go:363: [warning] [EXPENSIVE_QUERY] UPDATE storage SET value = 73 WHERE id = 'key2'
2017/12/19 06:44:25.374 metrics.go:363: [warning] [EXPENSIVE_QUERY] SELECT id, value FROM storage WHERE id = 'key2'
2017/12/19 06:44:25.438 metrics.go:363: [warning] [EXPENSIVE_QUERY] UPDATE storage SET value = 74 WHERE id = 'key2'
2017/12/19 06:44:25.447 metrics.go:363: [warning] [EXPENSIVE_QUERY] SELECT id, value FROM storage WHERE id = 'key2'
2017/12/19 06:44:25.533 metrics.go:363: [warning] [EXPENSIVE_QUERY] UPDATE storage SET value = 75 WHERE id = 'key2'
2017/12/19 06:44:25.598 metrics.go:363: [warning] [EXPENSIVE_QUERY] SELECT id, value FROM storage WHERE id = 'key2'
2017/12/19 06:44:25.603 metrics.go:363: [warning] [EXPENSIVE_QUERY] UPDATE storage SET value = 76 WHERE id = 'key2'
2017/12/19 06:44:25.612 metrics.go:363: [warning] [EXPENSIVE_QUERY] SELECT id, value FROM storage WHERE id = 'key2'
2017/12/19 06:44:25.616 metrics.go:363: [warning] [EXPENSIVE_QUERY] UPDATE storage SET value = 77 WHERE id = 'key2'
2017/12/19 06:44:25.626 metrics.go:363: [warning] [EXPENSIVE_QUERY] SELECT id, value FROM storage WHERE id = 'key2'
2017/12/19 06:44:25.631 metrics.go:363: [warning] [EXPENSIVE_QUERY] UPDATE storage SET value = 78 WHERE id = 'key2'
2017/12/19 06:44:25.642 metrics.go:363: [warning] [EXPENSIVE_QUERY] SELECT id, value FROM storage WHERE id = 'key2'
2017/12/19 06:44:25.711 metrics.go:363: [warning] [EXPENSIVE_QUERY] UPDATE storage SET value = 79 WHERE id = 'key2'
2017/12/19 06:44:25.720 metrics.go:363: [warning] [EXPENSIVE_QUERY] SELECT id, value FROM storage WHERE id = 'key2'
2017/12/19 06:44:25.723 metrics.go:363: [warning] [EXPENSIVE_QUERY] UPDATE storage SET value = 80 WHERE id = 'key2'
2017/12/19 06:44:25.732 metrics.go:363: [warning] [EXPENSIVE_QUERY] SELECT id, value FROM storage WHERE id = 'key2'
2017/12/19 06:44:25.734 metrics.go:363: [warning] [EXPENSIVE_QUERY] UPDATE storage SET value = 81 WHERE id = 'key2'
2017/12/19 06:44:25.744 metrics.go:363: [warning] [EXPENSIVE_QUERY] SELECT id, value FROM storage WHERE id = 'key2'
2017/12/19 06:44:25.828 metrics.go:363: [warning] [EXPENSIVE_QUERY] UPDATE storage SET value = 82 WHERE id = 'key2'
2017/12/19 06:44:25.837 metrics.go:363: [warning] [EXPENSIVE_QUERY] SELECT id, value FROM storage WHERE id = 'key2'
2017/12/19 06:44:25.840 metrics.go:363: [warning] [EXPENSIVE_QUERY] UPDATE storage SET value = 83 WHERE id = 'key2'
2017/12/19 06:44:25.850 metrics.go:363: [warning] [EXPENSIVE_QUERY] SELECT id, value FROM storage WHERE id = 'key2'
2017/12/19 06:44:25.852 metrics.go:363: [warning] [EXPENSIVE_QUERY] UPDATE storage SET value = 84 WHERE id = 'key2'
2017/12/19 06:44:25.864 metrics.go:363: [warning] [EXPENSIVE_QUERY] SELECT id, value FROM storage WHERE id = 'key2'
2017/12/19 06:44:25.951 metrics.go:363: [warning] [EXPENSIVE_QUERY] UPDATE storage SET value = 85 WHERE id = 'key2'
2017/12/19 06:44:25.960 metrics.go:363: [warning] [EXPENSIVE_QUERY] SELECT id, value FROM storage WHERE id = 'key2'
2017/12/19 06:44:25.962 metrics.go:363: [warning] [EXPENSIVE_QUERY] UPDATE storage SET value = 86 WHERE id = 'key2'
2017/12/19 06:44:25.972 metrics.go:363: [warning] [EXPENSIVE_QUERY] SELECT id, value FROM storage WHERE id = 'key2'
2017/12/19 06:44:26.054 metrics.go:363: [warning] [EXPENSIVE_QUERY] UPDATE storage SET value = 87 WHERE id = 'key2'
2017/12/19 06:44:26.152 metrics.go:363: [warning] [EXPENSIVE_QUERY] SELECT id, value FROM storage WHERE id = 'key2'
2017/12/19 06:44:26.155 metrics.go:363: [warning] [EXPENSIVE_QUERY] UPDATE storage SET value = 88 WHERE id = 'key2'
2017/12/19 06:44:26.165 metrics.go:363: [warning] [EXPENSIVE_QUERY] SELECT id, value FROM storage WHERE id = 'key2'
2017/12/19 06:44:26.258 metrics.go:363: [warning] [EXPENSIVE_QUERY] UPDATE storage SET value = 89 WHERE id = 'key2'
2017/12/19 06:44:26.267 metrics.go:363: [warning] [EXPENSIVE_QUERY] SELECT id, value FROM storage WHERE id = 'key2'
2017/12/19 06:44:26.271 metrics.go:363: [warning] [EXPENSIVE_QUERY] UPDATE storage SET value = 90 WHERE id = 'key2'
2017/12/19 06:44:26.280 metrics.go:363: [warning] [EXPENSIVE_QUERY] SELECT id, value FROM storage WHERE id = 'key2'
2017/12/19 06:44:26.282 metrics.go:363: [warning] [EXPENSIVE_QUERY] UPDATE storage SET value = 91 WHERE id = 'key2'
2017/12/19 06:44:26.291 metrics.go:363: [warning] [EXPENSIVE_QUERY] SELECT id, value FROM storage WHERE id = 'key2'
2017/12/19 06:44:26.294 metrics.go:363: [warning] [EXPENSIVE_QUERY] UPDATE storage SET value = 92 WHERE id = 'key2'
2017/12/19 06:44:26.373 metrics.go:363: [warning] [EXPENSIVE_QUERY] SELECT id, value FROM storage WHERE id = 'key2'
2017/12/19 06:44:26.376 metrics.go:363: [warning] [EXPENSIVE_QUERY] UPDATE storage SET value = 93 WHERE id = 'key2'
2017/12/19 06:44:26.385 metrics.go:363: [warning] [EXPENSIVE_QUERY] SELECT id, value FROM storage WHERE id = 'key2'
2017/12/19 06:44:26.388 metrics.go:363: [warning] [EXPENSIVE_QUERY] UPDATE storage SET value = 94 WHERE id = 'key2'
2017/12/19 06:44:26.397 metrics.go:363: [warning] [EXPENSIVE_QUERY] SELECT id, value FROM storage WHERE id = 'key2'
2017/12/19 06:44:26.400 metrics.go:363: [warning] [EXPENSIVE_QUERY] UPDATE storage SET value = 95 WHERE id = 'key2'
2017/12/19 06:44:26.409 metrics.go:363: [warning] [EXPENSIVE_QUERY] SELECT id, value FROM storage WHERE id = 'key2'
2017/12/19 06:44:26.412 metrics.go:363: [warning] [EXPENSIVE_QUERY] UPDATE storage SET value = 96 WHERE id = 'key2'
2017/12/19 06:44:26.421 metrics.go:363: [warning] [EXPENSIVE_QUERY] SELECT id, value FROM storage WHERE id = 'key2'
2017/12/19 06:44:26.424 metrics.go:363: [warning] [EXPENSIVE_QUERY] UPDATE storage SET value = 97 WHERE id = 'key2'
2017/12/19 06:44:26.434 metrics.go:363: [warning] [EXPENSIVE_QUERY] SELECT id, value FROM storage WHERE id = 'key2'
2017/12/19 06:44:26.437 metrics.go:363: [warning] [EXPENSIVE_QUERY] UPDATE storage SET value = 98 WHERE id = 'key2'
2017/12/19 06:44:26.448 metrics.go:363: [warning] [EXPENSIVE_QUERY] SELECT id, value FROM storage WHERE id = 'key2'
2017/12/19 06:44:26.450 metrics.go:363: [warning] [EXPENSIVE_QUERY] UPDATE storage SET value = 99 WHERE id = 'key2'
2017/12/19 06:44:26.460 metrics.go:363: [warning] [EXPENSIVE_QUERY] SELECT id, value FROM storage WHERE id = 'key2'
2017/12/19 06:44:26.462 metrics.go:363: [warning] [EXPENSIVE_QUERY] UPDATE storage SET value = 100 WHERE id = 'key2'
2017/12/19 06:44:26.470 metrics.go:363: [warning] [EXPENSIVE_QUERY] SELECT id, value FROM storage WHERE id = 'key2'
2017/12/19 06:44:26.567 metrics.go:363: [warning] [EXPENSIVE_QUERY] UPDATE storage SET value = 101 WHERE id = 'key2'
2017/12/19 06:44:26.642 metrics.go:363: [warning] [EXPENSIVE_QUERY] SELECT id, value FROM storage WHERE id = 'key2'
2017/12/19 06:44:26.696 metrics.go:363: [warning] [EXPENSIVE_QUERY] UPDATE storage SET value = 102 WHERE id = 'key2'
2017/12/19 06:44:26.707 metrics.go:363: [warning] [EXPENSIVE_QUERY] SELECT id, value FROM storage WHERE id = 'key2'
2017/12/19 06:44:26.711 metrics.go:363: [warning] [EXPENSIVE_QUERY] UPDATE storage SET value = 103 WHERE id = 'key2'
2017/12/19 06:44:26.722 metrics.go:363: [warning] [EXPENSIVE_QUERY] SELECT id, value FROM storage WHERE id = 'key2'
2017/12/19 06:44:26.724 metrics.go:363: [warning] [EXPENSIVE_QUERY] UPDATE storage SET value = 104 WHERE id = 'key2'
2017/12/19 06:44:26.734 metrics.go:363: [warning] [EXPENSIVE_QUERY] SELECT id, value FROM storage WHERE id = 'key2'
2017/12/19 06:44:26.740 metrics.go:363: [warning] [EXPENSIVE_QUERY] UPDATE storage SET value = 105 WHERE id = 'key2'
2017/12/19 06:44:26.750 metrics.go:363: [warning] [EXPENSIVE_QUERY] SELECT id, value FROM storage WHERE id = 'key2'
2017/12/19 06:44:26.835 metrics.go:363: [warning] [EXPENSIVE_QUERY] UPDATE storage SET value = 106 WHERE id = 'key2'
2017/12/19 06:44:26.923 metrics.go:363: [warning] [EXPENSIVE_QUERY] SELECT id, value FROM storage WHERE id = 'key2'
2017/12/19 06:44:26.992 metrics.go:363: [warning] [EXPENSIVE_QUERY] UPDATE storage SET value = 107 WHERE id = 'key2'
2017/12/19 06:44:27.068 metrics.go:363: [warning] [EXPENSIVE_QUERY] SELECT id, value FROM storage WHERE id = 'key2'
2017/12/19 06:44:27.125 metrics.go:363: [warning] [EXPENSIVE_QUERY] UPDATE storage SET value = 108 WHERE id = 'key2'
2017/12/19 06:44:27.135 metrics.go:363: [warning] [EXPENSIVE_QUERY] SELECT id, value FROM storage WHERE id = 'key2'
2017/12/19 06:44:27.137 metrics.go:363: [warning] [EXPENSIVE_QUERY] UPDATE storage SET value = 109 WHERE id = 'key2'
2017/12/19 06:44:27.147 metrics.go:363: [warning] [EXPENSIVE_QUERY] SELECT id, value FROM storage WHERE id = 'key2'
2017/12/19 06:44:27.149 metrics.go:363: [warning] [EXPENSIVE_QUERY] UPDATE storage SET value = 110 WHERE id = 'key2'
2017/12/19 06:44:27.158 metrics.go:363: [warning] [EXPENSIVE_QUERY] SELECT id, value FROM storage WHERE id = 'key2'
2017/12/19 06:44:27.160 metrics.go:363: [warning] [EXPENSIVE_QUERY] UPDATE storage SET value = 111 WHERE id = 'key2'
2017/12/19 06:44:27.171 metrics.go:363: [warning] [EXPENSIVE_QUERY] SELECT id, value FROM storage WHERE id = 'key2'
2017/12/19 06:44:27.173 metrics.go:363: [warning] [EXPENSIVE_QUERY] UPDATE storage SET value = 112 WHERE id = 'key2'
2017/12/19 06:44:27.183 metrics.go:363: [warning] [EXPENSIVE_QUERY] SELECT id, value FROM storage WHERE id = 'key2'
2017/12/19 06:44:27.186 metrics.go:363: [warning] [EXPENSIVE_QUERY] UPDATE storage SET value = 113 WHERE id = 'key2'
2017/12/19 06:44:27.195 metrics.go:363: [warning] [EXPENSIVE_QUERY] SELECT id, value FROM storage WHERE id = 'key2'
2017/12/19 06:44:27.293 metrics.go:363: [warning] [EXPENSIVE_QUERY] UPDATE storage SET value = 114 WHERE id = 'key2'
2017/12/19 06:44:27.391 metrics.go:363: [warning] [EXPENSIVE_QUERY] SELECT id, value FROM storage WHERE id = 'key2'
2017/12/19 06:44:27.480 metrics.go:363: [warning] [EXPENSIVE_QUERY] UPDATE storage SET value = 115 WHERE id = 'key2'
2017/12/19 06:44:27.558 metrics.go:363: [warning] [EXPENSIVE_QUERY] SELECT id, value FROM storage WHERE id = 'key2'
2017/12/19 06:44:27.560 metrics.go:363: [warning] [EXPENSIVE_QUERY] UPDATE storage SET value = 116 WHERE id = 'key2'
2017/12/19 06:44:27.570 metrics.go:363: [warning] [EXPENSIVE_QUERY] SELECT id, value FROM storage WHERE id = 'key2'
2017/12/19 06:44:27.573 metrics.go:363: [warning] [EXPENSIVE_QUERY] UPDATE storage SET value = 117 WHERE id = 'key2'
2017/12/19 06:44:27.583 metrics.go:363: [warning] [EXPENSIVE_QUERY] SELECT id, value FROM storage WHERE id = 'key2'
2017/12/19 06:44:27.586 metrics.go:363: [warning] [EXPENSIVE_QUERY] UPDATE storage SET value = 118 WHERE id = 'key2'
2017/12/19 06:44:27.597 metrics.go:363: [warning] [EXPENSIVE_QUERY] SELECT id, value FROM storage WHERE id = 'key2'
2017/12/19 06:44:27.599 metrics.go:363: [warning] [EXPENSIVE_QUERY] UPDATE storage SET value = 119 WHERE id = 'key2'
2017/12/19 06:44:27.609 metrics.go:363: [warning] [EXPENSIVE_QUERY] SELECT id, value FROM storage WHERE id = 'key2'
2017/12/19 06:44:27.611 metrics.go:363: [warning] [EXPENSIVE_QUERY] UPDATE storage SET value = 120 WHERE id = 'key2'
2017/12/19 06:44:27.620 metrics.go:363: [warning] [EXPENSIVE_QUERY] SELECT id, value FROM storage WHERE id = 'key2'
2017/12/19 06:44:27.687 metrics.go:363: [warning] [EXPENSIVE_QUERY] UPDATE storage SET value = 121 WHERE id = 'key2'
2017/12/19 06:44:27.786 metrics.go:363: [warning] [EXPENSIVE_QUERY] SELECT id, value FROM storage WHERE id = 'key2'
2017/12/19 06:44:27.788 metrics.go:363: [warning] [EXPENSIVE_QUERY] UPDATE storage SET value = 122 WHERE id = 'key2'
2017/12/19 06:44:27.799 metrics.go:363: [warning] [EXPENSIVE_QUERY] SELECT id, value FROM storage WHERE id = 'key2'
2017/12/19 06:44:27.802 metrics.go:363: [warning] [EXPENSIVE_QUERY] UPDATE storage SET value = 123 WHERE id = 'key2'
2017/12/19 06:44:27.811 metrics.go:363: [warning] [EXPENSIVE_QUERY] SELECT id, value FROM storage WHERE id = 'key2'
2017/12/19 06:44:27.813 metrics.go:363: [warning] [EXPENSIVE_QUERY] UPDATE storage SET value = 124 WHERE id = 'key2'
2017/12/19 06:44:27.822 metrics.go:363: [warning] [EXPENSIVE_QUERY] SELECT id, value FROM storage WHERE id = 'key2'
2017/12/19 06:44:27.904 metrics.go:363: [warning] [EXPENSIVE_QUERY] UPDATE storage SET value = 125 WHERE id = 'key2'
2017/12/19 06:44:27.913 metrics.go:363: [warning] [EXPENSIVE_QUERY] SELECT id, value FROM storage WHERE id = 'key2'
2017/12/19 06:44:27.915 metrics.go:363: [warning] [EXPENSIVE_QUERY] UPDATE storage SET value = 126 WHERE id = 'key2'
2017/12/19 06:44:27.924 metrics.go:363: [warning] [EXPENSIVE_QUERY] SELECT id, value FROM storage WHERE id = 'key2'
2017/12/19 06:44:27.926 metrics.go:363: [warning] [EXPENSIVE_QUERY] UPDATE storage SET value = 127 WHERE id = 'key2'
2017/12/19 06:44:27.934 metrics.go:363: [warning] [EXPENSIVE_QUERY] SELECT id, value FROM storage WHERE id = 'key2'
2017/12/19 06:44:27.937 metrics.go:363: [warning] [EXPENSIVE_QUERY] UPDATE storage SET value = 128 WHERE id = 'key2'
2017/12/19 06:44:27.946 metrics.go:363: [warning] [EXPENSIVE_QUERY] SELECT id, value FROM storage WHERE id = 'key2'
2017/12/19 06:44:27.948 metrics.go:363: [warning] [EXPENSIVE_QUERY] UPDATE storage SET value = 129 WHERE id = 'key2'
2017/12/19 06:44:27.956 metrics.go:363: [warning] [EXPENSIVE_QUERY] SELECT id, value FROM storage WHERE id = 'key2'
2017/12/19 06:44:28.019 metrics.go:363: [warning] [EXPENSIVE_QUERY] UPDATE storage SET value = 130 WHERE id = 'key2'
2017/12/19 06:44:28.035 metrics.go:363: [warning] [EXPENSIVE_QUERY] SELECT id, value FROM storage WHERE id = 'key2'
2017/12/19 06:44:28.125 metrics.go:363: [warning] [EXPENSIVE_QUERY] UPDATE storage SET value = 131 WHERE id = 'key2'
2017/12/19 06:44:28.134 metrics.go:363: [warning] [EXPENSIVE_QUERY] SELECT id, value FROM storage WHERE id = 'key2'
2017/12/19 06:44:28.136 metrics.go:363: [warning] [EXPENSIVE_QUERY] UPDATE storage SET value = 132 WHERE id = 'key2'
2017/12/19 06:44:28.145 metrics.go:363: [warning] [EXPENSIVE_QUERY] SELECT id, value FROM storage WHERE id = 'key2'
2017/12/19 06:44:28.227 metrics.go:363: [warning] [EXPENSIVE_QUERY] UPDATE storage SET value = 133 WHERE id = 'key2'
2017/12/19 06:44:28.239 metrics.go:363: [warning] [EXPENSIVE_QUERY] SELECT id, value FROM storage WHERE id = 'key2'
2017/12/19 06:44:28.241 metrics.go:363: [warning] [EXPENSIVE_QUERY] UPDATE storage SET value = 134 WHERE id = 'key2'
2017/12/19 06:44:28.251 metrics.go:363: [warning] [EXPENSIVE_QUERY] SELECT id, value FROM storage WHERE id = 'key2'
2017/12/19 06:44:28.253 metrics.go:363: [warning] [EXPENSIVE_QUERY] UPDATE storage SET value = 135 WHERE id = 'key2'
2017/12/19 06:44:28.263 metrics.go:363: [warning] [EXPENSIVE_QUERY] SELECT id, value FROM storage WHERE id = 'key2'
2017/12/19 06:44:28.344 metrics.go:363: [warning] [EXPENSIVE_QUERY] UPDATE storage SET value = 136 WHERE id = 'key2'
2017/12/19 06:44:28.355 metrics.go:363: [warning] [EXPENSIVE_QUERY] SELECT id, value FROM storage WHERE id = 'key2'
2017/12/19 06:44:28.358 metrics.go:363: [warning] [EXPENSIVE_QUERY] UPDATE storage SET value = 137 WHERE id = 'key2'
2017/12/19 06:44:28.367 metrics.go:363: [warning] [EXPENSIVE_QUERY] SELECT id, value FROM storage WHERE id = 'key2'
2017/12/19 06:44:28.370 metrics.go:363: [warning] [EXPENSIVE_QUERY] UPDATE storage SET value = 138 WHERE id = 'key2'
2017/12/19 06:44:28.379 metrics.go:363: [warning] [EXPENSIVE_QUERY] SELECT id, value FROM storage WHERE id = 'key2'
2017/12/19 06:44:28.382 metrics.go:363: [warning] [EXPENSIVE_QUERY] UPDATE storage SET value = 139 WHERE id = 'key2'
2017/12/19 06:44:28.391 metrics.go:363: [warning] [EXPENSIVE_QUERY] SELECT id, value FROM storage WHERE id = 'key2'
2017/12/19 06:44:28.453 metrics.go:363: [warning] [EXPENSIVE_QUERY] UPDATE storage SET value = 140 WHERE id = 'key2'
2017/12/19 06:44:28.528 metrics.go:363: [warning] [EXPENSIVE_QUERY] SELECT id, value FROM storage WHERE id = 'key2'
2017/12/19 06:44:28.530 metrics.go:363: [warning] [EXPENSIVE_QUERY] UPDATE storage SET value = 141 WHERE id = 'key2'
2017/12/19 06:44:28.540 metrics.go:363: [warning] [EXPENSIVE_QUERY] SELECT id, value FROM storage WHERE id = 'key2'
2017/12/19 06:44:28.542 metrics.go:363: [warning] [EXPENSIVE_QUERY] UPDATE storage SET value = 142 WHERE id = 'key2'
2017/12/19 06:44:28.550 metrics.go:363: [warning] [EXPENSIVE_QUERY] SELECT id, value FROM storage WHERE id = 'key2'
2017/12/19 06:44:28.605 metrics.go:363: [warning] [EXPENSIVE_QUERY] UPDATE storage SET value = 143 WHERE id = 'key2'
2017/12/19 06:44:28.684 metrics.go:363: [warning] [EXPENSIVE_QUERY] SELECT id, value FROM storage WHERE id = 'key2'
2017/12/19 06:44:28.687 metrics.go:363: [warning] [EXPENSIVE_QUERY] UPDATE storage SET value = 144 WHERE id = 'key2'
2017/12/19 06:44:28.696 metrics.go:363: [warning] [EXPENSIVE_QUERY] SELECT id, value FROM storage WHERE id = 'key2'
2017/12/19 06:44:28.698 metrics.go:363: [warning] [EXPENSIVE_QUERY] UPDATE storage SET value = 145 WHERE id = 'key2'
2017/12/19 06:44:28.708 metrics.go:363: [warning] [EXPENSIVE_QUERY] SELECT id, value FROM storage WHERE id = 'key2'
2017/12/19 06:44:28.711 metrics.go:363: [warning] [EXPENSIVE_QUERY] UPDATE storage SET value = 146 WHERE id = 'key2'
2017/12/19 06:44:28.720 metrics.go:363: [warning] [EXPENSIVE_QUERY] SELECT id, value FROM storage WHERE id = 'key2'
2017/12/19 06:44:28.788 metrics.go:363: [warning] [EXPENSIVE_QUERY] UPDATE storage SET value = 147 WHERE id = 'key2'
2017/12/19 06:44:28.796 metrics.go:363: [warning] [EXPENSIVE_QUERY] SELECT id, value FROM storage WHERE id = 'key2'
2017/12/19 06:44:28.799 metrics.go:363: [warning] [EXPENSIVE_QUERY] UPDATE storage SET value = 148 WHERE id = 'key2'
2017/12/19 06:44:28.807 metrics.go:363: [warning] [EXPENSIVE_QUERY] SELECT id, value FROM storage WHERE id = 'key2'
2017/12/19 06:44:28.810 metrics.go:363: [warning] [EXPENSIVE_QUERY] UPDATE storage SET value = 149 WHERE id = 'key2'
2017/12/19 06:44:28.819 metrics.go:363: [warning] [EXPENSIVE_QUERY] SELECT id, value FROM storage WHERE id = 'key2'
2017/12/19 06:44:28.822 metrics.go:363: [warning] [EXPENSIVE_QUERY] UPDATE storage SET value = 150 WHERE id = 'key2'
2017/12/19 06:44:28.831 metrics.go:363: [warning] [EXPENSIVE_QUERY] SELECT id, value FROM storage WHERE id = 'key2'
2017/12/19 06:44:28.833 metrics.go:363: [warning] [EXPENSIVE_QUERY] UPDATE storage SET value = 151 WHERE id = 'key2'
2017/12/19 06:44:28.877 simple.go:128: [info] [0] execute rollback statement
2017/12/19 06:44:28.877 txn.go:188: [info] [kv] Rollback txn 396798425523552268
2017/12/19 06:45:08.137 coprocessor.go:379: [info] [TIME_COP_TASK] 308.543091ms backoff(300ms [regionMiss regionMiss]) region(22 2 10) ranges(1) store()
2017/12/19 06:45:28.968 session.go:291: [warning] [0] retryable error: [try again later]: tikv restarts txn: Txn(Mvcc(WriteConflict { start_ts: 396798441251930116, conflict_ts: 396798441265299467, key: [116, 128, 0, 0, 0, 0, 0, 0, 255, 15, 95, 114, 128, 0, 0, 0, 0, 255, 0, 58, 153, 0, 0, 0, 0, 0, 250], primary: [116, 128, 0, 0, 0, 0, 0, 0, 15, 95, 114, 128, 0, 0, 0, 0, 0, 58, 153] })), txn: <nil>
2017/12/19 06:45:28.968 session.go:301: [warning] [0] finished txn:<nil>, [0] can not retry select for update statement
2017/12/19 06:45:28.968 tidb.go:169: [info] RollbackTxn for ddl/autocommit error.
2017/12/19 06:45:28.968 2pc.go:577: [info] 2PC clean up done, tid: 396798441251930116
2017/12/19 06:45:28.968 session.go:674: [warning] [0] session error:
/home/jenkins/workspace/build_tidb_master/go/src/github.com/pingcap/tidb/session.go:395: [0] can not retry select for update statement
/home/jenkins/workspace/build_tidb_master/go/src/github.com/pingcap/tidb/session.go:302: 
/home/jenkins/workspace/build_tidb_master/go/src/github.com/pingcap/tidb/session.go:325: 
/home/jenkins/workspace/build_tidb_master/go/src/github.com/pingcap/tidb/session.go:862: 
/home/jenkins/workspace/build_tidb_master/go/src/github.com/pingcap/tidb/executor/simple.go:112: 
/home/jenkins/workspace/build_tidb_master/go/src/github.com/pingcap/tidb/executor/simple.go:83: 
/home/jenkins/workspace/build_tidb_master/go/src/github.com/pingcap/tidb/executor/adapter.go:279: 
/home/jenkins/workspace/build_tidb_master/go/src/github.com/pingcap/tidb/tidb.go:176: 
{
  "currDBName": "",
  "id": 0,
  "status": 2,
  "strictMode": true,
  "user": null
}
2017/12/19 06:45:28.968 gc_worker.go:162: [warning] [gc worker] check leader err: [0] can not retry select for update statement
2017/12/19 06:45:33.724 client.go:319: [error] tso request is canceled due to timeout
2017/12/19 06:45:33.724 client.go:391: [error] [pd] getTS error: rpc error: code = Canceled desc = context canceled
2017/12/19 06:45:36.724 client.go:319: [error] tso request is canceled due to timeout
2017/12/19 06:45:36.724 client.go:391: [error] [pd] getTS error: rpc error: code = Canceled desc = context canceled
2017/12/19 06:45:36.725 pd.go:126: [error] updateTS error: rpc error: code = Canceled desc = context canceled
2017/12/19 06:45:36.725 client.go:297: [error] [pd] failed updateLeader: failed to get leader from [http://10.0.0.10:2579 http://10.0.0.8:2379 http://10.0.0.9:2479]
2017/12/19 06:45:39.725 client.go:319: [error] tso request is canceled due to timeout
2017/12/19 06:45:39.725 client.go:391: [error] [pd] getTS error: rpc error: code = Canceled desc = context canceled
2017/12/19 06:45:39.725 pd.go:126: [error] updateTS error: rpc error: code = Canceled desc = context canceled
2017/12/19 06:45:39.725 client.go:297: [error] [pd] failed updateLeader: failed to get leader from [http://10.0.0.10:2579 http://10.0.0.8:2379 http://10.0.0.9:2479]
2017/12/19 06:45:40.045 kv.go:244: [error] [tikv] fail to load safepoint: context deadline exceeded
2017/12/19 06:45:42.725 client.go:319: [error] tso request is canceled due to timeout
2017/12/19 06:45:42.726 client.go:391: [error] [pd] getTS error: rpc error: code = Canceled desc = context canceled
2017/12/19 06:45:42.726 pd.go:126: [error] updateTS error: rpc error: code = Canceled desc = context canceled
2017/12/19 06:45:42.726 client.go:297: [error] [pd] failed updateLeader: failed to get leader from [http://10.0.0.10:2579 http://10.0.0.8:2379 http://10.0.0.9:2479]
2017/12/19 06:45:45.726 client.go:319: [error] tso request is canceled due to timeout
2017/12/19 06:45:45.726 client.go:391: [error] [pd] getTS error: rpc error: code = Canceled desc = context canceled
2017/12/19 06:45:45.726 pd.go:126: [error] updateTS error: rpc error: code = Canceled desc = context canceled
2017/12/19 06:45:45.727 client.go:297: [error] [pd] failed updateLeader: failed to get leader from [http://10.0.0.10:2579 http://10.0.0.8:2379 http://10.0.0.9:2479]
2017/12/19 06:45:46.046 kv.go:244: [error] [tikv] fail to load safepoint: context deadline exceeded
2017/12/19 06:45:48.726 client.go:319: [error] tso request is canceled due to timeout
2017/12/19 06:45:48.727 client.go:391: [error] [pd] getTS error: rpc error: code = Canceled desc = context canceled
2017/12/19 06:45:48.727 pd.go:126: [error] updateTS error: rpc error: code = Canceled desc = context canceled
2017/12/19 06:45:48.728 client.go:297: [error] [pd] failed updateLeader: failed to get leader from [http://10.0.0.10:2579 http://10.0.0.8:2379 http://10.0.0.9:2479]
2017/12/19 06:45:51.727 client.go:319: [error] tso request is canceled due to timeout
2017/12/19 06:45:51.727 client.go:391: [error] [pd] getTS error: rpc error: code = Canceled desc = context canceled
2017/12/19 06:45:51.729 client.go:297: [error] [pd] failed updateLeader: failed to get leader from [http://10.0.0.10:2579 http://10.0.0.8:2379 http://10.0.0.9:2479]
2017/12/19 06:45:52.046 kv.go:244: [error] [tikv] fail to load safepoint: context deadline exceeded
2017/12/19 06:45:54.727 client.go:319: [error] tso request is canceled due to timeout
2017/12/19 06:45:54.727 client.go:391: [error] [pd] getTS error: rpc error: code = Canceled desc = context canceled
2017/12/19 06:45:54.728 pd.go:126: [error] updateTS error: rpc error: code = Canceled desc = context canceled
2017/12/19 06:45:54.730 client.go:297: [error] [pd] failed updateLeader: failed to get leader from [http://10.0.0.10:2579 http://10.0.0.8:2379 http://10.0.0.9:2479]
2017/12/19 06:45:57.728 client.go:319: [error] tso request is canceled due to timeout
2017/12/19 06:45:57.728 client.go:391: [error] [pd] getTS error: rpc error: code = Canceled desc = context canceled
2017/12/19 06:45:57.731 client.go:297: [error] [pd] failed updateLeader: failed to get leader from [http://10.0.0.10:2579 http://10.0.0.8:2379 http://10.0.0.9:2479]
2017/12/19 06:45:58.047 kv.go:244: [error] [tikv] fail to load safepoint: context deadline exceeded
2017/12/19 06:46:00.661 backoff.go:211: [warning] backoffer.maxSleep 5000ms is exceeded, errors:
get timestamp failed: rpc error: code = Canceled desc = context canceled
get timestamp failed: rpc error: code = Canceled desc = context canceled
get timestamp failed: rpc error: code = Canceled desc = context canceled
2017/12/19 06:46:00.661 tidb.go:169: [info] RollbackTxn for ddl/autocommit error.
2017/12/19 06:46:00.661 session.go:674: [warning] [1] session error:
/home/jenkins/workspace/build_tidb_master/go/src/github.com/pingcap/tidb/store/tikv/backoff.go:131: [tikv:9001]PD server timeout[try again later]
/home/jenkins/workspace/build_tidb_master/go/src/github.com/pingcap/tidb/store/tikv/kv.go:400: 
/home/jenkins/workspace/build_tidb_master/go/src/github.com/pingcap/tidb/store/tikv/txn.go:49: 
/home/jenkins/workspace/build_tidb_master/go/src/github.com/pingcap/tidb/store/tikv/kv.go:338: 
/home/jenkins/workspace/build_tidb_master/go/src/github.com/pingcap/tidb/session.go:1260: 
/home/jenkins/workspace/build_tidb_master/go/src/github.com/pingcap/tidb/executor/adapter.go:310: 
/home/jenkins/workspace/build_tidb_master/go/src/github.com/pingcap/tidb/executor/adapter.go:211: 
/home/jenkins/workspace/build_tidb_master/go/src/github.com/pingcap/tidb/tidb.go:176: 
{
  "currDBName": "lily",
  "id": 1,
  "status": 2,
  "strictMode": true,
  "user": {
    "Username": "root",
    "Hostname": "10.0.0.11"
  }
}
2017/12/19 06:46:00.661 conn.go:440: [warning] [1] dispatch error:
id:1, addr:10.0.0.11:39738 status:2, collation:utf8_general_ci, user:root
"UPDATE storage SET value = 4890 WHERE id = 'key2'"
/home/jenkins/workspace/build_tidb_master/go/src/github.com/pingcap/tidb/store/tikv/backoff.go:131: [tikv:9001]PD server timeout[try again later]
/home/jenkins/workspace/build_tidb_master/go/src/github.com/pingcap/tidb/store/tikv/kv.go:400: 
/home/jenkins/workspace/build_tidb_master/go/src/github.com/pingcap/tidb/store/tikv/txn.go:49: 
/home/jenkins/workspace/build_tidb_master/go/src/github.com/pingcap/tidb/store/tikv/kv.go:338: 
/home/jenkins/workspace/build_tidb_master/go/src/github.com/pingcap/tidb/session.go:1260: 
/home/jenkins/workspace/build_tidb_master/go/src/github.com/pingcap/tidb/executor/adapter.go:310: 
/home/jenkins/workspace/build_tidb_master/go/src/github.com/pingcap/tidb/executor/adapter.go:211: 
/home/jenkins/workspace/build_tidb_master/go/src/github.com/pingcap/tidb/tidb.go:176: 
/home/jenkins/workspace/build_tidb_master/go/src/github.com/pingcap/tidb/session.go:676: 
/home/jenkins/workspace/build_tidb_master/go/src/github.com/pingcap/tidb/session.go:760: 
/home/jenkins/workspace/build_tidb_master/go/src/github.com/pingcap/tidb/server/conn.go:760: 
2017/12/19 06:46:00.664 server.go:297: [info] [1] close connection
2017/12/19 06:46:00.666 server.go:119: [info] [2] new connection 10.0.0.11:39932
2017/12/19 06:46:00.728 client.go:319: [error] tso request is canceled due to timeout
2017/12/19 06:46:00.728 client.go:391: [error] [pd] getTS error: rpc error: code = Canceled desc = context canceled
2017/12/19 06:46:00.728 pd.go:126: [error] updateTS error: rpc error: code = Canceled desc = context canceled
2017/12/19 06:46:00.732 client.go:297: [error] [pd] failed updateLeader: failed to get leader from [http://10.0.0.10:2579 http://10.0.0.8:2379 http://10.0.0.9:2479]
2017/12/19 06:46:02.274 backoff.go:211: [warning] backoffer.maxSleep 5000ms is exceeded, errors:
get timestamp failed: rpc error: code = Canceled desc = context canceled
get timestamp failed: rpc error: code = Canceled desc = context canceled
get timestamp failed: rpc error: code = Canceled desc = context canceled
2017/12/19 06:46:02.274 txn.go:37: [error] [kv] RunInNewTxn error - [tikv:9001]PD server timeout[try again later]
2017/12/19 06:46:02.274 ddl_worker.go:60: [error] [ddl] handle ddl job err /home/jenkins/workspace/build_tidb_master/go/src/github.com/pingcap/tidb/store/tikv/backoff.go:131: [tikv:9001]PD server timeout[try again later]
/home/jenkins/workspace/build_tidb_master/go/src/github.com/pingcap/tidb/store/tikv/kv.go:400: 
/home/jenkins/workspace/build_tidb_master/go/src/github.com/pingcap/tidb/store/tikv/txn.go:49: 
/home/jenkins/workspace/build_tidb_master/go/src/github.com/pingcap/tidb/store/tikv/kv.go:338: 
/home/jenkins/workspace/build_tidb_master/go/src/github.com/pingcap/tidb/kv/txn.go:38: 
/home/jenkins/workspace/build_tidb_master/go/src/github.com/pingcap/tidb/ddl/ddl_worker.go:223: 
2017/12/19 06:46:03.728 client.go:319: [error] tso request is canceled due to timeout
2017/12/19 06:46:03.729 client.go:391: [error] [pd] getTS error: rpc error: code = Canceled desc = context canceled
2017/12/19 06:46:03.729 pd.go:126: [error] updateTS error: rpc error: code = Canceled desc = context canceled
2017/12/19 06:46:03.732 client.go:297: [error] [pd] failed updateLeader: failed to get leader from [http://10.0.0.10:2579 http://10.0.0.8:2379 http://10.0.0.9:2479]
2017/12/19 06:46:04.047 kv.go:244: [error] [tikv] fail to load safepoint: context deadline exceeded
2017/12/19 06:46:06.110 backoff.go:211: [warning] backoffer.maxSleep 5000ms is exceeded, errors:
get timestamp failed: rpc error: code = Canceled desc = context canceled
get timestamp failed: rpc error: code = Canceled desc = context canceled
get timestamp failed: rpc error: code = Canceled desc = context canceled
2017/12/19 06:46:06.110 tidb.go:169: [info] RollbackTxn for ddl/autocommit error.
2017/12/19 06:46:06.110 session.go:674: [warning] [0] session error:
/home/jenkins/workspace/build_tidb_master/go/src/github.com/pingcap/tidb/store/tikv/backoff.go:131: [tikv:9001]PD server timeout[try again later]
/home/jenkins/workspace/build_tidb_master/go/src/github.com/pingcap/tidb/store/tikv/kv.go:400: 
/home/jenkins/workspace/build_tidb_master/go/src/github.com/pingcap/tidb/store/tikv/txn.go:49: 
/home/jenkins/workspace/build_tidb_master/go/src/github.com/pingcap/tidb/store/tikv/kv.go:338: 
/home/jenkins/workspace/build_tidb_master/go/src/github.com/pingcap/tidb/session.go:1260: 
/home/jenkins/workspace/build_tidb_master/go/src/github.com/pingcap/tidb/executor/adapter.go:310: 
/home/jenkins/workspace/build_tidb_master/go/src/github.com/pingcap/tidb/executor/adapter.go:211: 
/home/jenkins/workspace/build_tidb_master/go/src/github.com/pingcap/tidb/tidb.go:176: 
{
  "currDBName": "",
  "id": 0,
  "status": 2,
  "strictMode": true,
  "user": null
}
2017/12/19 06:46:06.110 domain.go:623: [error] [stats] update stats info fail: /home/jenkins/workspace/build_tidb_master/go/src/github.com/pingcap/tidb/store/tikv/backoff.go:131: [tikv:9001]PD server timeout[try again later]
/home/jenkins/workspace/build_tidb_master/go/src/github.com/pingcap/tidb/store/tikv/kv.go:400: 
/home/jenkins/workspace/build_tidb_master/go/src/github.com/pingcap/tidb/store/tikv/txn.go:49: 
/home/jenkins/workspace/build_tidb_master/go/src/github.com/pingcap/tidb/store/tikv/kv.go:338: 
/home/jenkins/workspace/build_tidb_master/go/src/github.com/pingcap/tidb/session.go:1260: 
/home/jenkins/workspace/build_tidb_master/go/src/github.com/pingcap/tidb/executor/adapter.go:310: 
/home/jenkins/workspace/build_tidb_master/go/src/github.com/pingcap/tidb/executor/adapter.go:211: 
/home/jenkins/workspace/build_tidb_master/go/src/github.com/pingcap/tidb/tidb.go:176: 
/home/jenkins/workspace/build_tidb_master/go/src/github.com/pingcap/tidb/session.go:676: 
/home/jenkins/workspace/build_tidb_master/go/src/github.com/pingcap/tidb/session.go:760: 
/home/jenkins/workspace/build_tidb_master/go/src/github.com/pingcap/tidb/session.go:493: 
/home/jenkins/workspace/build_tidb_master/go/src/github.com/pingcap/tidb/statistics/handle.go:96: 
2017/12/19 06:46:06.209 backoff.go:211: [warning] backoffer.maxSleep 5000ms is exceeded, errors:
get timestamp failed: rpc error: code = Canceled desc = context canceled
get timestamp failed: rpc error: code = Canceled desc = context canceled
get timestamp failed: rpc error: code = Canceled desc = context canceled
2017/12/19 06:46:06.209 domain.go:333: [error] [ddl] reload schema in loop err /home/jenkins/workspace/build_tidb_master/go/src/github.com/pingcap/tidb/store/tikv/backoff.go:131: [tikv:9001]PD server timeout[try again later]
/home/jenkins/workspace/build_tidb_master/go/src/github.com/pingcap/tidb/store/tikv/kv.go:400: 
/home/jenkins/workspace/build_tidb_master/go/src/github.com/pingcap/tidb/store/tikv/kv.go:387: 
/home/jenkins/workspace/build_tidb_master/go/src/github.com/pingcap/tidb/domain/domain.go:284: 
2017/12/19 06:46:06.729 client.go:319: [error] tso request is canceled due to timeout
2017/12/19 06:46:06.729 client.go:391: [error] [pd] getTS error: rpc error: code = Canceled desc = context canceled
2017/12/19 06:46:06.733 client.go:297: [error] [pd] failed updateLeader: failed to get leader from [http://10.0.0.10:2579 http://10.0.0.8:2379 http://10.0.0.9:2479]
2017/12/19 06:46:09.729 client.go:319: [error] tso request is canceled due to timeout
2017/12/19 06:46:09.729 client.go:391: [error] [pd] getTS error: rpc error: code = Canceled desc = context canceled
2017/12/19 06:46:09.729 pd.go:126: [error] updateTS error: rpc error: code = Canceled desc = context canceled
2017/12/19 06:46:09.734 client.go:297: [error] [pd] failed updateLeader: failed to get leader from [http://10.0.0.10:2579 http://10.0.0.8:2379 http://10.0.0.9:2479]
2017/12/19 06:46:10.048 kv.go:244: [error] [tikv] fail to load safepoint: context deadline exceeded
2017/12/19 06:46:12.730 client.go:319: [error] tso request is canceled due to timeout
2017/12/19 06:46:12.730 client.go:391: [error] [pd] getTS error: rpc error: code = Canceled desc = context canceled
2017/12/19 06:46:12.730 pd.go:126: [error] updateTS error: rpc error: code = Canceled desc = context canceled
2017/12/19 06:46:12.734 client.go:297: [error] [pd] failed updateLeader: failed to get leader from [http://10.0.0.10:2579 http://10.0.0.8:2379 http://10.0.0.9:2479]
2017/12/19 06:46:15.725 client.go:297: [error] [pd] failed updateLeader: failed to get leader from [http://10.0.0.10:2579 http://10.0.0.8:2379 http://10.0.0.9:2479]
2017/12/19 06:46:15.730 client.go:319: [error] tso request is canceled due to timeout
2017/12/19 06:46:15.730 client.go:391: [error] [pd] getTS error: rpc error: code = Canceled desc = context canceled
2017/12/19 06:46:16.048 kv.go:244: [error] [tikv] fail to load safepoint: context deadline exceeded
2017/12/19 06:46:18.731 client.go:319: [error] tso request is canceled due to timeout
2017/12/19 06:46:18.731 client.go:391: [error] [pd] getTS error: rpc error: code = Canceled desc = context canceled
2017/12/19 06:46:18.731 pd.go:126: [error] updateTS error: rpc error: code = Canceled desc = context canceled
2017/12/19 06:46:18.731 client.go:297: [error] [pd] failed updateLeader: failed to get leader from [http://10.0.0.10:2579 http://10.0.0.8:2379 http://10.0.0.9:2479]
2017/12/19 06:46:21.731 client.go:319: [error] tso request is canceled due to timeout
2017/12/19 06:46:21.731 client.go:391: [error] [pd] getTS error: rpc error: code = Canceled desc = context canceled
2017/12/19 06:46:21.732 client.go:297: [error] [pd] failed updateLeader: failed to get leader from [http://10.0.0.10:2579 http://10.0.0.8:2379 http://10.0.0.9:2479]
2017/12/19 06:46:22.049 kv.go:244: [error] [tikv] fail to load safepoint: context deadline exceeded
2017/12/19 06:46:24.731 client.go:319: [error] tso request is canceled due to timeout
2017/12/19 06:46:24.731 client.go:391: [error] [pd] getTS error: rpc error: code = Canceled desc = context canceled
2017/12/19 06:46:24.732 pd.go:126: [error] updateTS error: rpc error: code = Canceled desc = context canceled
2017/12/19 06:46:24.732 client.go:297: [error] [pd] failed updateLeader: failed to get leader from [http://10.0.0.10:2579 http://10.0.0.8:2379 http://10.0.0.9:2479]
2017/12/19 06:46:27.732 client.go:319: [error] tso request is canceled due to timeout
2017/12/19 06:46:27.732 client.go:391: [error] [pd] getTS error: rpc error: code = Canceled desc = context canceled
2017/12/19 06:46:27.733 client.go:297: [error] [pd] failed updateLeader: failed to get leader from [http://10.0.0.10:2579 http://10.0.0.8:2379 http://10.0.0.9:2479]
2017/12/19 06:46:28.049 kv.go:244: [error] [tikv] fail to load safepoint: context deadline exceeded
2017/12/19 06:46:30.168 backoff.go:211: [warning] backoffer.maxSleep 5000ms is exceeded, errors:
get timestamp failed: rpc error: code = Canceled desc = context canceled
get timestamp failed: rpc error: code = Canceled desc = context canceled
get timestamp failed: rpc error: code = Canceled desc = context canceled
2017/12/19 06:46:30.168 tidb.go:169: [info] RollbackTxn for ddl/autocommit error.
2017/12/19 06:46:30.168 session.go:674: [warning] [2] session error:
/home/jenkins/workspace/build_tidb_master/go/src/github.com/pingcap/tidb/store/tikv/backoff.go:131: [tikv:9001]PD server timeout[try again later]
/home/jenkins/workspace/build_tidb_master/go/src/github.com/pingcap/tidb/store/tikv/kv.go:400: 
/home/jenkins/workspace/build_tidb_master/go/src/github.com/pingcap/tidb/store/tikv/txn.go:49: 
/home/jenkins/workspace/build_tidb_master/go/src/github.com/pingcap/tidb/store/tikv/kv.go:338: 
/home/jenkins/workspace/build_tidb_master/go/src/github.com/pingcap/tidb/session.go:1260: 
/home/jenkins/workspace/build_tidb_master/go/src/github.com/pingcap/tidb/executor/adapter.go:310: 
/home/jenkins/workspace/build_tidb_master/go/src/github.com/pingcap/tidb/executor/adapter.go:211: 
/home/jenkins/workspace/build_tidb_master/go/src/github.com/pingcap/tidb/tidb.go:176: 
{
  "currDBName": "",
  "id": 2,
  "status": 2,
  "strictMode": true,
  "user": {
    "Username": "root",
    "Hostname": "10.0.0.11"
  }
}
2017/12/19 06:46:30.168 server.go:303: [info] handshake error /home/jenkins/workspace/build_tidb_master/go/src/github.com/pingcap/tidb/store/tikv/backoff.go:131: [tikv:9001]PD server timeout[try again later]
/home/jenkins/workspace/build_tidb_master/go/src/github.com/pingcap/tidb/store/tikv/kv.go:400: 
/home/jenkins/workspace/build_tidb_master/go/src/github.com/pingcap/tidb/store/tikv/txn.go:49: 
/home/jenkins/workspace/build_tidb_master/go/src/github.com/pingcap/tidb/store/tikv/kv.go:338: 
/home/jenkins/workspace/build_tidb_master/go/src/github.com/pingcap/tidb/session.go:1260: 
/home/jenkins/workspace/build_tidb_master/go/src/github.com/pingcap/tidb/executor/adapter.go:310: 
/home/jenkins/workspace/build_tidb_master/go/src/github.com/pingcap/tidb/executor/adapter.go:211: 
/home/jenkins/workspace/build_tidb_master/go/src/github.com/pingcap/tidb/tidb.go:176: 
/home/jenkins/workspace/build_tidb_master/go/src/github.com/pingcap/tidb/session.go:676: 
/home/jenkins/workspace/build_tidb_master/go/src/github.com/pingcap/tidb/session.go:760: 
/home/jenkins/workspace/build_tidb_master/go/src/github.com/pingcap/tidb/server/conn.go:578: 
/home/jenkins/workspace/build_tidb_master/go/src/github.com/pingcap/tidb/server/conn.go:380: 
/home/jenkins/workspace/build_tidb_master/go/src/github.com/pingcap/tidb/server/conn.go:107: 
2017/12/19 06:46:30.169 server.go:297: [info] [2] close connection
2017/12/19 06:46:30.171 server.go:119: [info] [3] new connection 10.0.0.11:39994
2017/12/19 06:46:30.732 client.go:319: [error] tso request is canceled due to timeout
2017/12/19 06:46:30.732 client.go:391: [error] [pd] getTS error: rpc error: code = Canceled desc = context canceled
2017/12/19 06:46:30.732 pd.go:126: [error] updateTS error: rpc error: code = Canceled desc = context canceled
2017/12/19 06:46:30.734 client.go:297: [error] [pd] failed updateLeader: failed to get leader from [http://10.0.0.10:2579 http://10.0.0.8:2379 http://10.0.0.9:2479]
2017/12/19 06:46:33.303 backoff.go:211: [warning] backoffer.maxSleep 5000ms is exceeded, errors:
get timestamp failed: rpc error: code = Canceled desc = context canceled
get timestamp failed: rpc error: code = Canceled desc = context canceled
get timestamp failed: rpc error: code = Canceled desc = context canceled
2017/12/19 06:46:33.303 txn.go:37: [error] [kv] RunInNewTxn error - [tikv:9001]PD server timeout[try again later]
2017/12/19 06:46:33.303 ddl_worker.go:60: [error] [ddl] handle ddl job err /home/jenkins/workspace/build_tidb_master/go/src/github.com/pingcap/tidb/store/tikv/backoff.go:131: [tikv:9001]PD server timeout[try again later]
/home/jenkins/workspace/build_tidb_master/go/src/github.com/pingcap/tidb/store/tikv/kv.go:400: 
/home/jenkins/workspace/build_tidb_master/go/src/github.com/pingcap/tidb/store/tikv/txn.go:49: 
/home/jenkins/workspace/build_tidb_master/go/src/github.com/pingcap/tidb/store/tikv/kv.go:338: 
/home/jenkins/workspace/build_tidb_master/go/src/github.com/pingcap/tidb/kv/txn.go:38: 
/home/jenkins/workspace/build_tidb_master/go/src/github.com/pingcap/tidb/ddl/ddl_worker.go:223: 
2017/12/19 06:46:33.733 client.go:319: [error] tso request is canceled due to timeout
2017/12/19 06:46:33.733 client.go:391: [error] [pd] getTS error: rpc error: code = Canceled desc = context canceled
2017/12/19 06:46:33.733 pd.go:126: [error] updateTS error: rpc error: code = Canceled desc = context canceled
2017/12/19 06:46:33.734 client.go:297: [error] [pd] failed updateLeader: failed to get leader from [http://10.0.0.10:2579 http://10.0.0.8:2379 http://10.0.0.9:2479]
2017/12/19 06:46:34.049 kv.go:244: [error] [tikv] fail to load safepoint: context deadline exceeded
2017/12/19 06:46:35.337 backoff.go:211: [warning] backoffer.maxSleep 5000ms is exceeded, errors:
get timestamp failed: rpc error: code = Canceled desc = context canceled
get timestamp failed: rpc error: code = Canceled desc = context canceled
get timestamp failed: rpc error: code = Canceled desc = context canceled
2017/12/19 06:46:35.337 domain.go:333: [error] [ddl] reload schema in loop err /home/jenkins/workspace/build_tidb_master/go/src/github.com/pingcap/tidb/store/tikv/backoff.go:131: [tikv:9001]PD server timeout[try again later]
/home/jenkins/workspace/build_tidb_master/go/src/github.com/pingcap/tidb/store/tikv/kv.go:400: 
/home/jenkins/workspace/build_tidb_master/go/src/github.com/pingcap/tidb/store/tikv/kv.go:387: 
/home/jenkins/workspace/build_tidb_master/go/src/github.com/pingcap/tidb/domain/domain.go:284: 
2017/12/19 06:46:36.411 backoff.go:211: [warning] backoffer.maxSleep 5000ms is exceeded, errors:
get timestamp failed: rpc error: code = Canceled desc = context canceled
get timestamp failed: rpc error: code = Canceled desc = context canceled
get timestamp failed: rpc error: code = Canceled desc = context canceled
2017/12/19 06:46:36.411 tidb.go:169: [info] RollbackTxn for ddl/autocommit error.
2017/12/19 06:46:36.411 session.go:674: [warning] [0] session error:
/home/jenkins/workspace/build_tidb_master/go/src/github.com/pingcap/tidb/store/tikv/backoff.go:131: [tikv:9001]PD server timeout[try again later]
/home/jenkins/workspace/build_tidb_master/go/src/github.com/pingcap/tidb/store/tikv/kv.go:400: 
/home/jenkins/workspace/build_tidb_master/go/src/github.com/pingcap/tidb/store/tikv/txn.go:49: 
/home/jenkins/workspace/build_tidb_master/go/src/github.com/pingcap/tidb/store/tikv/kv.go:338: 
/home/jenkins/workspace/build_tidb_master/go/src/github.com/pingcap/tidb/session.go:1260: 
/home/jenkins/workspace/build_tidb_master/go/src/github.com/pingcap/tidb/executor/adapter.go:310: 
/home/jenkins/workspace/build_tidb_master/go/src/github.com/pingcap/tidb/executor/adapter.go:211: 
/home/jenkins/workspace/build_tidb_master/go/src/github.com/pingcap/tidb/tidb.go:176: 
{
  "currDBName": "",
  "id": 0,
  "status": 2,
  "strictMode": true,
  "user": null
}
2017/12/19 06:46:36.411 update.go:118: [warning] Error happens when updating stats table, the error message is [tikv:9001]PD server timeout[try again later].
2017/12/19 06:46:36.733 client.go:319: [error] tso request is canceled due to timeout
2017/12/19 06:46:36.733 client.go:391: [error] [pd] getTS error: rpc error: code = Canceled desc = context canceled
2017/12/19 06:46:36.735 client.go:297: [error] [pd] failed updateLeader: failed to get leader from [http://10.0.0.10:2579 http://10.0.0.8:2379 http://10.0.0.9:2479]
2017/12/19 06:46:39.733 client.go:319: [error] tso request is canceled due to timeout
2017/12/19 06:46:39.734 pd.go:126: [error] updateTS error: rpc error: code = Canceled desc = context canceled
2017/12/19 06:46:39.734 client.go:391: [error] [pd] getTS error: rpc error: code = Canceled desc = context canceled
2017/12/19 06:46:42.734 client.go:319: [error] tso request is canceled due to timeout
2017/12/19 06:46:42.734 client.go:391: [error] [pd] getTS error: rpc error: code = Canceled desc = context canceled
2017/12/19 06:46:42.734 pd.go:126: [error] updateTS error: rpc error: code = Canceled desc = context canceled
2017/12/19 06:46:45.734 client.go:319: [error] tso request is canceled due to timeout
2017/12/19 06:46:45.734 client.go:391: [error] [pd] getTS error: rpc error: code = Canceled desc = context canceled
2017/12/19 06:46:48.735 client.go:319: [error] tso request is canceled due to timeout
2017/12/19 06:46:48.735 client.go:391: [error] [pd] getTS error: rpc error: code = Canceled desc = context canceled
2017/12/19 06:46:48.735 pd.go:126: [error] updateTS error: rpc error: code = Canceled desc = context canceled
2017/12/19 06:46:51.735 client.go:319: [error] tso request is canceled due to timeout
2017/12/19 06:46:51.735 client.go:391: [error] [pd] getTS error: rpc error: code = Canceled desc = context canceled
2017/12/19 06:46:54.735 client.go:319: [error] tso request is canceled due to timeout
2017/12/19 06:46:54.736 client.go:391: [error] [pd] getTS error: rpc error: code = Canceled desc = context canceled
2017/12/19 06:46:54.736 pd.go:126: [error] updateTS error: rpc error: code = Canceled desc = context canceled
2017/12/19 06:46:57.318 backoff.go:211: [warning] backoffer.maxSleep 5000ms is exceeded, errors:
get timestamp failed: rpc error: code = Canceled desc = context canceled
get timestamp failed: rpc error: code = Canceled desc = context canceled
get timestamp failed: rpc error: code = Canceled desc = context canceled
2017/12/19 06:46:57.318 tidb.go:169: [info] RollbackTxn for ddl/autocommit error.
2017/12/19 06:46:57.318 session.go:674: [warning] [0] session error:
/home/jenkins/workspace/build_tidb_master/go/src/github.com/pingcap/tidb/store/tikv/backoff.go:131: [tikv:9001]PD server timeout[try again later]
/home/jenkins/workspace/build_tidb_master/go/src/github.com/pingcap/tidb/store/tikv/kv.go:400: 
/home/jenkins/workspace/build_tidb_master/go/src/github.com/pingcap/tidb/store/tikv/txn.go:49: 
/home/jenkins/workspace/build_tidb_master/go/src/github.com/pingcap/tidb/store/tikv/kv.go:338: 
/home/jenkins/workspace/build_tidb_master/go/src/github.com/pingcap/tidb/session.go:1260: 
/home/jenkins/workspace/build_tidb_master/go/src/github.com/pingcap/tidb/executor/adapter.go:310: 
/home/jenkins/workspace/build_tidb_master/go/src/github.com/pingcap/tidb/executor/adapter.go:211: 
/home/jenkins/workspace/build_tidb_master/go/src/github.com/pingcap/tidb/tidb.go:176: 
{
  "currDBName": "",
  "id": 0,
  "status": 2,
  "strictMode": true,
  "user": null
}
2017/12/19 06:46:57.318 gc_worker.go:162: [warning] [gc worker] check leader err: [tikv:9001]PD server timeout[try again later]
2017/12/19 06:46:57.736 client.go:319: [error] tso request is canceled due to timeout
2017/12/19 06:46:57.736 client.go:391: [error] [pd] getTS error: rpc error: code = Canceled desc = context canceled
2017/12/19 06:46:57.736 pd.go:126: [error] updateTS error: rpc error: code = Canceled desc = context canceled
2017/12/19 06:47:00.376 backoff.go:211: [warning] backoffer.maxSleep 5000ms is exceeded, errors:
get timestamp failed: rpc error: code = Canceled desc = context canceled
get timestamp failed: rpc error: code = Canceled desc = context canceled
get timestamp failed: rpc error: code = Canceled desc = context canceled
2017/12/19 06:47:00.376 tidb.go:169: [info] RollbackTxn for ddl/autocommit error.
2017/12/19 06:47:00.376 session.go:674: [warning] [3] session error:
/home/jenkins/workspace/build_tidb_master/go/src/github.com/pingcap/tidb/store/tikv/backoff.go:131: [tikv:9001]PD server timeout[try again later]
/home/jenkins/workspace/build_tidb_master/go/src/github.com/pingcap/tidb/store/tikv/kv.go:400: 
/home/jenkins/workspace/build_tidb_master/go/src/github.com/pingcap/tidb/store/tikv/txn.go:49: 
/home/jenkins/workspace/build_tidb_master/go/src/github.com/pingcap/tidb/store/tikv/kv.go:338: 
/home/jenkins/workspace/build_tidb_master/go/src/github.com/pingcap/tidb/session.go:1260: 
/home/jenkins/workspace/build_tidb_master/go/src/github.com/pingcap/tidb/executor/adapter.go:310: 
/home/jenkins/workspace/build_tidb_master/go/src/github.com/pingcap/tidb/executor/adapter.go:211: 
/home/jenkins/workspace/build_tidb_master/go/src/github.com/pingcap/tidb/tidb.go:176: 
{
  "currDBName": "",
  "id": 3,
  "status": 2,
  "strictMode": true,
  "user": {
    "Username": "root",
    "Hostname": "10.0.0.11"
  }
}
2017/12/19 06:47:00.376 server.go:303: [info] handshake error /home/jenkins/workspace/build_tidb_master/go/src/github.com/pingcap/tidb/store/tikv/backoff.go:131: [tikv:9001]PD server timeout[try again later]
/home/jenkins/workspace/build_tidb_master/go/src/github.com/pingcap/tidb/store/tikv/kv.go:400: 
/home/jenkins/workspace/build_tidb_master/go/src/github.com/pingcap/tidb/store/tikv/txn.go:49: 
/home/jenkins/workspace/build_tidb_master/go/src/github.com/pingcap/tidb/store/tikv/kv.go:338: 
/home/jenkins/workspace/build_tidb_master/go/src/github.com/pingcap/tidb/session.go:1260: 
/home/jenkins/workspace/build_tidb_master/go/src/github.com/pingcap/tidb/executor/adapter.go:310: 
/home/jenkins/workspace/build_tidb_master/go/src/github.com/pingcap/tidb/executor/adapter.go:211: 
/home/jenkins/workspace/build_tidb_master/go/src/github.com/pingcap/tidb/tidb.go:176: 
/home/jenkins/workspace/build_tidb_master/go/src/github.com/pingcap/tidb/session.go:676: 
/home/jenkins/workspace/build_tidb_master/go/src/github.com/pingcap/tidb/session.go:760: 
/home/jenkins/workspace/build_tidb_master/go/src/github.com/pingcap/tidb/server/conn.go:578: 
/home/jenkins/workspace/build_tidb_master/go/src/github.com/pingcap/tidb/server/conn.go:380: 
/home/jenkins/workspace/build_tidb_master/go/src/github.com/pingcap/tidb/server/conn.go:107: 
2017/12/19 06:47:00.376 server.go:297: [info] [3] close connection
2017/12/19 06:47:00.378 server.go:119: [info] [4] new connection 10.0.0.11:40058
2017/12/19 06:47:00.737 client.go:319: [error] tso request is canceled due to timeout
2017/12/19 06:47:00.737 client.go:391: [error] [pd] getTS error: rpc error: code = Canceled desc = context canceled
2017/12/19 06:47:00.737 pd.go:126: [error] updateTS error: rpc error: code = Canceled desc = context canceled
2017/12/19 06:47:03.627 backoff.go:211: [warning] backoffer.maxSleep 5000ms is exceeded, errors:
get timestamp failed: rpc error: code = Canceled desc = context canceled
get timestamp failed: rpc error: code = Canceled desc = context canceled
get timestamp failed: rpc error: code = Canceled desc = context canceled
2017/12/19 06:47:03.627 txn.go:37: [error] [kv] RunInNewTxn error - [tikv:9001]PD server timeout[try again later]
2017/12/19 06:47:03.627 ddl_worker.go:60: [error] [ddl] handle ddl job err /home/jenkins/workspace/build_tidb_master/go/src/github.com/pingcap/tidb/store/tikv/backoff.go:131: [tikv:9001]PD server timeout[try again later]
/home/jenkins/workspace/build_tidb_master/go/src/github.com/pingcap/tidb/store/tikv/kv.go:400: 
/home/jenkins/workspace/build_tidb_master/go/src/github.com/pingcap/tidb/store/tikv/txn.go:49: 
/home/jenkins/workspace/build_tidb_master/go/src/github.com/pingcap/tidb/store/tikv/kv.go:338: 
/home/jenkins/workspace/build_tidb_master/go/src/github.com/pingcap/tidb/kv/txn.go:38: 
/home/jenkins/workspace/build_tidb_master/go/src/github.com/pingcap/tidb/ddl/ddl_worker.go:223: 
2017/12/19 06:47:03.737 client.go:319: [error] tso request is canceled due to timeout
2017/12/19 06:47:03.737 client.go:391: [error] [pd] getTS error: rpc error: code = Canceled desc = context canceled
2017/12/19 06:47:03.737 pd.go:126: [error] updateTS error: rpc error: code = Canceled desc = context canceled
2017/12/19 06:47:05.843 backoff.go:211: [warning] backoffer.maxSleep 5000ms is exceeded, errors:
get timestamp failed: rpc error: code = Canceled desc = context canceled
get timestamp failed: rpc error: code = Canceled desc = context canceled
get timestamp failed: rpc error: code = Canceled desc = context canceled
2017/12/19 06:47:05.843 domain.go:333: [error] [ddl] reload schema in loop err /home/jenkins/workspace/build_tidb_master/go/src/github.com/pingcap/tidb/store/tikv/backoff.go:131: [tikv:9001]PD server timeout[try again later]
/home/jenkins/workspace/build_tidb_master/go/src/github.com/pingcap/tidb/store/tikv/kv.go:400: 
/home/jenkins/workspace/build_tidb_master/go/src/github.com/pingcap/tidb/store/tikv/kv.go:387: 
/home/jenkins/workspace/build_tidb_master/go/src/github.com/pingcap/tidb/domain/domain.go:284: 
2017/12/19 06:47:06.737 client.go:319: [error] tso request is canceled due to timeout
2017/12/19 06:47:06.737 client.go:391: [error] [pd] getTS error: rpc error: code = Canceled desc = context canceled
2017/12/19 06:47:08.915 backoff.go:211: [warning] backoffer.maxSleep 5000ms is exceeded, errors:
get timestamp failed: rpc error: code = Canceled desc = context canceled
get timestamp failed: rpc error: code = Canceled desc = context canceled
get timestamp failed: rpc error: code = Canceled desc = context canceled
2017/12/19 06:47:08.915 tidb.go:169: [info] RollbackTxn for ddl/autocommit error.
2017/12/19 06:47:08.915 session.go:674: [warning] [0] session error:
/home/jenkins/workspace/build_tidb_master/go/src/github.com/pingcap/tidb/store/tikv/backoff.go:131: [tikv:9001]PD server timeout[try again later]
/home/jenkins/workspace/build_tidb_master/go/src/github.com/pingcap/tidb/store/tikv/kv.go:400: 
/home/jenkins/workspace/build_tidb_master/go/src/github.com/pingcap/tidb/store/tikv/txn.go:49: 
/home/jenkins/workspace/build_tidb_master/go/src/github.com/pingcap/tidb/store/tikv/kv.go:338: 
/home/jenkins/workspace/build_tidb_master/go/src/github.com/pingcap/tidb/session.go:1260: 
/home/jenkins/workspace/build_tidb_master/go/src/github.com/pingcap/tidb/executor/adapter.go:310: 
/home/jenkins/workspace/build_tidb_master/go/src/github.com/pingcap/tidb/executor/adapter.go:211: 
/home/jenkins/workspace/build_tidb_master/go/src/github.com/pingcap/tidb/tidb.go:176: 
{
  "currDBName": "",
  "id": 0,
  "status": 2,
  "strictMode": true,
  "user": null
}
2017/12/19 06:47:08.915 update.go:118: [warning] Error happens when updating stats table, the error message is [tikv:9001]PD server timeout[try again later].
2017/12/19 06:47:09.738 client.go:319: [error] tso request is canceled due to timeout
2017/12/19 06:47:09.738 client.go:391: [error] [pd] getTS error: rpc error: code = Canceled desc = context canceled
2017/12/19 06:47:09.738 pd.go:126: [error] updateTS error: rpc error: code = Canceled desc = context canceled
2017/12/19 06:47:12.738 client.go:319: [error] tso request is canceled due to timeout
2017/12/19 06:47:12.738 client.go:391: [error] [pd] getTS error: rpc error: code = Canceled desc = context canceled
2017/12/19 06:47:15.738 client.go:319: [error] tso request is canceled due to timeout
2017/12/19 06:47:15.739 pd.go:126: [error] updateTS error: rpc error: code = Canceled desc = context canceled
2017/12/19 06:47:15.739 client.go:391: [error] [pd] getTS error: rpc error: code = Canceled desc = context canceled
2017/12/19 06:47:18.739 client.go:319: [error] tso request is canceled due to timeout
2017/12/19 06:47:18.739 client.go:391: [error] [pd] getTS error: rpc error: code = Canceled desc = context canceled
2017/12/19 06:47:18.739 pd.go:126: [error] updateTS error: rpc error: code = Canceled desc = context canceled
2017/12/19 06:47:21.096 pd.go:107: [warning] get timestamp too slow: 4.97164567s
2017/12/19 06:47:21.096 pd.go:107: [warning] get timestamp too slow: 4.480566244s
2017/12/19 06:47:21.096 pd.go:107: [warning] get timestamp too slow: 4.526657731s
2017/12/19 06:47:21.097 pd.go:107: [warning] get timestamp too slow: 2.357896843s
2017/12/19 06:47:21.097 pd.go:107: [warning] get timestamp too slow: 627.746483ms
2017/12/19 06:47:29.327 domain.go:314: [warning] [ddl] loading schema takes a long time 23.483555853s
2017/12/19 06:47:31.439 coprocessor.go:379: [info] [TIME_COP_TASK] 10.234474963s backoff(10200ms [regionMiss regionMiss regionMiss regionMiss regionMiss regionMiss regionMiss regionMiss regionMiss regionMiss regionMiss regionMiss regionMiss regionMiss regionMiss regionMiss regionMiss regionMiss regionMiss regionMiss regionMiss regionMiss]) region(2 3 13) ranges(1) store()
2017/12/19 06:47:36.345 coprocessor.go:379: [info] [TIME_COP_TASK] 15.248497595s backoff(15200ms [regionMiss regionMiss regionMiss regionMiss regionMiss regionMiss regionMiss regionMiss regionMiss regionMiss regionMiss regionMiss regionMiss regionMiss regionMiss regionMiss regionMiss regionMiss regionMiss regionMiss regionMiss regionMiss regionMiss regionMiss regionMiss regionMiss regionMiss regionMiss regionMiss regionMiss regionMiss regionMiss]) region(22 3 10) ranges(1) store()
2017/12/19 06:47:36.349 session.go:291: [warning] [0] retryable error: [try again later]: tikv restarts txn: Txn(Mvcc(WriteConflict { start_ts: 396798470050545665, conflict_ts: 396798474585636879, key: [116, 128, 0, 0, 0, 0, 0, 0, 255, 19, 95, 105, 128, 0, 0, 0, 0, 255, 0, 0, 1, 4, 5, 129, 182, 26, 255, 225, 112, 0, 21, 3, 128, 0, 0, 255, 0, 0, 0, 0, 1, 0, 0, 0, 252], primary: [116, 128, 0, 0, 0, 0, 0, 0, 19, 95, 105, 128, 0, 0, 0, 0, 0, 0, 1, 4, 5, 129, 182, 26, 225, 112, 0, 21, 3, 128, 0, 0, 0, 0, 0, 0, 1] })), txn: <nil>
2017/12/19 06:47:36.349 session.go:424: [warning] [0] Retry [0] query [0] begin
2017/12/19 06:47:36.349 2pc.go:577: [info] 2PC clean up done, tid: 396798470050545665
2017/12/19 06:47:36.350 session.go:424: [warning] [0] Retry [0] query [1] update mysql.stats_meta set version = 396798470050545665, count = count + 0, modify_count = modify_count + 137 where table_id = 29
2017/12/19 06:47:36.352 session.go:424: [warning] [0] Retry [0] query [2] commit
2017/12/19 06:47:46.115 coprocessor.go:379: [info] [TIME_COP_TASK] 17.257420596s backoff(17200ms [regionMiss regionMiss regionMiss regionMiss regionMiss regionMiss regionMiss regionMiss regionMiss regionMiss regionMiss regionMiss regionMiss regionMiss regionMiss regionMiss regionMiss regionMiss regionMiss regionMiss regionMiss regionMiss regionMiss regionMiss regionMiss regionMiss regionMiss regionMiss regionMiss regionMiss regionMiss regionMiss regionMiss regionMiss regionMiss regionMiss]) region(18 3 8) ranges(1) store()
2017/12/19 06:47:46.285 session.go:291: [warning] [0] retryable error: [try again later]: tikv restarts txn: Txn(Mvcc(WriteConflict { start_ts: 396798472698200065, conflict_ts: 396798477233291272, key: [116, 128, 0, 0, 0, 0, 0, 0, 255, 15, 95, 114, 128, 0, 0, 0, 0, 255, 0, 58, 153, 0, 0, 0, 0, 0, 250], primary: [116, 128, 0, 0, 0, 0, 0, 0, 15, 95, 114, 128, 0, 0, 0, 0, 0, 58, 153] })), txn: <nil>
2017/12/19 06:47:46.285 session.go:301: [warning] [0] finished txn:<nil>, [0] can not retry select for update statement
2017/12/19 06:47:46.285 tidb.go:169: [info] RollbackTxn for ddl/autocommit error.
2017/12/19 06:47:46.285 2pc.go:577: [info] 2PC clean up done, tid: 396798472698200065
2017/12/19 06:47:46.285 session.go:674: [warning] [0] session error:
/home/jenkins/workspace/build_tidb_master/go/src/github.com/pingcap/tidb/session.go:395: [0] can not retry select for update statement
/home/jenkins/workspace/build_tidb_master/go/src/github.com/pingcap/tidb/session.go:302: 
/home/jenkins/workspace/build_tidb_master/go/src/github.com/pingcap/tidb/session.go:325: 
/home/jenkins/workspace/build_tidb_master/go/src/github.com/pingcap/tidb/session.go:862: 
/home/jenkins/workspace/build_tidb_master/go/src/github.com/pingcap/tidb/executor/simple.go:112: 
/home/jenkins/workspace/build_tidb_master/go/src/github.com/pingcap/tidb/executor/simple.go:83: 
/home/jenkins/workspace/build_tidb_master/go/src/github.com/pingcap/tidb/executor/adapter.go:279: 
/home/jenkins/workspace/build_tidb_master/go/src/github.com/pingcap/tidb/tidb.go:176: 
{
  "currDBName": "",
  "id": 0,
  "status": 2,
  "strictMode": true,
  "user": null
}
2017/12/19 06:47:46.285 gc_worker.go:162: [warning] [gc worker] check leader err: [0] can not retry select for update statement
2017/12/19 06:48:00.591 server.go:297: [info] [4] close connection
2017/12/19 06:48:05.560 main.go:405: [info] Got signal [2] to exit.
2017/12/19 06:48:05.563 manager.go:193: [info] [ddl] /tidb/ddl/fg/owner ownerManager 74f12205-9af7-4c6d-bd7e-7058e77f35b1 failed to campaign, err context canceled
2017/12/19 06:48:05.563 manager.go:166: [info] [ddl] /tidb/ddl/fg/owner ownerManager 74f12205-9af7-4c6d-bd7e-7058e77f35b1 etcd session is done, creates a new one
2017/12/19 06:48:05.563 manager.go:170: [info] [ddl] /tidb/ddl/fg/owner ownerManager 74f12205-9af7-4c6d-bd7e-7058e77f35b1 break campaign loop, NewSession err context canceled
2017/12/19 06:48:05.564 delete_range.go:105: [info] [ddl] closing delRange session pool
2017/12/19 06:48:05.564 ddl.go:331: [info] close DDL:74f12205-9af7-4c6d-bd7e-7058e77f35b1
2017/12/19 06:48:05.564 ddl.go:300: [info] stop DDL:74f12205-9af7-4c6d-bd7e-7058e77f35b1
2017/12/19 06:48:05.564 manager.go:193: [info] [stats] /tidb/stats/owner ownerManager 74f12205-9af7-4c6d-bd7e-7058e77f35b1 failed to campaign, err lost watcher waiting for delete
2017/12/19 06:48:05.564 manager.go:166: [info] [stats] /tidb/stats/owner ownerManager 74f12205-9af7-4c6d-bd7e-7058e77f35b1 etcd session is done, creates a new one
2017/12/19 06:48:05.564 manager.go:214: [info] [ddl] /tidb/ddl/fg/owner ownerManager 74f12205-9af7-4c6d-bd7e-7058e77f35b1 break campaign loop, revoke err grpc: the client connection is closing
2017/12/19 06:48:05.564 manager.go:140: [warning] [stats] /tidb/stats/owner ownerManager 74f12205-9af7-4c6d-bd7e-7058e77f35b1 failed to new session, err grpc: the client connection is closing
