2017/12/19 06:43:21.538 printer.go:33: [info] Welcome to TiDB.
2017/12/19 06:43:21.538 printer.go:34: [info] Release Version: v1.1.0-alpha-290-g7995346
2017/12/19 06:43:21.538 printer.go:35: [info] Git Commit Hash: 7995346d8d54afd4d85ac3c9f6a3594c0bc7dbbd
2017/12/19 06:43:21.538 printer.go:36: [info] Git Branch: master
2017/12/19 06:43:21.538 printer.go:37: [info] UTC Build Time:  2017-12-18 03:25:13
2017/12/19 06:43:21.538 tidb.go:265: [info] new store
2017/12/19 06:43:21.538 client.go:114: [info] [pd] create pd client with endpoints [10.0.0.8:2379 10.0.0.9:2479 10.0.0.10:2579]
2017/12/19 06:43:21.546 client.go:212: [info] [pd] leader switches to: http://10.0.0.8:2379, previous: 
2017/12/19 06:43:21.546 client.go:133: [info] [pd] init cluster id 6501145025206059015
2017/12/19 06:43:21.556 tidb.go:63: [info] store tikv-6501145025206059015 new domain, ddl lease 100ms, stats lease 3000000000
2017/12/19 06:43:21.557 ddl.go:284: [info] [ddl] start delRangeManager OK, with emulator: false
2017/12/19 06:43:21.560 ddl.go:291: [info] [ddl] start DDL:aa2a09dd-85de-41f9-b1ec-2aac6faffd17
2017/12/19 06:43:21.583 domain.go:114: [info] [ddl] full load InfoSchema from version 0 to 13, in 11.78462ms
2017/12/19 06:43:21.585 domain.go:306: [info] [ddl] full load and reset schema validator.
2017/12/19 06:43:21.589 session.go:1319: [info] [CRUCIAL OPERATION] CREATE DATABASE IF NOT EXISTS test (by <nil>).
2017/12/19 06:43:21.590 session.go:1319: [info] [CRUCIAL OPERATION] CREATE DATABASE IF NOT EXISTS mysql; (by <nil>).
2017/12/19 06:43:21.591 session.go:1319: [info] [CRUCIAL OPERATION] CREATE TABLE if not exists mysql.user (
		Host				CHAR(64),
		User				CHAR(16),
		Password			CHAR(41),
		Select_priv			ENUM('N','Y') NOT NULL DEFAULT 'N',
		Insert_priv			ENUM('N','Y') NOT NULL DEFAULT 'N',
		Update_priv			ENUM('N','Y') NOT NULL DEFAULT 'N',
		Delete_priv			ENUM('N','Y') NOT NULL DEFAULT 'N',
		Create_priv			ENUM('N','Y') NOT NULL DEFAULT 'N',
		Drop_priv			ENUM('N','Y') NOT NULL DEFAULT 'N',
		Process_priv			ENUM('N','Y') NOT NULL DEFAULT 'N',
		Grant_priv			ENUM('N','Y') NOT NULL DEFAULT 'N',
		References_priv			ENUM('N','Y') NOT NULL DEFAULT 'N',
		Alter_priv			ENUM('N','Y') NOT NULL DEFAULT 'N',
		Show_db_priv			ENUM('N','Y') NOT NULL DEFAULT 'N',
		Super_priv			ENUM('N','Y') NOT NULL DEFAULT 'N',
		Create_tmp_table_priv		ENUM('N','Y') NOT NULL DEFAULT 'N',
		Lock_tables_priv		ENUM('N','Y') NOT NULL DEFAULT 'N',
		Execute_priv			ENUM('N','Y') NOT NULL DEFAULT 'N',
		Create_view_priv		ENUM('N','Y') NOT NULL DEFAULT 'N',
		Show_view_priv			ENUM('N','Y') NOT NULL DEFAULT 'N',
		Create_routine_priv		ENUM('N','Y') NOT NULL DEFAULT 'N',
		Alter_routine_priv		ENUM('N','Y') NOT NULL DEFAULT 'N',
		Index_priv			ENUM('N','Y') NOT NULL DEFAULT 'N',
		Create_user_priv		ENUM('N','Y') NOT NULL DEFAULT 'N',
		Event_priv			ENUM('N','Y') NOT NULL DEFAULT 'N',
		Trigger_priv			ENUM('N','Y') NOT NULL DEFAULT 'N',
		PRIMARY KEY (Host, User)); (by <nil>).
2017/12/19 06:43:21.592 session.go:1319: [info] [CRUCIAL OPERATION] CREATE TABLE if not exists mysql.db (
		Host			CHAR(60),
		DB			CHAR(64),
		User			CHAR(16),
		Select_priv		ENUM('N','Y') Not Null DEFAULT 'N',
		Insert_priv		ENUM('N','Y') Not Null DEFAULT 'N',
		Update_priv		ENUM('N','Y') Not Null DEFAULT 'N',
		Delete_priv		ENUM('N','Y') Not Null DEFAULT 'N',
		Create_priv		ENUM('N','Y') Not Null DEFAULT 'N',
		Drop_priv		ENUM('N','Y') Not Null DEFAULT 'N',
		Grant_priv		ENUM('N','Y') Not Null DEFAULT 'N',
		References_priv 	ENUM('N','Y') Not Null DEFAULT 'N',
		Index_priv		ENUM('N','Y') Not Null DEFAULT 'N',
		Alter_priv		ENUM('N','Y') Not Null DEFAULT 'N',
		Create_tmp_table_priv	ENUM('N','Y') NOT NULL DEFAULT 'N',
		Lock_tables_priv	ENUM('N','Y') NOT NULL DEFAULT 'N',
		Create_view_priv	ENUM('N','Y') NOT NULL DEFAULT 'N',
		Show_view_priv		ENUM('N','Y') NOT NULL DEFAULT 'N',
		Create_routine_priv	ENUM('N','Y') NOT NULL DEFAULT 'N',
		Alter_routine_priv	ENUM('N','Y') NOT NULL DEFAULT 'N',
		Execute_priv		ENUM('N','Y') Not Null DEFAULT 'N',
		Event_priv		ENUM('N','Y') NOT NULL DEFAULT 'N',
		Trigger_priv		ENUM('N','Y') NOT NULL DEFAULT 'N',
		PRIMARY KEY (Host, DB, User)); (by <nil>).
2017/12/19 06:43:21.593 session.go:1319: [info] [CRUCIAL OPERATION] CREATE TABLE if not exists mysql.tables_priv (
		Host		CHAR(60),
		DB			CHAR(64),
		User		CHAR(16),
		Table_name	CHAR(64),
		Grantor		CHAR(77),
		Timestamp	Timestamp DEFAULT CURRENT_TIMESTAMP,
		Table_priv	SET('Select','Insert','Update','Delete','Create','Drop','Grant', 'Index','Alter'),
		Column_priv	SET('Select','Insert','Update'),
		PRIMARY KEY (Host, DB, User, Table_name)); (by <nil>).
2017/12/19 06:43:21.593 session.go:1319: [info] [CRUCIAL OPERATION] CREATE TABLE if not exists mysql.columns_priv(
		Host		CHAR(60),
		DB			CHAR(64),
		User		CHAR(16),
		Table_name	CHAR(64),
		Column_name	CHAR(64),
		Timestamp	Timestamp DEFAULT CURRENT_TIMESTAMP,
		Column_priv	SET('Select','Insert','Update'),
		PRIMARY KEY (Host, DB, User, Table_name, Column_name)); (by <nil>).
2017/12/19 06:43:21.594 session.go:1319: [info] [CRUCIAL OPERATION] CREATE TABLE if not exists mysql.GLOBAL_VARIABLES(
		VARIABLE_NAME  VARCHAR(64) Not Null PRIMARY KEY,
		VARIABLE_VALUE VARCHAR(1024) DEFAULT Null); (by <nil>).
2017/12/19 06:43:21.595 session.go:1319: [info] [CRUCIAL OPERATION] CREATE TABLE if not exists mysql.tidb(
		VARIABLE_NAME  VARCHAR(64) Not Null PRIMARY KEY,
		VARIABLE_VALUE VARCHAR(1024) DEFAULT Null,
		COMMENT VARCHAR(1024)); (by <nil>).
2017/12/19 06:43:21.596 session.go:1319: [info] [CRUCIAL OPERATION] CREATE TABLE if not exists mysql.help_topic (
  		help_topic_id int(10) unsigned NOT NULL,
  		name char(64) NOT NULL,
  		help_category_id smallint(5) unsigned NOT NULL,
  		description text NOT NULL,
  		example text NOT NULL,
  		url text NOT NULL,
  		PRIMARY KEY (help_topic_id),
  		UNIQUE KEY name (name)
		) ENGINE=InnoDB DEFAULT CHARSET=utf8 STATS_PERSISTENT=0 COMMENT='help topics'; (by <nil>).
2017/12/19 06:43:21.597 session.go:1319: [info] [CRUCIAL OPERATION] CREATE TABLE if not exists mysql.stats_meta (
		version bigint(64) unsigned NOT NULL,
		table_id bigint(64) NOT NULL,
		modify_count bigint(64) NOT NULL DEFAULT 0,
		count bigint(64) unsigned NOT NULL DEFAULT 0,
		index idx_ver(version),
		unique index tbl(table_id)
	); (by <nil>).
2017/12/19 06:43:21.598 session.go:1319: [info] [CRUCIAL OPERATION] CREATE TABLE if not exists mysql.stats_histograms (
		table_id bigint(64) NOT NULL,
		is_index tinyint(2) NOT NULL,
		hist_id bigint(64) NOT NULL,
		distinct_count bigint(64) NOT NULL,
		null_count bigint(64) NOT NULL DEFAULT 0,
		modify_count bigint(64) NOT NULL DEFAULT 0,
		version bigint(64) unsigned NOT NULL DEFAULT 0,
		cm_sketch blob,
		unique index tbl(table_id, is_index, hist_id)
	); (by <nil>).
2017/12/19 06:43:21.598 session.go:1319: [info] [CRUCIAL OPERATION] CREATE TABLE if not exists mysql.stats_buckets (
		table_id bigint(64) NOT NULL,
		is_index tinyint(2) NOT NULL,
		hist_id bigint(64) NOT NULL,
		bucket_id bigint(64) NOT NULL,
		count bigint(64) NOT NULL,
		repeats bigint(64) NOT NULL,
		upper_bound blob NOT NULL,
		lower_bound blob ,
		unique index tbl(table_id, is_index, hist_id, bucket_id)
	); (by <nil>).
2017/12/19 06:43:21.599 session.go:1319: [info] [CRUCIAL OPERATION] CREATE TABLE IF NOT EXISTS mysql.gc_delete_range (
		job_id BIGINT NOT NULL COMMENT "the DDL job ID",
		element_id BIGINT NOT NULL COMMENT "the schema element ID",
		start_key VARCHAR(255) NOT NULL COMMENT "encoded in hex",
		end_key VARCHAR(255) NOT NULL COMMENT "encoded in hex",
		ts BIGINT NOT NULL COMMENT "timestamp in int64",
		UNIQUE KEY (element_id),
		KEY (job_id, element_id)
	); (by <nil>).
2017/12/19 06:43:27.434 session.go:291: [warning] [0] retryable error: [try again later]: 2PC commit failed: retryable:"Txn(Mvcc(TxnLockNotFound { start_ts: 396798407894106117, commit_ts: 396798409414541318, key: [116, 128, 0, 0, 0, 0, 0, 0, 255, 5, 95, 105, 128, 0, 0, 0, 0, 255, 0, 0, 1, 1, 37, 0, 0, 0, 255, 0, 0, 0, 0, 248, 1, 114, 111, 255, 111, 116, 0, 0, 0, 0, 251, 0, 254] }))" , txn: <nil>
2017/12/19 06:43:27.434 session.go:424: [warning] [0] Retry [0] query [0] BEGIN
2017/12/19 06:43:27.436 session.go:424: [warning] [0] Retry [0] query [1] INSERT INTO mysql.user VALUES
		("%", "root", "", "Y", "Y", "Y", "Y", "Y", "Y", "Y", "Y", "Y", "Y", "Y", "Y", "Y", "Y", "Y", "Y", "Y", "Y", "Y", "Y", "Y", "Y", "Y")
2017/12/19 06:43:27.437 session.go:424: [warning] [0] Retry [0] query [2] INSERT INTO mysql.GLOBAL_VARIABLES VALUES ("max_digest_length", "1024"), ("performance_schema_session_connect_attrs_size", "512"), ("log_syslog", ""), ("innodb_buffer_pool_load_now", "OFF"), ("explicit_defaults_for_timestamp", "OFF"), ("max_sort_length", "1024"), ("innodb_large_prefix", "OFF"), ("max_error_count", "64"), ("thread_cache_size", "9"), ("innodb_online_alter_log_max_size", "134217728"), ("sql_buffer_result", "OFF"), ("binlog_format", "STATEMENT"), ("stored_program_cache", "256"), ("ndb_log_empty_epochs", ""), ("myisam_stats_method", "nulls_unequal"), ("innodb_stats_persistent_sample_pages", "20"), ("innodb_autoextend_increment", "64"), ("performance_schema_max_mutex_instances", "15906"), ("flush_time", "0"), ("innodb_ft_num_word_optimize", "2000"), ("innodb_write_io_threads", "4"), ("have_rtree_keys", "YES"), ("innodb_autoinc_lock_mode", "1"), ("performance_schema_max_file_classes", "50"), ("sha256_password_proxy_users", ""), ("myisam_sort_buffer_size", "8388608"), ("join_buffer_size", "262144"), (len:18197)
2017/12/19 06:43:27.451 session.go:424: [warning] [0] Retry [0] query [3] INSERT INTO mysql.tidb VALUES("bootstrapped", "True", "Bootstrap flag. Do not delete.")
		ON DUPLICATE KEY UPDATE VARIABLE_VALUE="True"
2017/12/19 06:43:27.456 session.go:424: [warning] [0] Retry [0] query [4] INSERT INTO mysql.tidb VALUES("tidb_server_version", "16", "Bootstrap version. Do not delete.")
2017/12/19 06:43:27.456 session.go:424: [warning] [0] Retry [0] query [5] COMMIT
2017/12/19 06:43:27.482 2pc.go:577: [info] 2PC clean up done, tid: 396798407894106117
2017/12/19 06:43:27.570 manager.go:193: [info] [ddl] /tidb/ddl/fg/owner ownerManager aa2a09dd-85de-41f9-b1ec-2aac6faffd17 failed to campaign, err context canceled
2017/12/19 06:43:27.570 manager.go:166: [info] [ddl] /tidb/ddl/fg/owner ownerManager aa2a09dd-85de-41f9-b1ec-2aac6faffd17 etcd session is done, creates a new one
2017/12/19 06:43:27.570 delete_range.go:105: [info] [ddl] closing delRange session pool
2017/12/19 06:43:27.570 ddl.go:331: [info] close DDL:aa2a09dd-85de-41f9-b1ec-2aac6faffd17
2017/12/19 06:43:27.570 ddl.go:300: [info] stop DDL:aa2a09dd-85de-41f9-b1ec-2aac6faffd17
2017/12/19 06:43:27.570 manager.go:170: [info] [ddl] /tidb/ddl/fg/owner ownerManager aa2a09dd-85de-41f9-b1ec-2aac6faffd17 break campaign loop, NewSession err context canceled
2017/12/19 06:43:27.570 tidb.go:63: [info] store tikv-6501145025206059015 new domain, ddl lease 10s, stats lease 3000000000
2017/12/19 06:43:27.570 manager.go:214: [info] [ddl] /tidb/ddl/fg/owner ownerManager aa2a09dd-85de-41f9-b1ec-2aac6faffd17 break campaign loop, revoke err grpc: the client connection is closing
2017/12/19 06:43:27.571 ddl.go:284: [info] [ddl] start delRangeManager OK, with emulator: false
2017/12/19 06:43:27.573 ddl.go:291: [info] [ddl] start DDL:dde38448-e827-48fb-8062-f946a5a57871
2017/12/19 06:43:27.598 domain.go:114: [info] [ddl] full load InfoSchema from version 0 to 13, in 14.298624ms
2017/12/19 06:43:27.601 domain.go:306: [info] [ddl] full load and reset schema validator.
2017/12/19 06:43:27.624 gc_worker.go:118: [info] [gc worker] 581b60d13b80009 start.
2017/12/19 06:43:27.631 manager.go:238: [info] [stats] /tidb/stats/owner ownerManager dde38448-e827-48fb-8062-f946a5a57871, owner is dde38448-e827-48fb-8062-f946a5a57871
2017/12/19 06:43:27.637 domain.go:616: [info] [stats] init stats info takes 14.114624ms
2017/12/19 06:43:27.737 server.go:193: [warning] Secure connection is NOT ENABLED
2017/12/19 06:43:27.737 server.go:161: [info] Server is running MySQL Protocol at [10.0.0.9:4001]
2017/12/19 06:43:27.737 main.go:190: [info] disable Prometheus push client
2017/12/19 06:43:27.737 systime_mon.go:24: [info] start system time monitor
2017/12/19 06:43:27.738 http_status.go:67: [info] Listening on :20080 for status and metrics report.
2017/12/19 06:43:28.781 manager.go:238: [info] [ddl] /tidb/ddl/fg/owner ownerManager dde38448-e827-48fb-8062-f946a5a57871, owner is dde38448-e827-48fb-8062-f946a5a57871
2017/12/19 06:44:12.582 ddl_worker.go:254: [info] [ddl] run DDL job ID:28, Type:create schema, State:none, SchemaState:none, SchemaID:27, TableID:0, RowCount:0, ArgLen:0
2017/12/19 06:44:12.658 syncer.go:260: [info] [syncer] check all versions, ddl /tidb/ddl/all_schema_versions/dde38448-e827-48fb-8062-f946a5a57871 current ver 13, latest version 14
2017/12/19 06:44:12.688 domain.go:99: [info] [ddl] diff load InfoSchema from version 13 to 14, in 3.052005ms
2017/12/19 06:44:12.703 ddl_worker.go:376: [info] [ddl] wait latest schema version 14 changed, take time 100.484467ms
2017/12/19 06:44:12.710 ddl_worker.go:152: [info] [ddl] finish DDL job ID:28, Type:create schema, State:synced, SchemaState:public, SchemaID:27, TableID:0, RowCount:0, ArgLen:0
2017/12/19 06:44:13.582 ddl_worker.go:254: [info] [ddl] run DDL job ID:30, Type:create table, State:none, SchemaState:none, SchemaID:27, TableID:29, RowCount:0, ArgLen:0
2017/12/19 06:44:13.601 split_region.go:30: [info] start split_region at "t\x80\x00\x00\x00\x00\x00\x00\x1d"
2017/12/19 06:44:13.608 split_region.go:64: [info] split_region at "t\x80\x00\x00\x00\x00\x00\x00\x1d" complete, new regions: id:49 start_key:"t\200\000\000\000\000\000\000\377\031\000\000\000\000\000\000\000\370" end_key:"t\200\000\000\000\000\000\000\377\035\000\000\000\000\000\000\000\370" region_epoch:<conf_ver:3 version:13 > peers:<id:50 store_id:1 > peers:<id:51 store_id:4 > peers:<id:52 store_id:5 > , id:2 start_key:"t\200\000\000\000\000\000\000\377\035\000\000\000\000\000\000\000\370" region_epoch:<conf_ver:3 version:13 > peers:<id:3 store_id:1 > peers:<id:28 store_id:4 > peers:<id:38 store_id:5 > 
2017/12/19 06:44:13.640 domain.go:99: [info] [ddl] diff load InfoSchema from version 14 to 15, in 13.581523ms
2017/12/19 06:44:13.677 ddl_worker.go:376: [info] [ddl] wait latest schema version 15 changed, take time 54.424291ms
2017/12/19 06:44:13.684 ddl_worker.go:152: [info] [ddl] finish DDL job ID:30, Type:create table, State:synced, SchemaState:public, SchemaID:27, TableID:29, RowCount:0, ArgLen:0
2017/12/19 06:44:22.158 server.go:119: [info] [1] new connection 10.0.0.11:59312
2017/12/19 06:44:22.170 metrics.go:363: [warning] [EXPENSIVE_QUERY] SELECT id, value FROM storage WHERE id = 'key1'
2017/12/19 06:44:22.294 txn.go:60: [warning] [kv] Retry txn 396798423793139725 original txn 396798423793139725 err [try again later]: tikv restarts txn: Txn(Mvcc(WriteConflict { start_ts: 396798423793139725, conflict_ts: 396798423793139727, key: [109, 68, 66, 58, 50, 55, 0, 0, 255, 0, 252, 0, 0, 0, 0, 0, 0, 255, 0, 104, 84, 73, 68, 58, 50, 57, 255, 0, 0, 253, 0, 0, 0, 0, 0, 250], primary: [109, 68, 66, 58, 50, 55, 0, 0, 0, 252, 0, 0, 0, 0, 0, 0, 0, 104, 84, 73, 68, 58, 50, 57, 0, 0, 253] }))
2017/12/19 06:44:22.294 terror.go:342: [error] [kv:8]invalid transaction
/home/jenkins/workspace/build_tidb_master/go/src/github.com/pingcap/tidb/kv/txn.go:62: 
2017/12/19 06:44:22.294 2pc.go:577: [info] 2PC clean up done, tid: 396798423793139725
2017/12/19 06:44:22.325 metrics.go:363: [warning] [EXPENSIVE_QUERY] SELECT id, value FROM storage WHERE id = 'key1'
2017/12/19 06:44:22.328 metrics.go:363: [warning] [EXPENSIVE_QUERY] UPDATE storage SET value = 1 WHERE id = 'key1'
2017/12/19 06:44:22.339 metrics.go:363: [warning] [EXPENSIVE_QUERY] SELECT id, value FROM storage WHERE id = 'key1'
2017/12/19 06:44:22.343 metrics.go:363: [warning] [EXPENSIVE_QUERY] UPDATE storage SET value = 2 WHERE id = 'key1'
2017/12/19 06:44:22.354 metrics.go:363: [warning] [EXPENSIVE_QUERY] SELECT id, value FROM storage WHERE id = 'key1'
2017/12/19 06:44:22.357 metrics.go:363: [warning] [EXPENSIVE_QUERY] UPDATE storage SET value = 3 WHERE id = 'key1'
2017/12/19 06:44:22.367 metrics.go:363: [warning] [EXPENSIVE_QUERY] SELECT id, value FROM storage WHERE id = 'key1'
2017/12/19 06:44:22.371 metrics.go:363: [warning] [EXPENSIVE_QUERY] UPDATE storage SET value = 4 WHERE id = 'key1'
2017/12/19 06:44:22.382 metrics.go:363: [warning] [EXPENSIVE_QUERY] SELECT id, value FROM storage WHERE id = 'key1'
2017/12/19 06:44:22.385 metrics.go:363: [warning] [EXPENSIVE_QUERY] UPDATE storage SET value = 5 WHERE id = 'key1'
2017/12/19 06:44:22.395 metrics.go:363: [warning] [EXPENSIVE_QUERY] SELECT id, value FROM storage WHERE id = 'key1'
2017/12/19 06:44:22.399 metrics.go:363: [warning] [EXPENSIVE_QUERY] UPDATE storage SET value = 6 WHERE id = 'key1'
2017/12/19 06:44:22.408 metrics.go:363: [warning] [EXPENSIVE_QUERY] SELECT id, value FROM storage WHERE id = 'key1'
2017/12/19 06:44:22.411 metrics.go:363: [warning] [EXPENSIVE_QUERY] UPDATE storage SET value = 7 WHERE id = 'key1'
2017/12/19 06:44:22.422 metrics.go:363: [warning] [EXPENSIVE_QUERY] SELECT id, value FROM storage WHERE id = 'key1'
2017/12/19 06:44:22.426 metrics.go:363: [warning] [EXPENSIVE_QUERY] UPDATE storage SET value = 8 WHERE id = 'key1'
2017/12/19 06:44:22.436 metrics.go:363: [warning] [EXPENSIVE_QUERY] SELECT id, value FROM storage WHERE id = 'key1'
2017/12/19 06:44:22.439 metrics.go:363: [warning] [EXPENSIVE_QUERY] UPDATE storage SET value = 9 WHERE id = 'key1'
2017/12/19 06:44:22.448 metrics.go:363: [warning] [EXPENSIVE_QUERY] SELECT id, value FROM storage WHERE id = 'key1'
2017/12/19 06:44:22.451 metrics.go:363: [warning] [EXPENSIVE_QUERY] UPDATE storage SET value = 10 WHERE id = 'key1'
2017/12/19 06:44:22.462 metrics.go:363: [warning] [EXPENSIVE_QUERY] SELECT id, value FROM storage WHERE id = 'key1'
2017/12/19 06:44:22.655 metrics.go:363: [warning] [EXPENSIVE_QUERY] UPDATE storage SET value = 11 WHERE id = 'key1'
2017/12/19 06:44:22.735 metrics.go:363: [warning] [EXPENSIVE_QUERY] SELECT id, value FROM storage WHERE id = 'key1'
2017/12/19 06:44:22.737 metrics.go:363: [warning] [EXPENSIVE_QUERY] UPDATE storage SET value = 12 WHERE id = 'key1'
2017/12/19 06:44:22.749 metrics.go:363: [warning] [EXPENSIVE_QUERY] SELECT id, value FROM storage WHERE id = 'key1'
2017/12/19 06:44:22.752 metrics.go:363: [warning] [EXPENSIVE_QUERY] UPDATE storage SET value = 13 WHERE id = 'key1'
2017/12/19 06:44:22.764 metrics.go:363: [warning] [EXPENSIVE_QUERY] SELECT id, value FROM storage WHERE id = 'key1'
2017/12/19 06:44:22.833 metrics.go:363: [warning] [EXPENSIVE_QUERY] UPDATE storage SET value = 14 WHERE id = 'key1'
2017/12/19 06:44:22.845 metrics.go:363: [warning] [EXPENSIVE_QUERY] SELECT id, value FROM storage WHERE id = 'key1'
2017/12/19 06:44:22.848 metrics.go:363: [warning] [EXPENSIVE_QUERY] UPDATE storage SET value = 15 WHERE id = 'key1'
2017/12/19 06:44:22.859 metrics.go:363: [warning] [EXPENSIVE_QUERY] SELECT id, value FROM storage WHERE id = 'key1'
2017/12/19 06:44:22.862 metrics.go:363: [warning] [EXPENSIVE_QUERY] UPDATE storage SET value = 16 WHERE id = 'key1'
2017/12/19 06:44:22.873 metrics.go:363: [warning] [EXPENSIVE_QUERY] SELECT id, value FROM storage WHERE id = 'key1'
2017/12/19 06:44:22.876 metrics.go:363: [warning] [EXPENSIVE_QUERY] UPDATE storage SET value = 17 WHERE id = 'key1'
2017/12/19 06:44:22.887 metrics.go:363: [warning] [EXPENSIVE_QUERY] SELECT id, value FROM storage WHERE id = 'key1'
2017/12/19 06:44:22.889 metrics.go:363: [warning] [EXPENSIVE_QUERY] UPDATE storage SET value = 18 WHERE id = 'key1'
2017/12/19 06:44:22.899 metrics.go:363: [warning] [EXPENSIVE_QUERY] SELECT id, value FROM storage WHERE id = 'key1'
2017/12/19 06:44:22.901 metrics.go:363: [warning] [EXPENSIVE_QUERY] UPDATE storage SET value = 19 WHERE id = 'key1'
2017/12/19 06:44:22.911 metrics.go:363: [warning] [EXPENSIVE_QUERY] SELECT id, value FROM storage WHERE id = 'key1'
2017/12/19 06:44:22.914 metrics.go:363: [warning] [EXPENSIVE_QUERY] UPDATE storage SET value = 20 WHERE id = 'key1'
2017/12/19 06:44:22.924 metrics.go:363: [warning] [EXPENSIVE_QUERY] SELECT id, value FROM storage WHERE id = 'key1'
2017/12/19 06:44:22.985 metrics.go:363: [warning] [EXPENSIVE_QUERY] UPDATE storage SET value = 21 WHERE id = 'key1'
2017/12/19 06:44:23.005 metrics.go:363: [warning] [EXPENSIVE_QUERY] SELECT id, value FROM storage WHERE id = 'key1'
2017/12/19 06:44:23.068 metrics.go:363: [warning] [EXPENSIVE_QUERY] UPDATE storage SET value = 22 WHERE id = 'key1'
2017/12/19 06:44:23.079 metrics.go:363: [warning] [EXPENSIVE_QUERY] SELECT id, value FROM storage WHERE id = 'key1'
2017/12/19 06:44:23.082 metrics.go:363: [warning] [EXPENSIVE_QUERY] UPDATE storage SET value = 23 WHERE id = 'key1'
2017/12/19 06:44:23.092 metrics.go:363: [warning] [EXPENSIVE_QUERY] SELECT id, value FROM storage WHERE id = 'key1'
2017/12/19 06:44:23.181 metrics.go:363: [warning] [EXPENSIVE_QUERY] UPDATE storage SET value = 24 WHERE id = 'key1'
2017/12/19 06:44:23.193 metrics.go:363: [warning] [EXPENSIVE_QUERY] SELECT id, value FROM storage WHERE id = 'key1'
2017/12/19 06:44:23.290 metrics.go:363: [warning] [EXPENSIVE_QUERY] UPDATE storage SET value = 25 WHERE id = 'key1'
2017/12/19 06:44:23.361 metrics.go:363: [warning] [EXPENSIVE_QUERY] SELECT id, value FROM storage WHERE id = 'key1'
2017/12/19 06:44:23.363 metrics.go:363: [warning] [EXPENSIVE_QUERY] UPDATE storage SET value = 26 WHERE id = 'key1'
2017/12/19 06:44:23.373 metrics.go:363: [warning] [EXPENSIVE_QUERY] SELECT id, value FROM storage WHERE id = 'key1'
2017/12/19 06:44:23.376 metrics.go:363: [warning] [EXPENSIVE_QUERY] UPDATE storage SET value = 27 WHERE id = 'key1'
2017/12/19 06:44:23.387 metrics.go:363: [warning] [EXPENSIVE_QUERY] SELECT id, value FROM storage WHERE id = 'key1'
2017/12/19 06:44:23.390 metrics.go:363: [warning] [EXPENSIVE_QUERY] UPDATE storage SET value = 28 WHERE id = 'key1'
2017/12/19 06:44:23.399 metrics.go:363: [warning] [EXPENSIVE_QUERY] SELECT id, value FROM storage WHERE id = 'key1'
2017/12/19 06:44:23.402 metrics.go:363: [warning] [EXPENSIVE_QUERY] UPDATE storage SET value = 29 WHERE id = 'key1'
2017/12/19 06:44:23.418 metrics.go:363: [warning] [EXPENSIVE_QUERY] SELECT id, value FROM storage WHERE id = 'key1'
2017/12/19 06:44:23.421 metrics.go:363: [warning] [EXPENSIVE_QUERY] UPDATE storage SET value = 30 WHERE id = 'key1'
2017/12/19 06:44:23.432 metrics.go:363: [warning] [EXPENSIVE_QUERY] SELECT id, value FROM storage WHERE id = 'key1'
2017/12/19 06:44:23.435 metrics.go:363: [warning] [EXPENSIVE_QUERY] UPDATE storage SET value = 31 WHERE id = 'key1'
2017/12/19 06:44:23.448 metrics.go:363: [warning] [EXPENSIVE_QUERY] SELECT id, value FROM storage WHERE id = 'key1'
2017/12/19 06:44:23.452 metrics.go:363: [warning] [EXPENSIVE_QUERY] UPDATE storage SET value = 32 WHERE id = 'key1'
2017/12/19 06:44:23.463 metrics.go:363: [warning] [EXPENSIVE_QUERY] SELECT id, value FROM storage WHERE id = 'key1'
2017/12/19 06:44:23.466 metrics.go:363: [warning] [EXPENSIVE_QUERY] UPDATE storage SET value = 33 WHERE id = 'key1'
2017/12/19 06:44:23.550 metrics.go:363: [warning] [EXPENSIVE_QUERY] SELECT id, value FROM storage WHERE id = 'key1'
2017/12/19 06:44:23.553 metrics.go:363: [warning] [EXPENSIVE_QUERY] UPDATE storage SET value = 34 WHERE id = 'key1'
2017/12/19 06:44:23.563 metrics.go:363: [warning] [EXPENSIVE_QUERY] SELECT id, value FROM storage WHERE id = 'key1'
2017/12/19 06:44:23.566 metrics.go:363: [warning] [EXPENSIVE_QUERY] UPDATE storage SET value = 35 WHERE id = 'key1'
2017/12/19 06:44:23.576 metrics.go:363: [warning] [EXPENSIVE_QUERY] SELECT id, value FROM storage WHERE id = 'key1'
2017/12/19 06:44:23.578 metrics.go:363: [warning] [EXPENSIVE_QUERY] UPDATE storage SET value = 36 WHERE id = 'key1'
2017/12/19 06:44:23.590 metrics.go:363: [warning] [EXPENSIVE_QUERY] SELECT id, value FROM storage WHERE id = 'key1'
2017/12/19 06:44:23.594 metrics.go:363: [warning] [EXPENSIVE_QUERY] UPDATE storage SET value = 37 WHERE id = 'key1'
2017/12/19 06:44:23.604 metrics.go:363: [warning] [EXPENSIVE_QUERY] SELECT id, value FROM storage WHERE id = 'key1'
2017/12/19 06:44:23.606 metrics.go:363: [warning] [EXPENSIVE_QUERY] UPDATE storage SET value = 38 WHERE id = 'key1'
2017/12/19 06:44:23.617 metrics.go:363: [warning] [EXPENSIVE_QUERY] SELECT id, value FROM storage WHERE id = 'key1'
2017/12/19 06:44:23.620 metrics.go:363: [warning] [EXPENSIVE_QUERY] UPDATE storage SET value = 39 WHERE id = 'key1'
2017/12/19 06:44:23.631 metrics.go:363: [warning] [EXPENSIVE_QUERY] SELECT id, value FROM storage WHERE id = 'key1'
2017/12/19 06:44:23.635 metrics.go:363: [warning] [EXPENSIVE_QUERY] UPDATE storage SET value = 40 WHERE id = 'key1'
2017/12/19 06:44:23.645 metrics.go:363: [warning] [EXPENSIVE_QUERY] SELECT id, value FROM storage WHERE id = 'key1'
2017/12/19 06:44:23.647 metrics.go:363: [warning] [EXPENSIVE_QUERY] UPDATE storage SET value = 41 WHERE id = 'key1'
2017/12/19 06:44:23.658 metrics.go:363: [warning] [EXPENSIVE_QUERY] SELECT id, value FROM storage WHERE id = 'key1'
2017/12/19 06:44:23.738 metrics.go:363: [warning] [EXPENSIVE_QUERY] UPDATE storage SET value = 42 WHERE id = 'key1'
2017/12/19 06:44:23.751 metrics.go:363: [warning] [EXPENSIVE_QUERY] SELECT id, value FROM storage WHERE id = 'key1'
2017/12/19 06:44:23.755 metrics.go:363: [warning] [EXPENSIVE_QUERY] UPDATE storage SET value = 43 WHERE id = 'key1'
2017/12/19 06:44:23.769 metrics.go:363: [warning] [EXPENSIVE_QUERY] SELECT id, value FROM storage WHERE id = 'key1'
2017/12/19 06:44:23.772 metrics.go:363: [warning] [EXPENSIVE_QUERY] UPDATE storage SET value = 44 WHERE id = 'key1'
2017/12/19 06:44:23.783 metrics.go:363: [warning] [EXPENSIVE_QUERY] SELECT id, value FROM storage WHERE id = 'key1'
2017/12/19 06:44:23.786 metrics.go:363: [warning] [EXPENSIVE_QUERY] UPDATE storage SET value = 45 WHERE id = 'key1'
2017/12/19 06:44:23.797 metrics.go:363: [warning] [EXPENSIVE_QUERY] SELECT id, value FROM storage WHERE id = 'key1'
2017/12/19 06:44:23.882 metrics.go:363: [warning] [EXPENSIVE_QUERY] UPDATE storage SET value = 46 WHERE id = 'key1'
2017/12/19 06:44:23.894 metrics.go:363: [warning] [EXPENSIVE_QUERY] SELECT id, value FROM storage WHERE id = 'key1'
2017/12/19 06:44:23.897 metrics.go:363: [warning] [EXPENSIVE_QUERY] UPDATE storage SET value = 47 WHERE id = 'key1'
2017/12/19 06:44:23.909 metrics.go:363: [warning] [EXPENSIVE_QUERY] SELECT id, value FROM storage WHERE id = 'key1'
2017/12/19 06:44:23.912 metrics.go:363: [warning] [EXPENSIVE_QUERY] UPDATE storage SET value = 48 WHERE id = 'key1'
2017/12/19 06:44:23.923 metrics.go:363: [warning] [EXPENSIVE_QUERY] SELECT id, value FROM storage WHERE id = 'key1'
2017/12/19 06:44:23.926 metrics.go:363: [warning] [EXPENSIVE_QUERY] UPDATE storage SET value = 49 WHERE id = 'key1'
2017/12/19 06:44:23.937 metrics.go:363: [warning] [EXPENSIVE_QUERY] SELECT id, value FROM storage WHERE id = 'key1'
2017/12/19 06:44:23.940 metrics.go:363: [warning] [EXPENSIVE_QUERY] UPDATE storage SET value = 50 WHERE id = 'key1'
2017/12/19 06:44:23.953 metrics.go:363: [warning] [EXPENSIVE_QUERY] SELECT id, value FROM storage WHERE id = 'key1'
2017/12/19 06:44:23.956 metrics.go:363: [warning] [EXPENSIVE_QUERY] UPDATE storage SET value = 51 WHERE id = 'key1'
2017/12/19 06:44:23.966 metrics.go:363: [warning] [EXPENSIVE_QUERY] SELECT id, value FROM storage WHERE id = 'key1'
2017/12/19 06:44:23.969 metrics.go:363: [warning] [EXPENSIVE_QUERY] UPDATE storage SET value = 52 WHERE id = 'key1'
2017/12/19 06:44:23.982 metrics.go:363: [warning] [EXPENSIVE_QUERY] SELECT id, value FROM storage WHERE id = 'key1'
2017/12/19 06:44:23.985 metrics.go:363: [warning] [EXPENSIVE_QUERY] UPDATE storage SET value = 53 WHERE id = 'key1'
2017/12/19 06:44:23.997 metrics.go:363: [warning] [EXPENSIVE_QUERY] SELECT id, value FROM storage WHERE id = 'key1'
2017/12/19 06:44:24.000 metrics.go:363: [warning] [EXPENSIVE_QUERY] UPDATE storage SET value = 54 WHERE id = 'key1'
2017/12/19 06:44:24.012 metrics.go:363: [warning] [EXPENSIVE_QUERY] SELECT id, value FROM storage WHERE id = 'key1'
2017/12/19 06:44:24.015 metrics.go:363: [warning] [EXPENSIVE_QUERY] UPDATE storage SET value = 55 WHERE id = 'key1'
2017/12/19 06:44:24.095 metrics.go:363: [warning] [EXPENSIVE_QUERY] SELECT id, value FROM storage WHERE id = 'key1'
2017/12/19 06:44:24.098 metrics.go:363: [warning] [EXPENSIVE_QUERY] UPDATE storage SET value = 56 WHERE id = 'key1'
2017/12/19 06:44:24.110 metrics.go:363: [warning] [EXPENSIVE_QUERY] SELECT id, value FROM storage WHERE id = 'key1'
2017/12/19 06:44:24.113 metrics.go:363: [warning] [EXPENSIVE_QUERY] UPDATE storage SET value = 57 WHERE id = 'key1'
2017/12/19 06:44:24.123 metrics.go:363: [warning] [EXPENSIVE_QUERY] SELECT id, value FROM storage WHERE id = 'key1'
2017/12/19 06:44:24.126 metrics.go:363: [warning] [EXPENSIVE_QUERY] UPDATE storage SET value = 58 WHERE id = 'key1'
2017/12/19 06:44:24.138 metrics.go:363: [warning] [EXPENSIVE_QUERY] SELECT id, value FROM storage WHERE id = 'key1'
2017/12/19 06:44:24.141 metrics.go:363: [warning] [EXPENSIVE_QUERY] UPDATE storage SET value = 59 WHERE id = 'key1'
2017/12/19 06:44:24.152 metrics.go:363: [warning] [EXPENSIVE_QUERY] SELECT id, value FROM storage WHERE id = 'key1'
2017/12/19 06:44:24.155 metrics.go:363: [warning] [EXPENSIVE_QUERY] UPDATE storage SET value = 60 WHERE id = 'key1'
2017/12/19 06:44:24.165 metrics.go:363: [warning] [EXPENSIVE_QUERY] SELECT id, value FROM storage WHERE id = 'key1'
2017/12/19 06:44:24.168 metrics.go:363: [warning] [EXPENSIVE_QUERY] UPDATE storage SET value = 61 WHERE id = 'key1'
2017/12/19 06:44:24.179 metrics.go:363: [warning] [EXPENSIVE_QUERY] SELECT id, value FROM storage WHERE id = 'key1'
2017/12/19 06:44:24.182 metrics.go:363: [warning] [EXPENSIVE_QUERY] UPDATE storage SET value = 62 WHERE id = 'key1'
2017/12/19 06:44:24.192 metrics.go:363: [warning] [EXPENSIVE_QUERY] SELECT id, value FROM storage WHERE id = 'key1'
2017/12/19 06:44:24.195 metrics.go:363: [warning] [EXPENSIVE_QUERY] UPDATE storage SET value = 63 WHERE id = 'key1'
2017/12/19 06:44:24.205 metrics.go:363: [warning] [EXPENSIVE_QUERY] SELECT id, value FROM storage WHERE id = 'key1'
2017/12/19 06:44:24.208 metrics.go:363: [warning] [EXPENSIVE_QUERY] UPDATE storage SET value = 64 WHERE id = 'key1'
2017/12/19 06:44:24.222 metrics.go:363: [warning] [EXPENSIVE_QUERY] SELECT id, value FROM storage WHERE id = 'key1'
2017/12/19 06:44:24.225 metrics.go:363: [warning] [EXPENSIVE_QUERY] UPDATE storage SET value = 65 WHERE id = 'key1'
2017/12/19 06:44:24.235 metrics.go:363: [warning] [EXPENSIVE_QUERY] SELECT id, value FROM storage WHERE id = 'key1'
2017/12/19 06:44:24.291 metrics.go:363: [warning] [EXPENSIVE_QUERY] UPDATE storage SET value = 66 WHERE id = 'key1'
2017/12/19 06:44:24.301 metrics.go:363: [warning] [EXPENSIVE_QUERY] SELECT id, value FROM storage WHERE id = 'key1'
2017/12/19 06:44:24.304 metrics.go:363: [warning] [EXPENSIVE_QUERY] UPDATE storage SET value = 67 WHERE id = 'key1'
2017/12/19 06:44:24.313 metrics.go:363: [warning] [EXPENSIVE_QUERY] SELECT id, value FROM storage WHERE id = 'key1'
2017/12/19 06:44:24.315 metrics.go:363: [warning] [EXPENSIVE_QUERY] UPDATE storage SET value = 68 WHERE id = 'key1'
2017/12/19 06:44:24.326 metrics.go:363: [warning] [EXPENSIVE_QUERY] SELECT id, value FROM storage WHERE id = 'key1'
2017/12/19 06:44:24.328 metrics.go:363: [warning] [EXPENSIVE_QUERY] UPDATE storage SET value = 69 WHERE id = 'key1'
2017/12/19 06:44:24.341 metrics.go:363: [warning] [EXPENSIVE_QUERY] SELECT id, value FROM storage WHERE id = 'key1'
2017/12/19 06:44:24.343 metrics.go:363: [warning] [EXPENSIVE_QUERY] UPDATE storage SET value = 70 WHERE id = 'key1'
2017/12/19 06:44:24.359 metrics.go:363: [warning] [EXPENSIVE_QUERY] SELECT id, value FROM storage WHERE id = 'key1'
2017/12/19 06:44:24.362 metrics.go:363: [warning] [EXPENSIVE_QUERY] UPDATE storage SET value = 71 WHERE id = 'key1'
2017/12/19 06:44:24.455 metrics.go:363: [warning] [EXPENSIVE_QUERY] SELECT id, value FROM storage WHERE id = 'key1'
2017/12/19 06:44:24.458 metrics.go:363: [warning] [EXPENSIVE_QUERY] UPDATE storage SET value = 72 WHERE id = 'key1'
2017/12/19 06:44:24.469 metrics.go:363: [warning] [EXPENSIVE_QUERY] SELECT id, value FROM storage WHERE id = 'key1'
2017/12/19 06:44:24.472 metrics.go:363: [warning] [EXPENSIVE_QUERY] UPDATE storage SET value = 73 WHERE id = 'key1'
2017/12/19 06:44:24.484 metrics.go:363: [warning] [EXPENSIVE_QUERY] SELECT id, value FROM storage WHERE id = 'key1'
2017/12/19 06:44:24.486 metrics.go:363: [warning] [EXPENSIVE_QUERY] UPDATE storage SET value = 74 WHERE id = 'key1'
2017/12/19 06:44:24.497 metrics.go:363: [warning] [EXPENSIVE_QUERY] SELECT id, value FROM storage WHERE id = 'key1'
2017/12/19 06:44:24.500 metrics.go:363: [warning] [EXPENSIVE_QUERY] UPDATE storage SET value = 75 WHERE id = 'key1'
2017/12/19 06:44:24.509 metrics.go:363: [warning] [EXPENSIVE_QUERY] SELECT id, value FROM storage WHERE id = 'key1'
2017/12/19 06:44:24.511 metrics.go:363: [warning] [EXPENSIVE_QUERY] UPDATE storage SET value = 76 WHERE id = 'key1'
2017/12/19 06:44:24.523 metrics.go:363: [warning] [EXPENSIVE_QUERY] SELECT id, value FROM storage WHERE id = 'key1'
2017/12/19 06:44:24.526 metrics.go:363: [warning] [EXPENSIVE_QUERY] UPDATE storage SET value = 77 WHERE id = 'key1'
2017/12/19 06:44:24.617 metrics.go:363: [warning] [EXPENSIVE_QUERY] SELECT id, value FROM storage WHERE id = 'key1'
2017/12/19 06:44:24.680 metrics.go:363: [warning] [EXPENSIVE_QUERY] UPDATE storage SET value = 78 WHERE id = 'key1'
2017/12/19 06:44:24.690 metrics.go:363: [warning] [EXPENSIVE_QUERY] SELECT id, value FROM storage WHERE id = 'key1'
2017/12/19 06:44:24.693 metrics.go:363: [warning] [EXPENSIVE_QUERY] UPDATE storage SET value = 79 WHERE id = 'key1'
2017/12/19 06:44:24.703 metrics.go:363: [warning] [EXPENSIVE_QUERY] SELECT id, value FROM storage WHERE id = 'key1'
2017/12/19 06:44:24.705 metrics.go:363: [warning] [EXPENSIVE_QUERY] UPDATE storage SET value = 80 WHERE id = 'key1'
2017/12/19 06:44:24.718 metrics.go:363: [warning] [EXPENSIVE_QUERY] SELECT id, value FROM storage WHERE id = 'key1'
2017/12/19 06:44:24.720 metrics.go:363: [warning] [EXPENSIVE_QUERY] UPDATE storage SET value = 81 WHERE id = 'key1'
2017/12/19 06:44:24.732 metrics.go:363: [warning] [EXPENSIVE_QUERY] SELECT id, value FROM storage WHERE id = 'key1'
2017/12/19 06:44:24.735 metrics.go:363: [warning] [EXPENSIVE_QUERY] UPDATE storage SET value = 82 WHERE id = 'key1'
2017/12/19 06:44:24.747 metrics.go:363: [warning] [EXPENSIVE_QUERY] SELECT id, value FROM storage WHERE id = 'key1'
2017/12/19 06:44:24.825 metrics.go:363: [warning] [EXPENSIVE_QUERY] UPDATE storage SET value = 83 WHERE id = 'key1'
2017/12/19 06:44:24.836 metrics.go:363: [warning] [EXPENSIVE_QUERY] SELECT id, value FROM storage WHERE id = 'key1'
2017/12/19 06:44:24.839 metrics.go:363: [warning] [EXPENSIVE_QUERY] UPDATE storage SET value = 84 WHERE id = 'key1'
2017/12/19 06:44:24.850 metrics.go:363: [warning] [EXPENSIVE_QUERY] SELECT id, value FROM storage WHERE id = 'key1'
2017/12/19 06:44:24.852 metrics.go:363: [warning] [EXPENSIVE_QUERY] UPDATE storage SET value = 85 WHERE id = 'key1'
2017/12/19 06:44:24.862 metrics.go:363: [warning] [EXPENSIVE_QUERY] SELECT id, value FROM storage WHERE id = 'key1'
2017/12/19 06:44:24.946 metrics.go:363: [warning] [EXPENSIVE_QUERY] UPDATE storage SET value = 86 WHERE id = 'key1'
2017/12/19 06:44:24.958 metrics.go:363: [warning] [EXPENSIVE_QUERY] SELECT id, value FROM storage WHERE id = 'key1'
2017/12/19 06:44:24.960 metrics.go:363: [warning] [EXPENSIVE_QUERY] UPDATE storage SET value = 87 WHERE id = 'key1'
2017/12/19 06:44:24.971 metrics.go:363: [warning] [EXPENSIVE_QUERY] SELECT id, value FROM storage WHERE id = 'key1'
2017/12/19 06:44:24.974 metrics.go:363: [warning] [EXPENSIVE_QUERY] UPDATE storage SET value = 88 WHERE id = 'key1'
2017/12/19 06:44:24.990 metrics.go:363: [warning] [EXPENSIVE_QUERY] SELECT id, value FROM storage WHERE id = 'key1'
2017/12/19 06:44:24.992 metrics.go:363: [warning] [EXPENSIVE_QUERY] UPDATE storage SET value = 89 WHERE id = 'key1'
2017/12/19 06:44:25.004 metrics.go:363: [warning] [EXPENSIVE_QUERY] SELECT id, value FROM storage WHERE id = 'key1'
2017/12/19 06:44:25.007 metrics.go:363: [warning] [EXPENSIVE_QUERY] UPDATE storage SET value = 90 WHERE id = 'key1'
2017/12/19 06:44:25.016 metrics.go:363: [warning] [EXPENSIVE_QUERY] SELECT id, value FROM storage WHERE id = 'key1'
2017/12/19 06:44:25.020 metrics.go:363: [warning] [EXPENSIVE_QUERY] UPDATE storage SET value = 91 WHERE id = 'key1'
2017/12/19 06:44:25.125 metrics.go:363: [warning] [EXPENSIVE_QUERY] SELECT id, value FROM storage WHERE id = 'key1'
2017/12/19 06:44:25.128 metrics.go:363: [warning] [EXPENSIVE_QUERY] UPDATE storage SET value = 92 WHERE id = 'key1'
2017/12/19 06:44:25.139 metrics.go:363: [warning] [EXPENSIVE_QUERY] SELECT id, value FROM storage WHERE id = 'key1'
2017/12/19 06:44:25.142 metrics.go:363: [warning] [EXPENSIVE_QUERY] UPDATE storage SET value = 93 WHERE id = 'key1'
2017/12/19 06:44:25.154 metrics.go:363: [warning] [EXPENSIVE_QUERY] SELECT id, value FROM storage WHERE id = 'key1'
2017/12/19 06:44:25.157 metrics.go:363: [warning] [EXPENSIVE_QUERY] UPDATE storage SET value = 94 WHERE id = 'key1'
2017/12/19 06:44:25.167 metrics.go:363: [warning] [EXPENSIVE_QUERY] SELECT id, value FROM storage WHERE id = 'key1'
2017/12/19 06:44:25.258 metrics.go:363: [warning] [EXPENSIVE_QUERY] UPDATE storage SET value = 95 WHERE id = 'key1'
2017/12/19 06:44:25.271 metrics.go:363: [warning] [EXPENSIVE_QUERY] SELECT id, value FROM storage WHERE id = 'key1'
2017/12/19 06:44:25.274 metrics.go:363: [warning] [EXPENSIVE_QUERY] UPDATE storage SET value = 96 WHERE id = 'key1'
2017/12/19 06:44:25.286 metrics.go:363: [warning] [EXPENSIVE_QUERY] SELECT id, value FROM storage WHERE id = 'key1'
2017/12/19 06:44:25.289 metrics.go:363: [warning] [EXPENSIVE_QUERY] UPDATE storage SET value = 97 WHERE id = 'key1'
2017/12/19 06:44:25.300 metrics.go:363: [warning] [EXPENSIVE_QUERY] SELECT id, value FROM storage WHERE id = 'key1'
2017/12/19 06:44:25.306 metrics.go:363: [warning] [EXPENSIVE_QUERY] UPDATE storage SET value = 98 WHERE id = 'key1'
2017/12/19 06:44:25.321 metrics.go:363: [warning] [EXPENSIVE_QUERY] SELECT id, value FROM storage WHERE id = 'key1'
2017/12/19 06:44:25.324 metrics.go:363: [warning] [EXPENSIVE_QUERY] UPDATE storage SET value = 99 WHERE id = 'key1'
2017/12/19 06:44:25.334 metrics.go:363: [warning] [EXPENSIVE_QUERY] SELECT id, value FROM storage WHERE id = 'key1'
2017/12/19 06:44:25.337 metrics.go:363: [warning] [EXPENSIVE_QUERY] UPDATE storage SET value = 100 WHERE id = 'key1'
2017/12/19 06:44:25.350 metrics.go:363: [warning] [EXPENSIVE_QUERY] SELECT id, value FROM storage WHERE id = 'key1'
2017/12/19 06:44:25.353 metrics.go:363: [warning] [EXPENSIVE_QUERY] UPDATE storage SET value = 101 WHERE id = 'key1'
2017/12/19 06:44:25.364 metrics.go:363: [warning] [EXPENSIVE_QUERY] SELECT id, value FROM storage WHERE id = 'key1'
2017/12/19 06:44:25.367 metrics.go:363: [warning] [EXPENSIVE_QUERY] UPDATE storage SET value = 102 WHERE id = 'key1'
2017/12/19 06:44:25.377 metrics.go:363: [warning] [EXPENSIVE_QUERY] SELECT id, value FROM storage WHERE id = 'key1'
2017/12/19 06:44:25.380 metrics.go:363: [warning] [EXPENSIVE_QUERY] UPDATE storage SET value = 103 WHERE id = 'key1'
2017/12/19 06:44:25.390 metrics.go:363: [warning] [EXPENSIVE_QUERY] SELECT id, value FROM storage WHERE id = 'key1'
2017/12/19 06:44:25.393 metrics.go:363: [warning] [EXPENSIVE_QUERY] UPDATE storage SET value = 104 WHERE id = 'key1'
2017/12/19 06:44:25.405 metrics.go:363: [warning] [EXPENSIVE_QUERY] SELECT id, value FROM storage WHERE id = 'key1'
2017/12/19 06:44:25.409 metrics.go:363: [warning] [EXPENSIVE_QUERY] UPDATE storage SET value = 105 WHERE id = 'key1'
2017/12/19 06:44:25.419 metrics.go:363: [warning] [EXPENSIVE_QUERY] SELECT id, value FROM storage WHERE id = 'key1'
2017/12/19 06:44:25.421 metrics.go:363: [warning] [EXPENSIVE_QUERY] UPDATE storage SET value = 106 WHERE id = 'key1'
2017/12/19 06:44:25.433 metrics.go:363: [warning] [EXPENSIVE_QUERY] SELECT id, value FROM storage WHERE id = 'key1'
2017/12/19 06:44:25.435 metrics.go:363: [warning] [EXPENSIVE_QUERY] UPDATE storage SET value = 107 WHERE id = 'key1'
2017/12/19 06:44:25.447 metrics.go:363: [warning] [EXPENSIVE_QUERY] SELECT id, value FROM storage WHERE id = 'key1'
2017/12/19 06:44:25.449 metrics.go:363: [warning] [EXPENSIVE_QUERY] UPDATE storage SET value = 108 WHERE id = 'key1'
2017/12/19 06:44:25.459 metrics.go:363: [warning] [EXPENSIVE_QUERY] SELECT id, value FROM storage WHERE id = 'key1'
2017/12/19 06:44:25.462 metrics.go:363: [warning] [EXPENSIVE_QUERY] UPDATE storage SET value = 109 WHERE id = 'key1'
2017/12/19 06:44:25.472 metrics.go:363: [warning] [EXPENSIVE_QUERY] SELECT id, value FROM storage WHERE id = 'key1'
2017/12/19 06:44:25.475 metrics.go:363: [warning] [EXPENSIVE_QUERY] UPDATE storage SET value = 110 WHERE id = 'key1'
2017/12/19 06:44:25.486 metrics.go:363: [warning] [EXPENSIVE_QUERY] SELECT id, value FROM storage WHERE id = 'key1'
2017/12/19 06:44:25.489 metrics.go:363: [warning] [EXPENSIVE_QUERY] UPDATE storage SET value = 111 WHERE id = 'key1'
2017/12/19 06:44:25.500 metrics.go:363: [warning] [EXPENSIVE_QUERY] SELECT id, value FROM storage WHERE id = 'key1'
2017/12/19 06:44:25.504 metrics.go:363: [warning] [EXPENSIVE_QUERY] UPDATE storage SET value = 112 WHERE id = 'key1'
2017/12/19 06:44:25.515 metrics.go:363: [warning] [EXPENSIVE_QUERY] SELECT id, value FROM storage WHERE id = 'key1'
2017/12/19 06:44:25.518 metrics.go:363: [warning] [EXPENSIVE_QUERY] UPDATE storage SET value = 113 WHERE id = 'key1'
2017/12/19 06:44:25.528 metrics.go:363: [warning] [EXPENSIVE_QUERY] SELECT id, value FROM storage WHERE id = 'key1'
2017/12/19 06:44:25.630 metrics.go:363: [warning] [EXPENSIVE_QUERY] UPDATE storage SET value = 114 WHERE id = 'key1'
2017/12/19 06:44:25.645 metrics.go:363: [warning] [EXPENSIVE_QUERY] SELECT id, value FROM storage WHERE id = 'key1'
2017/12/19 06:44:25.647 metrics.go:363: [warning] [EXPENSIVE_QUERY] UPDATE storage SET value = 115 WHERE id = 'key1'
2017/12/19 06:44:25.657 metrics.go:363: [warning] [EXPENSIVE_QUERY] SELECT id, value FROM storage WHERE id = 'key1'
2017/12/19 06:44:25.660 metrics.go:363: [warning] [EXPENSIVE_QUERY] UPDATE storage SET value = 116 WHERE id = 'key1'
2017/12/19 06:44:25.671 metrics.go:363: [warning] [EXPENSIVE_QUERY] SELECT id, value FROM storage WHERE id = 'key1'
2017/12/19 06:44:25.677 metrics.go:363: [warning] [EXPENSIVE_QUERY] UPDATE storage SET value = 117 WHERE id = 'key1'
2017/12/19 06:44:25.688 metrics.go:363: [warning] [EXPENSIVE_QUERY] SELECT id, value FROM storage WHERE id = 'key1'
2017/12/19 06:44:25.690 metrics.go:363: [warning] [EXPENSIVE_QUERY] UPDATE storage SET value = 118 WHERE id = 'key1'
2017/12/19 06:44:25.700 metrics.go:363: [warning] [EXPENSIVE_QUERY] SELECT id, value FROM storage WHERE id = 'key1'
2017/12/19 06:44:25.780 metrics.go:363: [warning] [EXPENSIVE_QUERY] UPDATE storage SET value = 119 WHERE id = 'key1'
2017/12/19 06:44:25.790 metrics.go:363: [warning] [EXPENSIVE_QUERY] SELECT id, value FROM storage WHERE id = 'key1'
2017/12/19 06:44:25.793 metrics.go:363: [warning] [EXPENSIVE_QUERY] UPDATE storage SET value = 120 WHERE id = 'key1'
2017/12/19 06:44:25.803 metrics.go:363: [warning] [EXPENSIVE_QUERY] SELECT id, value FROM storage WHERE id = 'key1'
2017/12/19 06:44:25.807 metrics.go:363: [warning] [EXPENSIVE_QUERY] UPDATE storage SET value = 121 WHERE id = 'key1'
2017/12/19 06:44:25.822 metrics.go:363: [warning] [EXPENSIVE_QUERY] SELECT id, value FROM storage WHERE id = 'key1'
2017/12/19 06:44:25.825 metrics.go:363: [warning] [EXPENSIVE_QUERY] UPDATE storage SET value = 122 WHERE id = 'key1'
2017/12/19 06:44:25.835 metrics.go:363: [warning] [EXPENSIVE_QUERY] SELECT id, value FROM storage WHERE id = 'key1'
2017/12/19 06:44:25.838 metrics.go:363: [warning] [EXPENSIVE_QUERY] UPDATE storage SET value = 123 WHERE id = 'key1'
2017/12/19 06:44:25.849 metrics.go:363: [warning] [EXPENSIVE_QUERY] SELECT id, value FROM storage WHERE id = 'key1'
2017/12/19 06:44:25.852 metrics.go:363: [warning] [EXPENSIVE_QUERY] UPDATE storage SET value = 124 WHERE id = 'key1'
2017/12/19 06:44:25.867 metrics.go:363: [warning] [EXPENSIVE_QUERY] SELECT id, value FROM storage WHERE id = 'key1'
2017/12/19 06:44:25.870 metrics.go:363: [warning] [EXPENSIVE_QUERY] UPDATE storage SET value = 125 WHERE id = 'key1'
2017/12/19 06:44:25.880 metrics.go:363: [warning] [EXPENSIVE_QUERY] SELECT id, value FROM storage WHERE id = 'key1'
2017/12/19 06:44:25.883 metrics.go:363: [warning] [EXPENSIVE_QUERY] UPDATE storage SET value = 126 WHERE id = 'key1'
2017/12/19 06:44:25.893 metrics.go:363: [warning] [EXPENSIVE_QUERY] SELECT id, value FROM storage WHERE id = 'key1'
2017/12/19 06:44:25.896 metrics.go:363: [warning] [EXPENSIVE_QUERY] UPDATE storage SET value = 127 WHERE id = 'key1'
2017/12/19 06:44:25.905 metrics.go:363: [warning] [EXPENSIVE_QUERY] SELECT id, value FROM storage WHERE id = 'key1'
2017/12/19 06:44:25.960 metrics.go:363: [warning] [EXPENSIVE_QUERY] UPDATE storage SET value = 128 WHERE id = 'key1'
2017/12/19 06:44:25.973 metrics.go:363: [warning] [EXPENSIVE_QUERY] SELECT id, value FROM storage WHERE id = 'key1'
2017/12/19 06:44:25.976 metrics.go:363: [warning] [EXPENSIVE_QUERY] UPDATE storage SET value = 129 WHERE id = 'key1'
2017/12/19 06:44:25.987 metrics.go:363: [warning] [EXPENSIVE_QUERY] SELECT id, value FROM storage WHERE id = 'key1'
2017/12/19 06:44:25.991 metrics.go:363: [warning] [EXPENSIVE_QUERY] UPDATE storage SET value = 130 WHERE id = 'key1'
2017/12/19 06:44:26.003 metrics.go:363: [warning] [EXPENSIVE_QUERY] SELECT id, value FROM storage WHERE id = 'key1'
2017/12/19 06:44:26.006 metrics.go:363: [warning] [EXPENSIVE_QUERY] UPDATE storage SET value = 131 WHERE id = 'key1'
2017/12/19 06:44:26.017 metrics.go:363: [warning] [EXPENSIVE_QUERY] SELECT id, value FROM storage WHERE id = 'key1'
2017/12/19 06:44:26.019 metrics.go:363: [warning] [EXPENSIVE_QUERY] UPDATE storage SET value = 132 WHERE id = 'key1'
2017/12/19 06:44:26.029 metrics.go:363: [warning] [EXPENSIVE_QUERY] SELECT id, value FROM storage WHERE id = 'key1'
2017/12/19 06:44:26.032 metrics.go:363: [warning] [EXPENSIVE_QUERY] UPDATE storage SET value = 133 WHERE id = 'key1'
2017/12/19 06:44:26.043 metrics.go:363: [warning] [EXPENSIVE_QUERY] SELECT id, value FROM storage WHERE id = 'key1'
2017/12/19 06:44:26.046 metrics.go:363: [warning] [EXPENSIVE_QUERY] UPDATE storage SET value = 134 WHERE id = 'key1'
2017/12/19 06:44:26.056 metrics.go:363: [warning] [EXPENSIVE_QUERY] SELECT id, value FROM storage WHERE id = 'key1'
2017/12/19 06:44:26.118 metrics.go:363: [warning] [EXPENSIVE_QUERY] UPDATE storage SET value = 135 WHERE id = 'key1'
2017/12/19 06:44:26.217 metrics.go:363: [warning] [EXPENSIVE_QUERY] SELECT id, value FROM storage WHERE id = 'key1'
2017/12/19 06:44:26.221 metrics.go:363: [warning] [EXPENSIVE_QUERY] UPDATE storage SET value = 136 WHERE id = 'key1'
2017/12/19 06:44:26.231 metrics.go:363: [warning] [EXPENSIVE_QUERY] SELECT id, value FROM storage WHERE id = 'key1'
2017/12/19 06:44:26.235 metrics.go:363: [warning] [EXPENSIVE_QUERY] UPDATE storage SET value = 137 WHERE id = 'key1'
2017/12/19 06:44:26.244 metrics.go:363: [warning] [EXPENSIVE_QUERY] SELECT id, value FROM storage WHERE id = 'key1'
2017/12/19 06:44:26.248 metrics.go:363: [warning] [EXPENSIVE_QUERY] UPDATE storage SET value = 138 WHERE id = 'key1'
2017/12/19 06:44:26.257 metrics.go:363: [warning] [EXPENSIVE_QUERY] SELECT id, value FROM storage WHERE id = 'key1'
2017/12/19 06:44:26.260 metrics.go:363: [warning] [EXPENSIVE_QUERY] UPDATE storage SET value = 139 WHERE id = 'key1'
2017/12/19 06:44:26.348 metrics.go:363: [warning] [EXPENSIVE_QUERY] SELECT id, value FROM storage WHERE id = 'key1'
2017/12/19 06:44:26.353 metrics.go:363: [warning] [EXPENSIVE_QUERY] UPDATE storage SET value = 140 WHERE id = 'key1'
2017/12/19 06:44:26.362 metrics.go:363: [warning] [EXPENSIVE_QUERY] SELECT id, value FROM storage WHERE id = 'key1'
2017/12/19 06:44:26.365 metrics.go:363: [warning] [EXPENSIVE_QUERY] UPDATE storage SET value = 141 WHERE id = 'key1'
2017/12/19 06:44:26.470 metrics.go:363: [warning] [EXPENSIVE_QUERY] SELECT id, value FROM storage WHERE id = 'key1'
2017/12/19 06:44:26.473 metrics.go:363: [warning] [EXPENSIVE_QUERY] UPDATE storage SET value = 142 WHERE id = 'key1'
2017/12/19 06:44:26.486 metrics.go:363: [warning] [EXPENSIVE_QUERY] SELECT id, value FROM storage WHERE id = 'key1'
2017/12/19 06:44:26.489 metrics.go:363: [warning] [EXPENSIVE_QUERY] UPDATE storage SET value = 143 WHERE id = 'key1'
2017/12/19 06:44:26.501 metrics.go:363: [warning] [EXPENSIVE_QUERY] SELECT id, value FROM storage WHERE id = 'key1'
2017/12/19 06:44:26.504 metrics.go:363: [warning] [EXPENSIVE_QUERY] UPDATE storage SET value = 144 WHERE id = 'key1'
2017/12/19 06:44:26.513 metrics.go:363: [warning] [EXPENSIVE_QUERY] SELECT id, value FROM storage WHERE id = 'key1'
2017/12/19 06:44:26.591 metrics.go:363: [warning] [EXPENSIVE_QUERY] UPDATE storage SET value = 145 WHERE id = 'key1'
2017/12/19 06:44:26.663 metrics.go:363: [warning] [EXPENSIVE_QUERY] SELECT id, value FROM storage WHERE id = 'key1'
2017/12/19 06:44:26.665 metrics.go:363: [warning] [EXPENSIVE_QUERY] UPDATE storage SET value = 146 WHERE id = 'key1'
2017/12/19 06:44:26.676 metrics.go:363: [warning] [EXPENSIVE_QUERY] SELECT id, value FROM storage WHERE id = 'key1'
2017/12/19 06:44:26.679 metrics.go:363: [warning] [EXPENSIVE_QUERY] UPDATE storage SET value = 147 WHERE id = 'key1'
2017/12/19 06:44:26.690 metrics.go:363: [warning] [EXPENSIVE_QUERY] SELECT id, value FROM storage WHERE id = 'key1'
2017/12/19 06:44:26.693 metrics.go:363: [warning] [EXPENSIVE_QUERY] UPDATE storage SET value = 148 WHERE id = 'key1'
2017/12/19 06:44:26.705 metrics.go:363: [warning] [EXPENSIVE_QUERY] SELECT id, value FROM storage WHERE id = 'key1'
2017/12/19 06:44:26.709 metrics.go:363: [warning] [EXPENSIVE_QUERY] UPDATE storage SET value = 149 WHERE id = 'key1'
2017/12/19 06:44:26.721 metrics.go:363: [warning] [EXPENSIVE_QUERY] SELECT id, value FROM storage WHERE id = 'key1'
2017/12/19 06:44:26.724 metrics.go:363: [warning] [EXPENSIVE_QUERY] UPDATE storage SET value = 150 WHERE id = 'key1'
2017/12/19 06:44:26.736 metrics.go:363: [warning] [EXPENSIVE_QUERY] SELECT id, value FROM storage WHERE id = 'key1'
2017/12/19 06:44:26.739 metrics.go:363: [warning] [EXPENSIVE_QUERY] UPDATE storage SET value = 151 WHERE id = 'key1'
2017/12/19 06:44:26.751 metrics.go:363: [warning] [EXPENSIVE_QUERY] SELECT id, value FROM storage WHERE id = 'key1'
2017/12/19 06:44:26.754 metrics.go:363: [warning] [EXPENSIVE_QUERY] UPDATE storage SET value = 152 WHERE id = 'key1'
2017/12/19 06:44:26.765 metrics.go:363: [warning] [EXPENSIVE_QUERY] SELECT id, value FROM storage WHERE id = 'key1'
2017/12/19 06:44:26.768 metrics.go:363: [warning] [EXPENSIVE_QUERY] UPDATE storage SET value = 153 WHERE id = 'key1'
2017/12/19 06:44:26.782 metrics.go:363: [warning] [EXPENSIVE_QUERY] SELECT id, value FROM storage WHERE id = 'key1'
2017/12/19 06:44:26.785 metrics.go:363: [warning] [EXPENSIVE_QUERY] UPDATE storage SET value = 154 WHERE id = 'key1'
2017/12/19 06:44:26.796 metrics.go:363: [warning] [EXPENSIVE_QUERY] SELECT id, value FROM storage WHERE id = 'key1'
2017/12/19 06:44:26.799 metrics.go:363: [warning] [EXPENSIVE_QUERY] UPDATE storage SET value = 155 WHERE id = 'key1'
2017/12/19 06:44:26.810 metrics.go:363: [warning] [EXPENSIVE_QUERY] SELECT id, value FROM storage WHERE id = 'key1'
2017/12/19 06:44:26.813 metrics.go:363: [warning] [EXPENSIVE_QUERY] UPDATE storage SET value = 156 WHERE id = 'key1'
2017/12/19 06:44:26.824 metrics.go:363: [warning] [EXPENSIVE_QUERY] SELECT id, value FROM storage WHERE id = 'key1'
2017/12/19 06:44:26.827 metrics.go:363: [warning] [EXPENSIVE_QUERY] UPDATE storage SET value = 157 WHERE id = 'key1'
2017/12/19 06:44:26.839 metrics.go:363: [warning] [EXPENSIVE_QUERY] SELECT id, value FROM storage WHERE id = 'key1'
2017/12/19 06:44:26.842 metrics.go:363: [warning] [EXPENSIVE_QUERY] UPDATE storage SET value = 158 WHERE id = 'key1'
2017/12/19 06:44:26.853 metrics.go:363: [warning] [EXPENSIVE_QUERY] SELECT id, value FROM storage WHERE id = 'key1'
2017/12/19 06:44:26.856 metrics.go:363: [warning] [EXPENSIVE_QUERY] UPDATE storage SET value = 159 WHERE id = 'key1'
2017/12/19 06:44:26.866 metrics.go:363: [warning] [EXPENSIVE_QUERY] SELECT id, value FROM storage WHERE id = 'key1'
2017/12/19 06:44:26.869 metrics.go:363: [warning] [EXPENSIVE_QUERY] UPDATE storage SET value = 160 WHERE id = 'key1'
2017/12/19 06:44:26.879 metrics.go:363: [warning] [EXPENSIVE_QUERY] SELECT id, value FROM storage WHERE id = 'key1'
2017/12/19 06:44:26.882 metrics.go:363: [warning] [EXPENSIVE_QUERY] UPDATE storage SET value = 161 WHERE id = 'key1'
2017/12/19 06:44:26.892 metrics.go:363: [warning] [EXPENSIVE_QUERY] SELECT id, value FROM storage WHERE id = 'key1'
2017/12/19 06:44:26.895 metrics.go:363: [warning] [EXPENSIVE_QUERY] UPDATE storage SET value = 162 WHERE id = 'key1'
2017/12/19 06:44:26.905 metrics.go:363: [warning] [EXPENSIVE_QUERY] SELECT id, value FROM storage WHERE id = 'key1'
2017/12/19 06:44:26.994 metrics.go:363: [warning] [EXPENSIVE_QUERY] UPDATE storage SET value = 163 WHERE id = 'key1'
2017/12/19 06:44:27.097 metrics.go:363: [warning] [EXPENSIVE_QUERY] SELECT id, value FROM storage WHERE id = 'key1'
2017/12/19 06:44:27.100 metrics.go:363: [warning] [EXPENSIVE_QUERY] UPDATE storage SET value = 164 WHERE id = 'key1'
2017/12/19 06:44:27.112 metrics.go:363: [warning] [EXPENSIVE_QUERY] SELECT id, value FROM storage WHERE id = 'key1'
2017/12/19 06:44:27.115 metrics.go:363: [warning] [EXPENSIVE_QUERY] UPDATE storage SET value = 165 WHERE id = 'key1'
2017/12/19 06:44:27.127 metrics.go:363: [warning] [EXPENSIVE_QUERY] SELECT id, value FROM storage WHERE id = 'key1'
2017/12/19 06:44:27.224 metrics.go:363: [warning] [EXPENSIVE_QUERY] UPDATE storage SET value = 166 WHERE id = 'key1'
2017/12/19 06:44:27.312 metrics.go:363: [warning] [EXPENSIVE_QUERY] SELECT id, value FROM storage WHERE id = 'key1'
2017/12/19 06:44:27.314 metrics.go:363: [warning] [EXPENSIVE_QUERY] UPDATE storage SET value = 167 WHERE id = 'key1'
2017/12/19 06:44:27.323 metrics.go:363: [warning] [EXPENSIVE_QUERY] SELECT id, value FROM storage WHERE id = 'key1'
2017/12/19 06:44:27.326 metrics.go:363: [warning] [EXPENSIVE_QUERY] UPDATE storage SET value = 168 WHERE id = 'key1'
2017/12/19 06:44:27.337 metrics.go:363: [warning] [EXPENSIVE_QUERY] SELECT id, value FROM storage WHERE id = 'key1'
2017/12/19 06:44:27.340 metrics.go:363: [warning] [EXPENSIVE_QUERY] UPDATE storage SET value = 169 WHERE id = 'key1'
2017/12/19 06:44:27.351 metrics.go:363: [warning] [EXPENSIVE_QUERY] SELECT id, value FROM storage WHERE id = 'key1'
2017/12/19 06:44:27.354 metrics.go:363: [warning] [EXPENSIVE_QUERY] UPDATE storage SET value = 170 WHERE id = 'key1'
2017/12/19 06:44:27.364 metrics.go:363: [warning] [EXPENSIVE_QUERY] SELECT id, value FROM storage WHERE id = 'key1'
2017/12/19 06:44:27.367 metrics.go:363: [warning] [EXPENSIVE_QUERY] UPDATE storage SET value = 171 WHERE id = 'key1'
2017/12/19 06:44:27.379 metrics.go:363: [warning] [EXPENSIVE_QUERY] SELECT id, value FROM storage WHERE id = 'key1'
2017/12/19 06:44:27.382 metrics.go:363: [warning] [EXPENSIVE_QUERY] UPDATE storage SET value = 172 WHERE id = 'key1'
2017/12/19 06:44:27.393 metrics.go:363: [warning] [EXPENSIVE_QUERY] SELECT id, value FROM storage WHERE id = 'key1'
2017/12/19 06:44:27.396 metrics.go:363: [warning] [EXPENSIVE_QUERY] UPDATE storage SET value = 173 WHERE id = 'key1'
2017/12/19 06:44:27.406 metrics.go:363: [warning] [EXPENSIVE_QUERY] SELECT id, value FROM storage WHERE id = 'key1'
2017/12/19 06:44:27.409 metrics.go:363: [warning] [EXPENSIVE_QUERY] UPDATE storage SET value = 174 WHERE id = 'key1'
2017/12/19 06:44:27.419 metrics.go:363: [warning] [EXPENSIVE_QUERY] SELECT id, value FROM storage WHERE id = 'key1'
2017/12/19 06:44:27.422 metrics.go:363: [warning] [EXPENSIVE_QUERY] UPDATE storage SET value = 175 WHERE id = 'key1'
2017/12/19 06:44:27.434 metrics.go:363: [warning] [EXPENSIVE_QUERY] SELECT id, value FROM storage WHERE id = 'key1'
2017/12/19 06:44:27.436 metrics.go:363: [warning] [EXPENSIVE_QUERY] UPDATE storage SET value = 176 WHERE id = 'key1'
2017/12/19 06:44:27.447 metrics.go:363: [warning] [EXPENSIVE_QUERY] SELECT id, value FROM storage WHERE id = 'key1'
2017/12/19 06:44:27.450 metrics.go:363: [warning] [EXPENSIVE_QUERY] UPDATE storage SET value = 177 WHERE id = 'key1'
2017/12/19 06:44:27.461 metrics.go:363: [warning] [EXPENSIVE_QUERY] SELECT id, value FROM storage WHERE id = 'key1'
2017/12/19 06:44:27.464 metrics.go:363: [warning] [EXPENSIVE_QUERY] UPDATE storage SET value = 178 WHERE id = 'key1'
2017/12/19 06:44:27.479 metrics.go:363: [warning] [EXPENSIVE_QUERY] SELECT id, value FROM storage WHERE id = 'key1'
2017/12/19 06:44:27.537 metrics.go:363: [warning] [EXPENSIVE_QUERY] UPDATE storage SET value = 179 WHERE id = 'key1'
2017/12/19 06:44:27.549 metrics.go:363: [warning] [EXPENSIVE_QUERY] SELECT id, value FROM storage WHERE id = 'key1'
2017/12/19 06:44:27.552 metrics.go:363: [warning] [EXPENSIVE_QUERY] UPDATE storage SET value = 180 WHERE id = 'key1'
2017/12/19 06:44:27.664 metrics.go:363: [warning] [EXPENSIVE_QUERY] SELECT id, value FROM storage WHERE id = 'key1'
2017/12/19 06:44:27.667 metrics.go:363: [warning] [EXPENSIVE_QUERY] UPDATE storage SET value = 181 WHERE id = 'key1'
2017/12/19 06:44:27.678 metrics.go:363: [warning] [EXPENSIVE_QUERY] SELECT id, value FROM storage WHERE id = 'key1'
2017/12/19 06:44:27.681 metrics.go:363: [warning] [EXPENSIVE_QUERY] UPDATE storage SET value = 182 WHERE id = 'key1'
2017/12/19 06:44:27.692 metrics.go:363: [warning] [EXPENSIVE_QUERY] SELECT id, value FROM storage WHERE id = 'key1'
2017/12/19 06:44:27.763 metrics.go:363: [warning] [EXPENSIVE_QUERY] UPDATE storage SET value = 183 WHERE id = 'key1'
2017/12/19 06:44:27.844 metrics.go:363: [warning] [EXPENSIVE_QUERY] SELECT id, value FROM storage WHERE id = 'key1'
2017/12/19 06:44:27.846 metrics.go:363: [warning] [EXPENSIVE_QUERY] UPDATE storage SET value = 184 WHERE id = 'key1'
2017/12/19 06:44:27.856 metrics.go:363: [warning] [EXPENSIVE_QUERY] SELECT id, value FROM storage WHERE id = 'key1'
2017/12/19 06:44:27.859 metrics.go:363: [warning] [EXPENSIVE_QUERY] UPDATE storage SET value = 185 WHERE id = 'key1'
2017/12/19 06:44:27.870 metrics.go:363: [warning] [EXPENSIVE_QUERY] SELECT id, value FROM storage WHERE id = 'key1'
2017/12/19 06:44:27.873 metrics.go:363: [warning] [EXPENSIVE_QUERY] UPDATE storage SET value = 186 WHERE id = 'key1'
2017/12/19 06:44:27.884 metrics.go:363: [warning] [EXPENSIVE_QUERY] SELECT id, value FROM storage WHERE id = 'key1'
2017/12/19 06:44:27.888 metrics.go:363: [warning] [EXPENSIVE_QUERY] UPDATE storage SET value = 187 WHERE id = 'key1'
2017/12/19 06:44:27.898 metrics.go:363: [warning] [EXPENSIVE_QUERY] SELECT id, value FROM storage WHERE id = 'key1'
2017/12/19 06:44:27.901 metrics.go:363: [warning] [EXPENSIVE_QUERY] UPDATE storage SET value = 188 WHERE id = 'key1'
2017/12/19 06:44:27.911 metrics.go:363: [warning] [EXPENSIVE_QUERY] SELECT id, value FROM storage WHERE id = 'key1'
2017/12/19 06:44:27.914 metrics.go:363: [warning] [EXPENSIVE_QUERY] UPDATE storage SET value = 189 WHERE id = 'key1'
2017/12/19 06:44:27.923 metrics.go:363: [warning] [EXPENSIVE_QUERY] SELECT id, value FROM storage WHERE id = 'key1'
2017/12/19 06:44:27.925 metrics.go:363: [warning] [EXPENSIVE_QUERY] UPDATE storage SET value = 190 WHERE id = 'key1'
2017/12/19 06:44:27.935 metrics.go:363: [warning] [EXPENSIVE_QUERY] SELECT id, value FROM storage WHERE id = 'key1'
2017/12/19 06:44:27.938 metrics.go:363: [warning] [EXPENSIVE_QUERY] UPDATE storage SET value = 191 WHERE id = 'key1'
2017/12/19 06:44:28.042 metrics.go:363: [warning] [EXPENSIVE_QUERY] SELECT id, value FROM storage WHERE id = 'key1'
2017/12/19 06:44:28.044 metrics.go:363: [warning] [EXPENSIVE_QUERY] UPDATE storage SET value = 192 WHERE id = 'key1'
2017/12/19 06:44:28.056 metrics.go:363: [warning] [EXPENSIVE_QUERY] SELECT id, value FROM storage WHERE id = 'key1'
2017/12/19 06:44:28.058 metrics.go:363: [warning] [EXPENSIVE_QUERY] UPDATE storage SET value = 193 WHERE id = 'key1'
2017/12/19 06:44:28.069 metrics.go:363: [warning] [EXPENSIVE_QUERY] SELECT id, value FROM storage WHERE id = 'key1'
2017/12/19 06:44:28.072 metrics.go:363: [warning] [EXPENSIVE_QUERY] UPDATE storage SET value = 194 WHERE id = 'key1'
2017/12/19 06:44:28.081 metrics.go:363: [warning] [EXPENSIVE_QUERY] SELECT id, value FROM storage WHERE id = 'key1'
2017/12/19 06:44:28.083 metrics.go:363: [warning] [EXPENSIVE_QUERY] UPDATE storage SET value = 195 WHERE id = 'key1'
2017/12/19 06:44:28.092 metrics.go:363: [warning] [EXPENSIVE_QUERY] SELECT id, value FROM storage WHERE id = 'key1'
2017/12/19 06:44:28.095 metrics.go:363: [warning] [EXPENSIVE_QUERY] UPDATE storage SET value = 196 WHERE id = 'key1'
2017/12/19 06:44:28.107 metrics.go:363: [warning] [EXPENSIVE_QUERY] SELECT id, value FROM storage WHERE id = 'key1'
2017/12/19 06:44:28.110 metrics.go:363: [warning] [EXPENSIVE_QUERY] UPDATE storage SET value = 197 WHERE id = 'key1'
2017/12/19 06:44:28.119 metrics.go:363: [warning] [EXPENSIVE_QUERY] SELECT id, value FROM storage WHERE id = 'key1'
2017/12/19 06:44:28.122 metrics.go:363: [warning] [EXPENSIVE_QUERY] UPDATE storage SET value = 198 WHERE id = 'key1'
2017/12/19 06:44:28.132 metrics.go:363: [warning] [EXPENSIVE_QUERY] SELECT id, value FROM storage WHERE id = 'key1'
2017/12/19 06:44:28.135 metrics.go:363: [warning] [EXPENSIVE_QUERY] UPDATE storage SET value = 199 WHERE id = 'key1'
2017/12/19 06:44:28.147 metrics.go:363: [warning] [EXPENSIVE_QUERY] SELECT id, value FROM storage WHERE id = 'key1'
2017/12/19 06:44:28.149 metrics.go:363: [warning] [EXPENSIVE_QUERY] UPDATE storage SET value = 200 WHERE id = 'key1'
2017/12/19 06:44:28.158 metrics.go:363: [warning] [EXPENSIVE_QUERY] SELECT id, value FROM storage WHERE id = 'key1'
2017/12/19 06:44:28.246 metrics.go:363: [warning] [EXPENSIVE_QUERY] UPDATE storage SET value = 201 WHERE id = 'key1'
2017/12/19 06:44:28.323 metrics.go:363: [warning] [EXPENSIVE_QUERY] SELECT id, value FROM storage WHERE id = 'key1'
2017/12/19 06:44:28.325 metrics.go:363: [warning] [EXPENSIVE_QUERY] UPDATE storage SET value = 202 WHERE id = 'key1'
2017/12/19 06:44:28.336 metrics.go:363: [warning] [EXPENSIVE_QUERY] SELECT id, value FROM storage WHERE id = 'key1'
2017/12/19 06:44:28.339 metrics.go:363: [warning] [EXPENSIVE_QUERY] UPDATE storage SET value = 203 WHERE id = 'key1'
2017/12/19 06:44:28.352 metrics.go:363: [warning] [EXPENSIVE_QUERY] SELECT id, value FROM storage WHERE id = 'key1'
2017/12/19 06:44:28.354 metrics.go:363: [warning] [EXPENSIVE_QUERY] UPDATE storage SET value = 204 WHERE id = 'key1'
2017/12/19 06:44:28.363 metrics.go:363: [warning] [EXPENSIVE_QUERY] SELECT id, value FROM storage WHERE id = 'key1'
2017/12/19 06:44:28.366 metrics.go:363: [warning] [EXPENSIVE_QUERY] UPDATE storage SET value = 205 WHERE id = 'key1'
2017/12/19 06:44:28.377 metrics.go:363: [warning] [EXPENSIVE_QUERY] SELECT id, value FROM storage WHERE id = 'key1'
2017/12/19 06:44:28.380 metrics.go:363: [warning] [EXPENSIVE_QUERY] UPDATE storage SET value = 206 WHERE id = 'key1'
2017/12/19 06:44:28.393 metrics.go:363: [warning] [EXPENSIVE_QUERY] SELECT id, value FROM storage WHERE id = 'key1'
2017/12/19 06:44:28.396 metrics.go:363: [warning] [EXPENSIVE_QUERY] UPDATE storage SET value = 207 WHERE id = 'key1'
2017/12/19 06:44:28.407 metrics.go:363: [warning] [EXPENSIVE_QUERY] SELECT id, value FROM storage WHERE id = 'key1'
2017/12/19 06:44:28.410 metrics.go:363: [warning] [EXPENSIVE_QUERY] UPDATE storage SET value = 208 WHERE id = 'key1'
2017/12/19 06:44:28.421 metrics.go:363: [warning] [EXPENSIVE_QUERY] SELECT id, value FROM storage WHERE id = 'key1'
2017/12/19 06:44:28.515 metrics.go:363: [warning] [EXPENSIVE_QUERY] UPDATE storage SET value = 209 WHERE id = 'key1'
2017/12/19 06:44:28.526 metrics.go:363: [warning] [EXPENSIVE_QUERY] SELECT id, value FROM storage WHERE id = 'key1'
2017/12/19 06:44:28.529 metrics.go:363: [warning] [EXPENSIVE_QUERY] UPDATE storage SET value = 210 WHERE id = 'key1'
2017/12/19 06:44:28.539 metrics.go:363: [warning] [EXPENSIVE_QUERY] SELECT id, value FROM storage WHERE id = 'key1'
2017/12/19 06:44:28.542 metrics.go:363: [warning] [EXPENSIVE_QUERY] UPDATE storage SET value = 211 WHERE id = 'key1'
2017/12/19 06:44:28.552 metrics.go:363: [warning] [EXPENSIVE_QUERY] SELECT id, value FROM storage WHERE id = 'key1'
2017/12/19 06:44:28.555 metrics.go:363: [warning] [EXPENSIVE_QUERY] UPDATE storage SET value = 212 WHERE id = 'key1'
2017/12/19 06:44:28.566 metrics.go:363: [warning] [EXPENSIVE_QUERY] SELECT id, value FROM storage WHERE id = 'key1'
2017/12/19 06:44:28.569 metrics.go:363: [warning] [EXPENSIVE_QUERY] UPDATE storage SET value = 213 WHERE id = 'key1'
2017/12/19 06:44:28.581 metrics.go:363: [warning] [EXPENSIVE_QUERY] SELECT id, value FROM storage WHERE id = 'key1'
2017/12/19 06:44:28.584 metrics.go:363: [warning] [EXPENSIVE_QUERY] UPDATE storage SET value = 214 WHERE id = 'key1'
2017/12/19 06:44:28.594 metrics.go:363: [warning] [EXPENSIVE_QUERY] SELECT id, value FROM storage WHERE id = 'key1'
2017/12/19 06:44:28.596 metrics.go:363: [warning] [EXPENSIVE_QUERY] UPDATE storage SET value = 215 WHERE id = 'key1'
2017/12/19 06:44:28.608 metrics.go:363: [warning] [EXPENSIVE_QUERY] SELECT id, value FROM storage WHERE id = 'key1'
2017/12/19 06:44:28.611 metrics.go:363: [warning] [EXPENSIVE_QUERY] UPDATE storage SET value = 216 WHERE id = 'key1'
2017/12/19 06:44:28.706 metrics.go:363: [warning] [EXPENSIVE_QUERY] SELECT id, value FROM storage WHERE id = 'key1'
2017/12/19 06:44:28.709 metrics.go:363: [warning] [EXPENSIVE_QUERY] UPDATE storage SET value = 217 WHERE id = 'key1'
2017/12/19 06:44:28.721 metrics.go:363: [warning] [EXPENSIVE_QUERY] SELECT id, value FROM storage WHERE id = 'key1'
2017/12/19 06:44:28.724 metrics.go:363: [warning] [EXPENSIVE_QUERY] UPDATE storage SET value = 218 WHERE id = 'key1'
2017/12/19 06:44:28.734 metrics.go:363: [warning] [EXPENSIVE_QUERY] SELECT id, value FROM storage WHERE id = 'key1'
2017/12/19 06:44:28.737 metrics.go:363: [warning] [EXPENSIVE_QUERY] UPDATE storage SET value = 219 WHERE id = 'key1'
2017/12/19 06:44:28.749 metrics.go:363: [warning] [EXPENSIVE_QUERY] SELECT id, value FROM storage WHERE id = 'key1'
2017/12/19 06:44:28.752 metrics.go:363: [warning] [EXPENSIVE_QUERY] UPDATE storage SET value = 220 WHERE id = 'key1'
2017/12/19 06:44:28.762 metrics.go:363: [warning] [EXPENSIVE_QUERY] SELECT id, value FROM storage WHERE id = 'key1'
2017/12/19 06:44:28.765 metrics.go:363: [warning] [EXPENSIVE_QUERY] UPDATE storage SET value = 221 WHERE id = 'key1'
2017/12/19 06:44:28.775 metrics.go:363: [warning] [EXPENSIVE_QUERY] SELECT id, value FROM storage WHERE id = 'key1'
2017/12/19 06:44:28.777 metrics.go:363: [warning] [EXPENSIVE_QUERY] UPDATE storage SET value = 222 WHERE id = 'key1'
2017/12/19 06:44:28.787 metrics.go:363: [warning] [EXPENSIVE_QUERY] SELECT id, value FROM storage WHERE id = 'key1'
2017/12/19 06:44:28.791 metrics.go:363: [warning] [EXPENSIVE_QUERY] UPDATE storage SET value = 223 WHERE id = 'key1'
2017/12/19 06:44:28.871 metrics.go:363: [warning] [EXPENSIVE_QUERY] SELECT id, value FROM storage WHERE id = 'key1'
2017/12/19 06:44:28.873 metrics.go:363: [warning] [EXPENSIVE_QUERY] UPDATE storage SET value = 224 WHERE id = 'key1'
2017/12/19 06:44:28.949 metrics.go:363: [warning] [EXPENSIVE_QUERY] SELECT id, value FROM storage WHERE id = 'key1'
2017/12/19 06:44:28.952 metrics.go:363: [warning] [EXPENSIVE_QUERY] UPDATE storage SET value = 225 WHERE id = 'key1'
2017/12/19 06:44:29.021 metrics.go:363: [warning] [EXPENSIVE_QUERY] SELECT id, value FROM storage WHERE id = 'key1'
2017/12/19 06:44:29.024 metrics.go:363: [warning] [EXPENSIVE_QUERY] UPDATE storage SET value = 226 WHERE id = 'key1'
2017/12/19 06:44:29.108 metrics.go:363: [warning] [EXPENSIVE_QUERY] SELECT id, value FROM storage WHERE id = 'key1'
2017/12/19 06:44:29.207 metrics.go:363: [warning] [EXPENSIVE_QUERY] UPDATE storage SET value = 227 WHERE id = 'key1'
2017/12/19 06:44:29.218 metrics.go:363: [warning] [EXPENSIVE_QUERY] SELECT id, value FROM storage WHERE id = 'key1'
2017/12/19 06:44:29.220 metrics.go:363: [warning] [EXPENSIVE_QUERY] UPDATE storage SET value = 228 WHERE id = 'key1'
2017/12/19 06:44:29.308 metrics.go:363: [warning] [EXPENSIVE_QUERY] SELECT id, value FROM storage WHERE id = 'key1'
2017/12/19 06:44:29.373 metrics.go:363: [warning] [EXPENSIVE_QUERY] UPDATE storage SET value = 229 WHERE id = 'key1'
2017/12/19 06:44:29.385 metrics.go:363: [warning] [EXPENSIVE_QUERY] SELECT id, value FROM storage WHERE id = 'key1'
2017/12/19 06:44:29.387 metrics.go:363: [warning] [EXPENSIVE_QUERY] UPDATE storage SET value = 230 WHERE id = 'key1'
2017/12/19 06:44:29.398 metrics.go:363: [warning] [EXPENSIVE_QUERY] SELECT id, value FROM storage WHERE id = 'key1'
2017/12/19 06:44:29.400 metrics.go:363: [warning] [EXPENSIVE_QUERY] UPDATE storage SET value = 231 WHERE id = 'key1'
2017/12/19 06:44:29.412 metrics.go:363: [warning] [EXPENSIVE_QUERY] SELECT id, value FROM storage WHERE id = 'key1'
2017/12/19 06:44:29.415 metrics.go:363: [warning] [EXPENSIVE_QUERY] UPDATE storage SET value = 232 WHERE id = 'key1'
2017/12/19 06:44:29.425 metrics.go:363: [warning] [EXPENSIVE_QUERY] SELECT id, value FROM storage WHERE id = 'key1'
2017/12/19 06:44:29.428 metrics.go:363: [warning] [EXPENSIVE_QUERY] UPDATE storage SET value = 233 WHERE id = 'key1'
2017/12/19 06:44:29.441 metrics.go:363: [warning] [EXPENSIVE_QUERY] SELECT id, value FROM storage WHERE id = 'key1'
2017/12/19 06:44:29.443 metrics.go:363: [warning] [EXPENSIVE_QUERY] UPDATE storage SET value = 234 WHERE id = 'key1'
2017/12/19 06:44:29.453 metrics.go:363: [warning] [EXPENSIVE_QUERY] SELECT id, value FROM storage WHERE id = 'key1'
2017/12/19 06:44:29.455 metrics.go:363: [warning] [EXPENSIVE_QUERY] UPDATE storage SET value = 235 WHERE id = 'key1'
2017/12/19 06:44:29.468 metrics.go:363: [warning] [EXPENSIVE_QUERY] SELECT id, value FROM storage WHERE id = 'key1'
2017/12/19 06:44:29.471 metrics.go:363: [warning] [EXPENSIVE_QUERY] UPDATE storage SET value = 236 WHERE id = 'key1'
2017/12/19 06:44:29.481 metrics.go:363: [warning] [EXPENSIVE_QUERY] SELECT id, value FROM storage WHERE id = 'key1'
2017/12/19 06:44:29.484 metrics.go:363: [warning] [EXPENSIVE_QUERY] UPDATE storage SET value = 237 WHERE id = 'key1'
2017/12/19 06:44:29.586 metrics.go:363: [warning] [EXPENSIVE_QUERY] SELECT id, value FROM storage WHERE id = 'key1'
2017/12/19 06:44:29.651 metrics.go:363: [warning] [EXPENSIVE_QUERY] UPDATE storage SET value = 238 WHERE id = 'key1'
2017/12/19 06:44:29.663 metrics.go:363: [warning] [EXPENSIVE_QUERY] SELECT id, value FROM storage WHERE id = 'key1'
2017/12/19 06:44:29.666 metrics.go:363: [warning] [EXPENSIVE_QUERY] UPDATE storage SET value = 239 WHERE id = 'key1'
2017/12/19 06:44:29.760 metrics.go:363: [warning] [EXPENSIVE_QUERY] SELECT id, value FROM storage WHERE id = 'key1'
2017/12/19 06:44:29.763 metrics.go:363: [warning] [EXPENSIVE_QUERY] UPDATE storage SET value = 240 WHERE id = 'key1'
2017/12/19 06:44:29.773 metrics.go:363: [warning] [EXPENSIVE_QUERY] SELECT id, value FROM storage WHERE id = 'key1'
2017/12/19 06:44:29.777 metrics.go:363: [warning] [EXPENSIVE_QUERY] UPDATE storage SET value = 241 WHERE id = 'key1'
2017/12/19 06:44:29.790 metrics.go:363: [warning] [EXPENSIVE_QUERY] SELECT id, value FROM storage WHERE id = 'key1'
2017/12/19 06:44:29.794 metrics.go:363: [warning] [EXPENSIVE_QUERY] UPDATE storage SET value = 242 WHERE id = 'key1'
2017/12/19 06:44:29.804 metrics.go:363: [warning] [EXPENSIVE_QUERY] SELECT id, value FROM storage WHERE id = 'key1'
2017/12/19 06:44:29.807 metrics.go:363: [warning] [EXPENSIVE_QUERY] UPDATE storage SET value = 243 WHERE id = 'key1'
2017/12/19 06:44:29.817 metrics.go:363: [warning] [EXPENSIVE_QUERY] SELECT id, value FROM storage WHERE id = 'key1'
2017/12/19 06:44:29.819 metrics.go:363: [warning] [EXPENSIVE_QUERY] UPDATE storage SET value = 244 WHERE id = 'key1'
2017/12/19 06:44:30.101 metrics.go:363: [warning] [EXPENSIVE_QUERY] SELECT id, value FROM storage WHERE id = 'key1'
2017/12/19 06:44:30.103 metrics.go:363: [warning] [EXPENSIVE_QUERY] UPDATE storage SET value = 245 WHERE id = 'key1'
2017/12/19 06:44:30.200 metrics.go:363: [warning] [EXPENSIVE_QUERY] SELECT id, value FROM storage WHERE id = 'key1'
2017/12/19 06:44:30.293 metrics.go:363: [warning] [EXPENSIVE_QUERY] UPDATE storage SET value = 246 WHERE id = 'key1'
2017/12/19 06:44:30.303 metrics.go:363: [warning] [EXPENSIVE_QUERY] SELECT id, value FROM storage WHERE id = 'key1'
2017/12/19 06:44:30.306 metrics.go:363: [warning] [EXPENSIVE_QUERY] UPDATE storage SET value = 247 WHERE id = 'key1'
2017/12/19 06:44:30.318 metrics.go:363: [warning] [EXPENSIVE_QUERY] SELECT id, value FROM storage WHERE id = 'key1'
2017/12/19 06:44:30.386 metrics.go:363: [warning] [EXPENSIVE_QUERY] UPDATE storage SET value = 248 WHERE id = 'key1'
2017/12/19 06:44:30.500 metrics.go:363: [warning] [EXPENSIVE_QUERY] SELECT id, value FROM storage WHERE id = 'key1'
2017/12/19 06:44:30.504 metrics.go:363: [warning] [EXPENSIVE_QUERY] UPDATE storage SET value = 249 WHERE id = 'key1'
2017/12/19 06:44:30.574 metrics.go:363: [warning] [EXPENSIVE_QUERY] SELECT id, value FROM storage WHERE id = 'key1'
2017/12/19 06:45:50.727 region_cache.go:467: [info] drop regions of store 5 from cache due to request fail, err: rpc error: code = DeadlineExceeded desc = context deadline exceeded
2017/12/19 06:46:32.981 client.go:391: [error] [pd] getTS error: rpc error: code = Unknown desc = rpc error: code = Unavailable desc = not leader
2017/12/19 06:46:33.477 client.go:391: [error] [pd] getTS error: rpc error: code = Unknown desc = rpc error: code = Unavailable desc = not leader
2017/12/19 06:46:33.547 client.go:391: [error] [pd] getTS error: rpc error: code = Unknown desc = rpc error: code = Unavailable desc = not leader
2017/12/19 06:46:33.547 pd.go:126: [error] updateTS error: rpc error: code = Unknown desc = rpc error: code = Unavailable desc = not leader
2017/12/19 06:46:33.574 client.go:391: [error] [pd] getTS error: rpc error: code = Unknown desc = rpc error: code = Unavailable desc = not leader
2017/12/19 06:46:33.625 client.go:391: [error] [pd] getTS error: rpc error: code = Unknown desc = rpc error: code = Unavailable desc = not leader
2017/12/19 06:46:33.626 client.go:391: [error] [pd] getTS error: rpc error: code = Unknown desc = rpc error: code = Unavailable desc = not leader
2017/12/19 06:46:34.010 client.go:391: [error] [pd] getTS error: rpc error: code = Unknown desc = rpc error: code = Unavailable desc = not leader
2017/12/19 06:46:34.027 client.go:391: [error] [pd] getTS error: rpc error: code = Unknown desc = rpc error: code = Unavailable desc = not leader
2017/12/19 06:46:34.101 client.go:391: [error] [pd] getTS error: rpc error: code = Unknown desc = rpc error: code = Unavailable desc = not leader
2017/12/19 06:46:34.630 client.go:391: [error] [pd] getTS error: rpc error: code = Unknown desc = rpc error: code = Unavailable desc = not leader
2017/12/19 06:46:34.734 client.go:391: [error] [pd] getTS error: rpc error: code = Unknown desc = rpc error: code = Unavailable desc = not leader
2017/12/19 06:46:35.547 client.go:391: [error] [pd] getTS error: rpc error: code = Unknown desc = rpc error: code = Unavailable desc = not leader
2017/12/19 06:46:35.547 pd.go:126: [error] updateTS error: rpc error: code = Unknown desc = rpc error: code = Unavailable desc = not leader
2017/12/19 06:46:35.693 client.go:391: [error] [pd] getTS error: rpc error: code = Unknown desc = rpc error: code = Unavailable desc = not leader
2017/12/19 06:46:35.913 client.go:391: [error] [pd] getTS error: rpc error: code = Unknown desc = rpc error: code = Unavailable desc = not leader
2017/12/19 06:46:35.982 client.go:297: [error] [pd] failed updateLeader: failed to get leader from [http://10.0.0.10:2579 http://10.0.0.8:2379 http://10.0.0.9:2479]
2017/12/19 06:46:36.419 client.go:391: [error] [pd] getTS error: rpc error: code = Unknown desc = rpc error: code = Unavailable desc = not leader
2017/12/19 06:46:36.590 kv.go:244: [error] [tikv] fail to load safepoint: context deadline exceeded
2017/12/19 06:46:37.223 client.go:391: [error] [pd] getTS error: rpc error: code = Unknown desc = rpc error: code = Unavailable desc = not leader
2017/12/19 06:46:37.547 pd.go:126: [error] updateTS error: rpc error: code = Unknown desc = rpc error: code = Unavailable desc = not leader
2017/12/19 06:46:37.547 client.go:391: [error] [pd] getTS error: rpc error: code = Unknown desc = rpc error: code = Unavailable desc = not leader
2017/12/19 06:46:37.602 client.go:391: [error] [pd] getTS error: rpc error: code = Unknown desc = rpc error: code = Unavailable desc = not leader
2017/12/19 06:46:37.979 client.go:391: [error] [pd] getTS error: rpc error: code = Unknown desc = rpc error: code = Unavailable desc = not leader
2017/12/19 06:46:38.658 backoff.go:211: [warning] backoffer.maxSleep 5000ms is exceeded, errors:
get timestamp failed: rpc error: code = Unknown desc = rpc error: code = Unavailable desc = not leader
get timestamp failed: rpc error: code = Unknown desc = rpc error: code = Unavailable desc = not leader
get timestamp failed: rpc error: code = Unknown desc = rpc error: code = Unavailable desc = not leader
2017/12/19 06:46:38.658 txn.go:37: [error] [kv] RunInNewTxn error - [tikv:9001]PD server timeout[try again later]
2017/12/19 06:46:38.658 ddl_worker.go:60: [error] [ddl] handle ddl job err /home/jenkins/workspace/build_tidb_master/go/src/github.com/pingcap/tidb/store/tikv/backoff.go:131: [tikv:9001]PD server timeout[try again later]
/home/jenkins/workspace/build_tidb_master/go/src/github.com/pingcap/tidb/store/tikv/kv.go:400: 
/home/jenkins/workspace/build_tidb_master/go/src/github.com/pingcap/tidb/store/tikv/txn.go:49: 
/home/jenkins/workspace/build_tidb_master/go/src/github.com/pingcap/tidb/store/tikv/kv.go:338: 
/home/jenkins/workspace/build_tidb_master/go/src/github.com/pingcap/tidb/kv/txn.go:38: 
/home/jenkins/workspace/build_tidb_master/go/src/github.com/pingcap/tidb/ddl/ddl_worker.go:223: 
2017/12/19 06:46:38.659 client.go:391: [error] [pd] getTS error: rpc error: code = Unknown desc = rpc error: code = Unavailable desc = not leader
2017/12/19 06:46:38.953 backoff.go:211: [warning] backoffer.maxSleep 5000ms is exceeded, errors:
get timestamp failed: rpc error: code = Unknown desc = rpc error: code = Unavailable desc = not leader
get timestamp failed: rpc error: code = Unknown desc = rpc error: code = Unavailable desc = not leader
get timestamp failed: rpc error: code = Unknown desc = rpc error: code = Unavailable desc = not leader
2017/12/19 06:46:38.953 2pc.go:612: [warning] 2PC get commitTS failed: [tikv:9001]PD server timeout[try again later], tid: 396798458055622664
2017/12/19 06:46:38.953 session.go:291: [warning] [1] retryable error: [tikv:9001]PD server timeout[try again later], txn: <nil>
2017/12/19 06:46:38.953 session.go:424: [warning] [1] Retry [0] query [0] UPDATE storage SET value = 7117 WHERE id = 'key1'
2017/12/19 06:46:38.957 2pc.go:577: [info] 2PC clean up done, tid: 396798458055622664
2017/12/19 06:46:38.969 backoff.go:211: [warning] backoffer.maxSleep 5000ms is exceeded, errors:
get timestamp failed: rpc error: code = Unknown desc = rpc error: code = Unavailable desc = not leader
get timestamp failed: rpc error: code = Unknown desc = rpc error: code = Unavailable desc = not leader
get timestamp failed: rpc error: code = Unknown desc = rpc error: code = Unavailable desc = not leader
2017/12/19 06:46:38.969 tidb.go:169: [info] RollbackTxn for ddl/autocommit error.
2017/12/19 06:46:38.969 session.go:674: [warning] [0] session error:
/home/jenkins/workspace/build_tidb_master/go/src/github.com/pingcap/tidb/store/tikv/backoff.go:131: [tikv:9001]PD server timeout[try again later]
/home/jenkins/workspace/build_tidb_master/go/src/github.com/pingcap/tidb/store/tikv/kv.go:400: 
/home/jenkins/workspace/build_tidb_master/go/src/github.com/pingcap/tidb/store/tikv/txn.go:49: 
/home/jenkins/workspace/build_tidb_master/go/src/github.com/pingcap/tidb/store/tikv/kv.go:338: 
/home/jenkins/workspace/build_tidb_master/go/src/github.com/pingcap/tidb/session.go:1260: 
/home/jenkins/workspace/build_tidb_master/go/src/github.com/pingcap/tidb/executor/adapter.go:310: 
/home/jenkins/workspace/build_tidb_master/go/src/github.com/pingcap/tidb/executor/adapter.go:211: 
/home/jenkins/workspace/build_tidb_master/go/src/github.com/pingcap/tidb/tidb.go:176: 
{
  "currDBName": "",
  "id": 0,
  "status": 2,
  "strictMode": true,
  "user": null
}
2017/12/19 06:46:38.969 domain.go:623: [error] [stats] update stats info fail: /home/jenkins/workspace/build_tidb_master/go/src/github.com/pingcap/tidb/store/tikv/backoff.go:131: [tikv:9001]PD server timeout[try again later]
/home/jenkins/workspace/build_tidb_master/go/src/github.com/pingcap/tidb/store/tikv/kv.go:400: 
/home/jenkins/workspace/build_tidb_master/go/src/github.com/pingcap/tidb/store/tikv/txn.go:49: 
/home/jenkins/workspace/build_tidb_master/go/src/github.com/pingcap/tidb/store/tikv/kv.go:338: 
/home/jenkins/workspace/build_tidb_master/go/src/github.com/pingcap/tidb/session.go:1260: 
/home/jenkins/workspace/build_tidb_master/go/src/github.com/pingcap/tidb/executor/adapter.go:310: 
/home/jenkins/workspace/build_tidb_master/go/src/github.com/pingcap/tidb/executor/adapter.go:211: 
/home/jenkins/workspace/build_tidb_master/go/src/github.com/pingcap/tidb/tidb.go:176: 
/home/jenkins/workspace/build_tidb_master/go/src/github.com/pingcap/tidb/session.go:676: 
/home/jenkins/workspace/build_tidb_master/go/src/github.com/pingcap/tidb/session.go:760: 
/home/jenkins/workspace/build_tidb_master/go/src/github.com/pingcap/tidb/session.go:493: 
/home/jenkins/workspace/build_tidb_master/go/src/github.com/pingcap/tidb/statistics/handle.go:96: 
2017/12/19 06:46:38.983 client.go:297: [error] [pd] failed updateLeader: failed to get leader from [http://10.0.0.10:2579 http://10.0.0.8:2379 http://10.0.0.9:2479]
2017/12/19 06:47:35.882 coprocessor.go:379: [info] [TIME_COP_TASK] 17.257136842s backoff(17200ms [regionMiss regionMiss regionMiss regionMiss regionMiss regionMiss regionMiss regionMiss regionMiss regionMiss regionMiss regionMiss regionMiss regionMiss regionMiss regionMiss regionMiss regionMiss regionMiss regionMiss regionMiss regionMiss regionMiss regionMiss regionMiss regionMiss regionMiss regionMiss regionMiss regionMiss regionMiss regionMiss regionMiss regionMiss regionMiss regionMiss]) region(22 2 10) ranges(1) store()
2017/12/19 06:47:46.110 coprocessor.go:379: [info] [TIME_COP_TASK] 18.263409921s backoff(18200ms [regionMiss regionMiss regionMiss regionMiss regionMiss regionMiss regionMiss regionMiss regionMiss regionMiss regionMiss regionMiss regionMiss regionMiss regionMiss regionMiss regionMiss regionMiss regionMiss regionMiss regionMiss regionMiss regionMiss regionMiss regionMiss regionMiss regionMiss regionMiss regionMiss regionMiss regionMiss regionMiss regionMiss regionMiss regionMiss regionMiss regionMiss regionMiss]) region(18 3 8) ranges(1) store()
2017/12/19 06:48:00.590 server.go:297: [info] [1] close connection
2017/12/19 06:48:09.783 main.go:405: [info] Got signal [2] to exit.
2017/12/19 06:48:09.786 delete_range.go:105: [info] [ddl] closing delRange session pool
2017/12/19 06:48:09.786 ddl.go:331: [info] close DDL:dde38448-e827-48fb-8062-f946a5a57871
2017/12/19 06:48:09.786 ddl.go:300: [info] stop DDL:dde38448-e827-48fb-8062-f946a5a57871
2017/12/19 06:48:09.786 manager.go:214: [info] [ddl] /tidb/ddl/fg/owner ownerManager dde38448-e827-48fb-8062-f946a5a57871 break campaign loop, revoke err <nil>
2017/12/19 06:48:09.787 manager.go:166: [info] [stats] /tidb/stats/owner ownerManager dde38448-e827-48fb-8062-f946a5a57871 etcd session is done, creates a new one
2017/12/19 06:48:09.787 manager.go:140: [warning] [stats] /tidb/stats/owner ownerManager dde38448-e827-48fb-8062-f946a5a57871 failed to new session, err grpc: the client connection is closing
2017/12/19 06:48:09.787 gc_worker.go:139: [info] [gc worker] (581b60d13b80009) quit.
